#
# There is insufficient memory for the Java Runtime Environment to continue.
# Native memory allocation (malloc) failed to allocate 674576 bytes for Chunk::new
# Possible reasons:
#   The system is out of physical RAM or swap space
#   The process is running with CompressedOops enabled, and the Java Heap may be blocking the growth of the native heap
# Possible solutions:
#   Reduce memory load on the system
#   Increase physical memory or swap space
#   Check if swap backing store is full
#   Decrease Java heap size (-Xmx/-Xms)
#   Decrease number of Java threads
#   Decrease Java thread stack sizes (-Xss)
#   Set larger code cache with -XX:ReservedCodeCacheSize=
#   JVM is running with Unscaled Compressed Oops mode in which the Java heap is
#     placed in the first 4GB address space. The Java Heap base address is the
#     maximum limit for the native heap growth. Please use -XX:HeapBaseMinAddress
#     to set the Java Heap base and to place the Java Heap above 4GB virtual address.
# This output file may be truncated or incomplete.
#
#  Out of Memory Error (allocation.cpp:389), pid=49724, tid=0x000000000000c36c
#
# JRE version: Java(TM) SE Runtime Environment (8.0_211-b12) (build 1.8.0_211-b12)
# Java VM: Java HotSpot(TM) 64-Bit Server VM (25.211-b12 mixed mode windows-amd64 compressed oops)
# Failed to write core dump. Minidumps are not enabled by default on client versions of Windows
#

---------------  T H R E A D  ---------------

Current thread (0x00000000178fb000):  JavaThread "C2 CompilerThread1" daemon [_thread_in_native, id=50028, stack(0x0000000019320000,0x0000000019420000)]

Stack: [0x0000000019320000,0x0000000019420000]
[error occurred during error reporting (printing stack bounds), id 0xc0000005]

Native frames: (J=compiled Java code, j=interpreted, Vv=VM code, C=native code)


Current CompileTask:
C2:  96370 5722       4       java.io.WinNTFileSystem::normalize (143 bytes)


---------------  P R O C E S S  ---------------

Java Threads: ( => current thread )
  0x000000001e7b5000 JavaThread "DiscoveryClient-HeartbeatExecutor-0" daemon [_thread_blocked, id=51120, stack(0x00000000238c0000,0x00000000239c0000)]
  0x000000001e7b2000 JavaThread "DiscoveryClient-CacheRefreshExecutor-0" daemon [_thread_blocked, id=49180, stack(0x00000000237c0000,0x00000000238c0000)]
  0x000000001e7b9000 JavaThread "DestroyJavaVM" [_thread_blocked, id=22700, stack(0x0000000002b90000,0x0000000002c90000)]
  0x000000001e7aa800 JavaThread "http-nio-80-Acceptor-0" daemon [_thread_in_native, id=50868, stack(0x00000000236c0000,0x00000000237c0000)]
  0x000000001e7b1800 JavaThread "http-nio-80-ClientPoller-1" daemon [_thread_in_native, id=47784, stack(0x00000000235c0000,0x00000000236c0000)]
  0x000000001e7b0800 JavaThread "http-nio-80-ClientPoller-0" daemon [_thread_in_native, id=49896, stack(0x00000000234c0000,0x00000000235c0000)]
  0x000000001e7ad000 JavaThread "http-nio-80-exec-10" daemon [_thread_blocked, id=39972, stack(0x00000000233c0000,0x00000000234c0000)]
  0x000000001e7ae800 JavaThread "http-nio-80-exec-9" daemon [_thread_blocked, id=48752, stack(0x00000000232c0000,0x00000000233c0000)]
  0x000000001e7ac000 JavaThread "http-nio-80-exec-8" daemon [_thread_blocked, id=48248, stack(0x00000000231c0000,0x00000000232c0000)]
  0x000000001e7af000 JavaThread "http-nio-80-exec-7" daemon [_thread_blocked, id=48772, stack(0x00000000230c0000,0x00000000231c0000)]
  0x000000001e7aa000 JavaThread "http-nio-80-exec-6" daemon [_thread_blocked, id=50544, stack(0x0000000022fc0000,0x00000000230c0000)]
  0x000000001e7ab800 JavaThread "http-nio-80-exec-5" daemon [_thread_blocked, id=46960, stack(0x0000000022ec0000,0x0000000022fc0000)]
  0x000000001e7ad800 JavaThread "http-nio-80-exec-4" daemon [_thread_blocked, id=50784, stack(0x0000000022dc0000,0x0000000022ec0000)]
  0x000000001e7b0000 JavaThread "http-nio-80-exec-3" daemon [_thread_blocked, id=50928, stack(0x0000000022cc0000,0x0000000022dc0000)]
  0x0000000018e00800 JavaThread "http-nio-80-exec-2" daemon [_thread_blocked, id=48964, stack(0x0000000022bc0000,0x0000000022cc0000)]
  0x0000000018e00000 JavaThread "http-nio-80-exec-1" daemon [_thread_in_vm, id=45648, stack(0x0000000022860000,0x0000000022960000)]
  0x0000000018dff000 JavaThread "NioBlockingSelector.BlockPoller-1" daemon [_thread_in_native, id=50720, stack(0x0000000022760000,0x0000000022860000)]
  0x0000000018dfd000 JavaThread "DiscoveryClient-InstanceInfoReplicator-0" daemon [_thread_blocked, id=50352, stack(0x00000000223f0000,0x00000000224f0000)]
  0x0000000018dfe800 JavaThread "DiscoveryClient-1" daemon [_thread_blocked, id=46184, stack(0x00000000221b0000,0x00000000222b0000)]
  0x0000000018e03800 JavaThread "DiscoveryClient-0" daemon [_thread_blocked, id=47952, stack(0x00000000220b0000,0x00000000221b0000)]
  0x0000000018e01800 JavaThread "AsyncResolver-bootstrap-0" daemon [_thread_blocked, id=49508, stack(0x0000000021d10000,0x0000000021e10000)]
  0x0000000018e03000 JavaThread "Eureka-JerseyClient-Conn-Cleaner2" daemon [_thread_blocked, id=49572, stack(0x00000000222f0000,0x00000000223f0000)]
  0x0000000018e02000 JavaThread "File Watcher" daemon [_thread_blocked, id=51124, stack(0x0000000021310000,0x0000000021410000)]
  0x0000000018dfd800 JavaThread "Live Reload Server" daemon [_thread_in_native, id=49116, stack(0x0000000021410000,0x0000000021510000)]
  0x000000001a972000 JavaThread "SimplePauseDetectorThread_0" daemon [_thread_blocked, id=50360, stack(0x0000000021210000,0x0000000021310000)]
  0x000000001d0ac800 JavaThread "Thread-8" daemon [_thread_blocked, id=36992, stack(0x0000000021110000,0x0000000021210000)]
  0x000000001bd4d000 JavaThread "container-0" [_thread_blocked, id=50296, stack(0x0000000021010000,0x0000000021110000)]
  0x000000001a10e000 JavaThread "Catalina-utility-2" [_thread_blocked, id=50348, stack(0x0000000020f10000,0x0000000021010000)]
  0x000000001a974800 JavaThread "Catalina-utility-1" [_thread_blocked, id=50900, stack(0x000000001f810000,0x000000001f910000)]
  0x000000001aa9b800 JavaThread "spring.cloud.inetutils" daemon [_thread_blocked, id=44088, stack(0x000000001b1a0000,0x000000001b2a0000)]
  0x000000001792e800 JavaThread "Service Thread" daemon [_thread_blocked, id=50456, stack(0x0000000019520000,0x0000000019620000)]
  0x000000001790b800 JavaThread "C1 CompilerThread2" daemon [_thread_blocked, id=48436, stack(0x0000000019420000,0x0000000019520000)]
=>0x00000000178fb000 JavaThread "C2 CompilerThread1" daemon [_thread_in_native, id=50028, stack(0x0000000019320000,0x0000000019420000)]
  0x00000000178f8800 JavaThread "C2 CompilerThread0" daemon [_thread_in_native, id=50620, stack(0x0000000019220000,0x0000000019320000)]
  0x00000000178f7000 JavaThread "Attach Listener" daemon [_thread_blocked, id=50916, stack(0x0000000019120000,0x0000000019220000)]
  0x0000000018c63800 JavaThread "Signal Dispatcher" daemon [_thread_blocked, id=49064, stack(0x0000000019020000,0x0000000019120000)]
  0x00000000178bd800 JavaThread "Finalizer" daemon [_thread_blocked, id=48508, stack(0x0000000018b20000,0x0000000018c20000)]
  0x0000000002d87000 JavaThread "Reference Handler" daemon [_thread_blocked, id=49256, stack(0x0000000018a20000,0x0000000018b20000)]

Other Threads:
  0x0000000017897800 VMThread [stack: 0x0000000018920000,0x0000000018a20000] [id=39892]
  0x0000000018d0d800 WatcherThread [stack: 0x0000000019620000,0x0000000019720000] [id=51060]

VM state:not at safepoint (normal execution)

VM Mutex/Monitor currently owned by a thread: None

heap address: 0x0000000081a00000, size: 2022 MB, Compressed Oops mode: 32-bit
Narrow klass base: 0x0000000000000000, Narrow klass shift: 3
Compressed class space size: 1073741824 Address: 0x0000000100000000

Heap:
 PSYoungGen      total 182272K, used 117289K [0x00000000d5e00000, 0x00000000e2e00000, 0x0000000100000000)
  eden space 167424K, 61% used [0x00000000d5e00000,0x00000000dc210b48,0x00000000e0180000)
  from space 14848K, 99% used [0x00000000e1380000,0x00000000e21f9bd8,0x00000000e2200000)
  to   space 18432K, 0% used [0x00000000e0180000,0x00000000e0180000,0x00000000e1380000)
 ParOldGen       total 112640K, used 23301K [0x0000000081a00000, 0x0000000088800000, 0x00000000d5e00000)
  object space 112640K, 20% used [0x0000000081a00000,0x00000000830c1688,0x0000000088800000)
 Metaspace       used 53491K, capacity 56042K, committed 56152K, reserved 1097728K
  class space    used 7050K, capacity 7509K, committed 7552K, reserved 1048576K

Card table byte_map: [0x0000000012150000,0x0000000012550000] byte_map_base: 0x0000000011d43000

Marking Bits: (ParMarkBitMap*) 0x0000000075415ce0
 Begin Bits: [0x0000000012c00000, 0x0000000014b98000)
 End Bits:   [0x0000000014b98000, 0x0000000016b30000)

Polling page: 0x0000000000de0000

CodeCache: size=245760Kb used=16857Kb max_used=17984Kb free=228902Kb
 bounds [0x0000000002d90000, 0x0000000003f70000, 0x0000000011d90000]
 total_blobs=5328 nmethods=4820 adapters=420
 compilation: enabled

Compilation events (10 events):
Event: 96.246 Thread 0x000000001790b800 nmethod 5719 0x000000000329f7d0 code [0x000000000329f960, 0x000000000329fe28]
Event: 96.272 Thread 0x000000001790b800 5720       3       java.nio.HeapByteBuffer::put (17 bytes)
Event: 96.272 Thread 0x00000000178f8800 nmethod 5717 0x0000000003053fd0 code [0x00000000030541a0, 0x00000000030550b8]
Event: 96.272 Thread 0x000000001790b800 nmethod 5720 0x000000000329f250 code [0x000000000329f3c0, 0x000000000329f650]
Event: 96.285 Thread 0x000000001790b800 5721       1       java.util.Calendar::getZone (5 bytes)
Event: 96.285 Thread 0x000000001790b800 nmethod 5721 0x000000000329ef90 code [0x000000000329f0e0, 0x000000000329f1f0]
Event: 96.286 Thread 0x00000000178fb000 5722       4       java.io.WinNTFileSystem::normalize (143 bytes)
Event: 96.346 Thread 0x00000000178f8800 5723       4       sun.misc.URLClassPath$JarLoader$2::getContentLength (9 bytes)
Event: 96.347 Thread 0x00000000178f8800 nmethod 5723 0x0000000002f7a210 code [0x0000000002f7a340, 0x0000000002f7a3b8]
Event: 96.347 Thread 0x00000000178f8800 5724       4       sun.misc.URLClassPath$JarLoader$2::getCodeSigners (8 bytes)

GC Heap History (10 events):
Event: 5.824 GC heap before
{Heap before GC invocations=6 (full 1):
 PSYoungGen      total 99328K, used 99313K [0x00000000d5e00000, 0x00000000dea00000, 0x0000000100000000)
  eden space 94208K, 100% used [0x00000000d5e00000,0x00000000dba00000,0x00000000dba00000)
  from space 5120K, 99% used [0x00000000de500000,0x00000000de9fc550,0x00000000dea00000)
  to   space 5120K, 0% used [0x00000000de000000,0x00000000de000000,0x00000000de500000)
 ParOldGen       total 70656K, used 13248K [0x0000000081a00000, 0x0000000085f00000, 0x00000000d5e00000)
  object space 70656K, 18% used [0x0000000081a00000,0x00000000826f02d0,0x0000000085f00000)
 Metaspace       used 29112K, capacity 30148K, committed 30464K, reserved 1075200K
  class space    used 3769K, capacity 3992K, committed 4096K, reserved 1048576K
Event: 5.838 GC heap after
Heap after GC invocations=6 (full 1):
 PSYoungGen      total 135168K, used 5108K [0x00000000d5e00000, 0x00000000df700000, 0x0000000100000000)
  eden space 130048K, 0% used [0x00000000d5e00000,0x00000000d5e00000,0x00000000ddd00000)
  from space 5120K, 99% used [0x00000000de000000,0x00000000de4fd030,0x00000000de500000)
  to   space 13312K, 0% used [0x00000000dea00000,0x00000000dea00000,0x00000000df700000)
 ParOldGen       total 70656K, used 19087K [0x0000000081a00000, 0x0000000085f00000, 0x00000000d5e00000)
  object space 70656K, 27% used [0x0000000081a00000,0x0000000082ca3ee8,0x0000000085f00000)
 Metaspace       used 29112K, capacity 30148K, committed 30464K, reserved 1075200K
  class space    used 3769K, capacity 3992K, committed 4096K, reserved 1048576K
}
Event: 7.671 GC heap before
{Heap before GC invocations=7 (full 1):
 PSYoungGen      total 135168K, used 81662K [0x00000000d5e00000, 0x00000000df700000, 0x0000000100000000)
  eden space 130048K, 58% used [0x00000000d5e00000,0x00000000da8c2ac0,0x00000000ddd00000)
  from space 5120K, 99% used [0x00000000de000000,0x00000000de4fd030,0x00000000de500000)
  to   space 13312K, 0% used [0x00000000dea00000,0x00000000dea00000,0x00000000df700000)
 ParOldGen       total 70656K, used 19087K [0x0000000081a00000, 0x0000000085f00000, 0x00000000d5e00000)
  object space 70656K, 27% used [0x0000000081a00000,0x0000000082ca3ee8,0x0000000085f00000)
 Metaspace       used 33954K, capacity 35384K, committed 35416K, reserved 1079296K
  class space    used 4400K, capacity 4728K, committed 4736K, reserved 1048576K
Event: 7.684 GC heap after
Heap after GC invocations=7 (full 1):
 PSYoungGen      total 141312K, used 13283K [0x00000000d5e00000, 0x00000000e2880000, 0x0000000100000000)
  eden space 128000K, 0% used [0x00000000d5e00000,0x00000000d5e00000,0x00000000ddb00000)
  from space 13312K, 99% used [0x00000000dea00000,0x00000000df6f8f78,0x00000000df700000)
  to   space 15360K, 0% used [0x00000000ddb00000,0x00000000ddb00000,0x00000000dea00000)
 ParOldGen       total 70656K, used 19558K [0x0000000081a00000, 0x0000000085f00000, 0x00000000d5e00000)
  object space 70656K, 27% used [0x0000000081a00000,0x0000000082d19a88,0x0000000085f00000)
 Metaspace       used 33954K, capacity 35384K, committed 35416K, reserved 1079296K
  class space    used 4400K, capacity 4728K, committed 4736K, reserved 1048576K
}
Event: 7.684 GC heap before
{Heap before GC invocations=8 (full 2):
 PSYoungGen      total 141312K, used 13283K [0x00000000d5e00000, 0x00000000e2880000, 0x0000000100000000)
  eden space 128000K, 0% used [0x00000000d5e00000,0x00000000d5e00000,0x00000000ddb00000)
  from space 13312K, 99% used [0x00000000dea00000,0x00000000df6f8f78,0x00000000df700000)
  to   space 15360K, 0% used [0x00000000ddb00000,0x00000000ddb00000,0x00000000dea00000)
 ParOldGen       total 70656K, used 19558K [0x0000000081a00000, 0x0000000085f00000, 0x00000000d5e00000)
  object space 70656K, 27% used [0x0000000081a00000,0x0000000082d19a88,0x0000000085f00000)
 Metaspace       used 33954K, capacity 35384K, committed 35416K, reserved 1079296K
  class space    used 4400K, capacity 4728K, committed 4736K, reserved 1048576K
Event: 7.791 GC heap after
Heap after GC invocations=8 (full 2):
 PSYoungGen      total 141312K, used 0K [0x00000000d5e00000, 0x00000000e2880000, 0x0000000100000000)
  eden space 128000K, 0% used [0x00000000d5e00000,0x00000000d5e00000,0x00000000ddb00000)
  from space 13312K, 0% used [0x00000000dea00000,0x00000000dea00000,0x00000000df700000)
  to   space 15360K, 0% used [0x00000000ddb00000,0x00000000ddb00000,0x00000000dea00000)
 ParOldGen       total 112640K, used 19795K [0x0000000081a00000, 0x0000000088800000, 0x00000000d5e00000)
  object space 112640K, 17% used [0x0000000081a00000,0x0000000082d54e88,0x0000000088800000)
 Metaspace       used 33954K, capacity 35384K, committed 35416K, reserved 1079296K
  class space    used 4400K, capacity 4728K, committed 4736K, reserved 1048576K
}
Event: 10.144 GC heap before
{Heap before GC invocations=9 (full 2):
 PSYoungGen      total 141312K, used 128000K [0x00000000d5e00000, 0x00000000e2880000, 0x0000000100000000)
  eden space 128000K, 100% used [0x00000000d5e00000,0x00000000ddb00000,0x00000000ddb00000)
  from space 13312K, 0% used [0x00000000dea00000,0x00000000dea00000,0x00000000df700000)
  to   space 15360K, 0% used [0x00000000ddb00000,0x00000000ddb00000,0x00000000dea00000)
 ParOldGen       total 112640K, used 19795K [0x0000000081a00000, 0x0000000088800000, 0x00000000d5e00000)
  object space 112640K, 17% used [0x0000000081a00000,0x0000000082d54e88,0x0000000088800000)
 Metaspace       used 39350K, capacity 41022K, committed 41304K, reserved 1085440K
  class space    used 5086K, capacity 5431K, committed 5504K, reserved 1048576K
Event: 10.160 GC heap after
Heap after GC invocations=9 (full 2):
 PSYoungGen      total 143360K, used 10287K [0x00000000d5e00000, 0x00000000e2200000, 0x0000000100000000)
  eden space 128000K, 0% used [0x00000000d5e00000,0x00000000d5e00000,0x00000000ddb00000)
  from space 15360K, 66% used [0x00000000ddb00000,0x00000000de50bd78,0x00000000dea00000)
  to   space 14848K, 0% used [0x00000000e1380000,0x00000000e1380000,0x00000000e2200000)
 ParOldGen       total 112640K, used 19803K [0x0000000081a00000, 0x0000000088800000, 0x00000000d5e00000)
  object space 112640K, 17% used [0x0000000081a00000,0x0000000082d56e88,0x0000000088800000)
 Metaspace       used 39350K, capacity 41022K, committed 41304K, reserved 1085440K
  class space    used 5086K, capacity 5431K, committed 5504K, reserved 1048576K
}
Event: 12.685 GC heap before
{Heap before GC invocations=10 (full 2):
 PSYoungGen      total 143360K, used 138287K [0x00000000d5e00000, 0x00000000e2200000, 0x0000000100000000)
  eden space 128000K, 100% used [0x00000000d5e00000,0x00000000ddb00000,0x00000000ddb00000)
  from space 15360K, 66% used [0x00000000ddb00000,0x00000000de50bd78,0x00000000dea00000)
  to   space 14848K, 0% used [0x00000000e1380000,0x00000000e1380000,0x00000000e2200000)
 ParOldGen       total 112640K, used 19803K [0x0000000081a00000, 0x0000000088800000, 0x00000000d5e00000)
  object space 112640K, 17% used [0x0000000081a00000,0x0000000082d56e88,0x0000000088800000)
 Metaspace       used 46644K, capacity 48932K, committed 49240K, reserved 1091584K
  class space    used 6051K, capacity 6470K, committed 6528K, reserved 1048576K
Event: 12.728 GC heap after
Heap after GC invocations=10 (full 2):
 PSYoungGen      total 182272K, used 14822K [0x00000000d5e00000, 0x00000000e2e00000, 0x0000000100000000)
  eden space 167424K, 0% used [0x00000000d5e00000,0x00000000d5e00000,0x00000000e0180000)
  from space 14848K, 99% used [0x00000000e1380000,0x00000000e21f9bd8,0x00000000e2200000)
  to   space 18432K, 0% used [0x00000000e0180000,0x00000000e0180000,0x00000000e1380000)
 ParOldGen       total 112640K, used 23301K [0x0000000081a00000, 0x0000000088800000, 0x00000000d5e00000)
  object space 112640K, 20% used [0x0000000081a00000,0x00000000830c1688,0x0000000088800000)
 Metaspace       used 46644K, capacity 48932K, committed 49240K, reserved 1091584K
  class space    used 6051K, capacity 6470K, committed 6528K, reserved 1048576K
}

Deoptimization events (10 events):
Event: 12.746 Thread 0x000000001a474000 Uncommon trap: reason=unstable_if action=reinterpret pc=0x000000000351d5d8 method=java.util.concurrent.ConcurrentHashMap.putVal(Ljava/lang/Object;Ljava/lang/Object;Z)Ljava/lang/Object; @ 195
Event: 12.765 Thread 0x000000001a474000 Uncommon trap: reason=unstable_if action=reinterpret pc=0x00000000031ddb64 method=java.util.concurrent.ConcurrentHashMap.transfer([Ljava/util/concurrent/ConcurrentHashMap$Node;[Ljava/util/concurrent/ConcurrentHashMap$Node;)V @ 356
Event: 12.901 Thread 0x000000001a474000 Uncommon trap: reason=unstable_if action=reinterpret pc=0x0000000003cb02c8 method=java.lang.Class.arrayContentsEq([Ljava/lang/Object;[Ljava/lang/Object;)Z @ 1
Event: 13.059 Thread 0x000000001a474000 Uncommon trap: reason=bimorphic action=maybe_recompile pc=0x00000000037ee208 method=java.util.regex.Pattern$CharProperty.match(Ljava/util/regex/Matcher;ILjava/lang/CharSequence;)Z @ 37
Event: 13.059 Thread 0x000000001a474000 Uncommon trap: reason=bimorphic action=maybe_recompile pc=0x00000000037ee208 method=java.util.regex.Pattern$CharProperty.match(Ljava/util/regex/Matcher;ILjava/lang/CharSequence;)Z @ 37
Event: 13.126 Thread 0x000000001a474000 Uncommon trap: reason=unstable_if action=reinterpret pc=0x0000000003ce7ce4 method=java.util.ArrayList.indexOf(Ljava/lang/Object;)I @ 1
Event: 13.980 Thread 0x000000001a474000 Uncommon trap: reason=class_check action=maybe_recompile pc=0x0000000003cc659c method=java.util.HashMap.computeIfAbsent(Ljava/lang/Object;Ljava/util/function/Function;)Ljava/lang/Object; @ 263
Event: 13.980 Thread 0x000000001a474000 Uncommon trap: reason=class_check action=maybe_recompile pc=0x0000000003cc659c method=java.util.HashMap.computeIfAbsent(Ljava/lang/Object;Ljava/util/function/Function;)Ljava/lang/Object; @ 263
Event: 14.006 Thread 0x000000001a474000 Uncommon trap: reason=class_check action=maybe_recompile pc=0x0000000003e353fc method=org.springframework.core.ResolvableType.resolveType()Lorg/springframework/core/ResolvableType; @ 45
Event: 14.055 Thread 0x0000000018dfd000 Uncommon trap: reason=unstable_if action=reinterpret pc=0x00000000034bcd2c method=java.util.concurrent.ConcurrentHashMap.get(Ljava/lang/Object;)Ljava/lang/Object; @ 76

Classes redefined (0 events):
No events

Internal exceptions (10 events):
Event: 12.901 Thread 0x000000001a474000 Implicit null exception at 0x0000000003cb002a to 0x0000000003cb029d
Event: 13.126 Thread 0x000000001a474000 Implicit null exception at 0x0000000003ce7ad6 to 0x0000000003ce7cce
Event: 13.223 Thread 0x000000001a474000 Exception <a 'java/lang/NoClassDefFoundError': javax/mail/MessagingException> (0x00000000d8447b60) thrown at [C:\re\workspace\8-2-build-windows-amd64-cygwin\jdk8u211\12973\hotspot\src\share\vm\classfile\systemDictionary.cpp, line 199]
Event: 13.283 Thread 0x000000001a474000 Exception <a 'java/lang/NoClassDefFoundError': javax/mail/MessagingException> (0x00000000d8c1c700) thrown at [C:\re\workspace\8-2-build-windows-amd64-cygwin\jdk8u211\12973\hotspot\src\share\vm\classfile\systemDictionary.cpp, line 199]
Event: 14.030 Thread 0x0000000018dfd000 Exception <a 'java/net/SocketTimeoutException': Read timed out> (0x00000000da863ae0) thrown at [C:\re\workspace\8-2-build-windows-amd64-cygwin\jdk8u211\12973\hotspot\src\share\vm\prims\jni.cpp, line 736]
Event: 43.993 Thread 0x000000001e7b2000 Exception <a 'java/net/SocketTimeoutException': Read timed out> (0x00000000db8d6240) thrown at [C:\re\workspace\8-2-build-windows-amd64-cygwin\jdk8u211\12973\hotspot\src\share\vm\prims\jni.cpp, line 736]
Event: 43.999 Thread 0x000000001e7b5000 Exception <a 'java/net/SocketTimeoutException': Read timed out> (0x00000000dba2ee50) thrown at [C:\re\workspace\8-2-build-windows-amd64-cygwin\jdk8u211\12973\hotspot\src\share\vm\prims\jni.cpp, line 736]
Event: 74.004 Thread 0x000000001e7b2000 Exception <a 'java/net/SocketTimeoutException': Read timed out> (0x00000000db8f02a0) thrown at [C:\re\workspace\8-2-build-windows-amd64-cygwin\jdk8u211\12973\hotspot\src\share\vm\prims\jni.cpp, line 736]
Event: 96.284 Thread 0x0000000018e00000 Exception <a 'java/lang/ArrayIndexOutOfBoundsException': -1> (0x00000000dc0308b0) thrown at [C:\re\workspace\8-2-build-windows-amd64-cygwin\jdk8u211\12973\hotspot\src\share\vm\interpreter\interpreterRuntime.cpp, line 368]
Event: 96.284 Thread 0x0000000018e00000 Exception <a 'java/lang/ArrayIndexOutOfBoundsException': -1> (0x00000000dc030ae8) thrown at [C:\re\workspace\8-2-build-windows-amd64-cygwin\jdk8u211\12973\hotspot\src\share\vm\interpreter\interpreterRuntime.cpp, line 368]

Events (10 events):
Event: 96.364 loading class org/apache/catalina/authenticator/jaspic/LocalStrings_zh_CN
Event: 96.364 loading class org/apache/catalina/authenticator/jaspic/LocalStrings_zh_CN done
Event: 96.364 loading class org/apache/catalina/authenticator/jaspic/LocalStrings_zh_Hans
Event: 96.364 loading class org/apache/catalina/authenticator/jaspic/LocalStrings_zh_Hans done
Event: 96.365 loading class org/apache/catalina/authenticator/jaspic/LocalStrings_zh_Hans_CN
Event: 96.365 loading class org/apache/catalina/authenticator/jaspic/LocalStrings_zh_Hans_CN done
Event: 96.366 loading class org/apache/coyote/ActionCode
Event: 96.366 loading class org/apache/coyote/ActionCode done
Event: 96.367 loading class org/apache/coyote/AbstractProcessor$1
Event: 96.367 loading class org/apache/coyote/AbstractProcessor$1 done


Dynamic libraries:
0x00007ff6da260000 - 0x00007ff6da297000 	D:\java\jdk1.8.0_211\bin\javaw.exe
0x00007ffbbe800000 - 0x00007ffbbe9f0000 	C:\Windows\SYSTEM32\ntdll.dll
0x00007ffbbc920000 - 0x00007ffbbc9d2000 	C:\Windows\System32\KERNEL32.DLL
0x00007ffbbb890000 - 0x00007ffbbbb32000 	C:\Windows\System32\KERNELBASE.dll
0x00007ffbbd730000 - 0x00007ffbbd7d3000 	C:\Windows\System32\ADVAPI32.dll
0x00007ffbbdb60000 - 0x00007ffbbdbfe000 	C:\Windows\System32\msvcrt.dll
0x00007ffbbdc00000 - 0x00007ffbbdc97000 	C:\Windows\System32\sechost.dll
0x00007ffbbcc30000 - 0x00007ffbbcd50000 	C:\Windows\System32\RPCRT4.dll
0x00007ffbbd1c0000 - 0x00007ffbbd353000 	C:\Windows\System32\USER32.dll
0x00007ffbbc4c0000 - 0x00007ffbbc4e1000 	C:\Windows\System32\win32u.dll
0x00007ffbbe790000 - 0x00007ffbbe7b6000 	C:\Windows\System32\GDI32.dll
0x00007ffbbc2c0000 - 0x00007ffbbc454000 	C:\Windows\System32\gdi32full.dll
0x00007ffbbc790000 - 0x00007ffbbc82e000 	C:\Windows\System32\msvcp_win.dll
0x00007ffbbb790000 - 0x00007ffbbb88a000 	C:\Windows\System32\ucrtbase.dll
0x00007ffbb2a00000 - 0x00007ffbb2c85000 	C:\Windows\WinSxS\amd64_microsoft.windows.common-controls_6595b64144ccf1df_6.0.18362.86_none_a143621e519dc228\COMCTL32.dll
0x00007ffbbd370000 - 0x00007ffbbd6a6000 	C:\Windows\System32\combase.dll
0x00007ffbbc830000 - 0x00007ffbbc8b1000 	C:\Windows\System32\bcryptPrimitives.dll
0x00007ffbbdca0000 - 0x00007ffbbdcce000 	C:\Windows\System32\IMM32.DLL
0x00007ffbba270000 - 0x00007ffbba38b000 	C:\Windows\SYSTEM32\mvshookg_x64.dll
0x00007ffbbe560000 - 0x00007ffbbe6b6000 	C:\Windows\System32\ole32.dll
0x00007ffbbda10000 - 0x00007ffbbdadf000 	C:\Windows\System32\comdlg32.dll
0x00007ffbbcab0000 - 0x00007ffbbcb59000 	C:\Windows\System32\shcore.dll
0x00007ffbbc8c0000 - 0x00007ffbbc912000 	C:\Windows\System32\SHLWAPI.dll
0x00007ffbbdcd0000 - 0x00007ffbbe3b0000 	C:\Windows\System32\SHELL32.dll
0x00007ffbbc640000 - 0x00007ffbbc68a000 	C:\Windows\System32\cfgmgr32.dll
0x00007ffbbbb40000 - 0x00007ffbbc2bb000 	C:\Windows\System32\windows.storage.dll
0x00007ffbbb770000 - 0x00007ffbbb78f000 	C:\Windows\System32\profapi.dll
0x00007ffbbb700000 - 0x00007ffbbb74a000 	C:\Windows\System32\powrprof.dll
0x00007ffbbb6d0000 - 0x00007ffbbb6e0000 	C:\Windows\System32\UMPDC.dll
0x00007ffbbb6e0000 - 0x00007ffbbb6f1000 	C:\Windows\System32\kernel.appcore.dll
0x00007ffbbc690000 - 0x00007ffbbc6a7000 	C:\Windows\System32\cryptsp.dll
0x00007ffbbdae0000 - 0x00007ffbbdae8000 	C:\Windows\System32\psapi.dll
0x00007ffbba1a0000 - 0x00007ffbba1b7000 	C:\Windows\SYSTEM32\NETAPI32.dll
0x00007ffbba170000 - 0x00007ffbba196000 	C:\Windows\SYSTEM32\SRVCLI.DLL
0x0000000076d20000 - 0x0000000076df2000 	D:\java\jdk1.8.0_211\jre\bin\msvcr100.dll
0x0000000074bf0000 - 0x0000000075495000 	D:\java\jdk1.8.0_211\jre\bin\server\jvm.dll
0x00007ffbb5200000 - 0x00007ffbb5209000 	C:\Windows\SYSTEM32\WSOCK32.dll
0x00007ffbbc9e0000 - 0x00007ffbbca4f000 	C:\Windows\System32\WS2_32.dll
0x00007ffbb2890000 - 0x00007ffbb28b4000 	C:\Windows\SYSTEM32\WINMM.dll
0x00007ffbba110000 - 0x00007ffbba11a000 	C:\Windows\SYSTEM32\VERSION.dll
0x00007ffbb2860000 - 0x00007ffbb288d000 	C:\Windows\SYSTEM32\WINMMBASE.dll
0x00007ffbb8270000 - 0x00007ffbb827f000 	D:\java\jdk1.8.0_211\jre\bin\verify.dll
0x00007ffbb2550000 - 0x00007ffbb2579000 	D:\java\jdk1.8.0_211\jre\bin\java.dll
0x00007ffbb7f60000 - 0x00007ffbb7f76000 	D:\java\jdk1.8.0_211\jre\bin\zip.dll
0x00007ffbb5210000 - 0x00007ffbb522a000 	D:\java\jdk1.8.0_211\jre\bin\net.dll
0x00007ffbac250000 - 0x00007ffbac424000 	C:\Windows\SYSTEM32\urlmon.dll
0x00007ffbabfa0000 - 0x00007ffbac246000 	C:\Windows\SYSTEM32\iertutil.dll
0x00007ffbbb110000 - 0x00007ffbbb11c000 	C:\Windows\SYSTEM32\CRYPTBASE.DLL
0x00007ffbbaf40000 - 0x00007ffbbafa7000 	C:\Windows\system32\mswsock.dll
0x00007ffbbaca0000 - 0x00007ffbbacda000 	C:\Windows\SYSTEM32\IPHLPAPI.DLL
0x00007ffbbd360000 - 0x00007ffbbd368000 	C:\Windows\System32\NSI.dll
0x00007ffbb3bd0000 - 0x00007ffbb3be6000 	C:\Windows\SYSTEM32\dhcpcsvc6.DLL
0x00007ffbb3ec0000 - 0x00007ffbb3edc000 	C:\Windows\SYSTEM32\dhcpcsvc.DLL
0x00007ffbbacf0000 - 0x00007ffbbadba000 	C:\Windows\SYSTEM32\DNSAPI.dll
0x00007ffbb02a0000 - 0x00007ffbb02aa000 	C:\Windows\System32\rasadhlp.dll
0x00007ffbb37e0000 - 0x00007ffbb3857000 	C:\Windows\System32\fwpuclnt.dll
0x00007ffbbc760000 - 0x00007ffbbc786000 	C:\Windows\System32\bcrypt.dll
0x00007ffbb8260000 - 0x00007ffbb826d000 	D:\java\jdk1.8.0_211\jre\bin\management.dll
0x00007ffba3c90000 - 0x00007ffba3ca6000 	C:\Windows\system32\napinsp.dll
0x00007ffba3c00000 - 0x00007ffba3c1a000 	C:\Windows\system32\pnrpnsp.dll
0x00007ffba3bf0000 - 0x00007ffba3bfe000 	C:\Windows\System32\winrnr.dll
0x00007ffbb7e20000 - 0x00007ffbb7e3c000 	C:\Windows\system32\NLAapi.dll
0x00007ffbb71d0000 - 0x00007ffbb71e5000 	C:\Windows\system32\wshbth.dll
0x00007ffbb2400000 - 0x00007ffbb2412000 	D:\java\jdk1.8.0_211\jre\bin\nio.dll
0x00007ffbbab00000 - 0x00007ffbbab33000 	C:\Windows\system32\rsaenh.dll
0x00007ffbbb5f0000 - 0x00007ffbbb615000 	C:\Windows\SYSTEM32\USERENV.dll
0x00007ffbb23d0000 - 0x00007ffbb23f4000 	D:\java\jdk1.8.0_211\jre\bin\sunec.dll

VM Arguments:
jvm_args: -Dfile.encoding=utf-8 
java_command: kui.feign_client.FeignClientStarter
java_class_path (initial): E:\git\git\graduation\feign_client\target\classes;D:\mvnRepo\org\springframework\boot\spring-boot-devtools\2.1.3.RELEASE\spring-boot-devtools-2.1.3.RELEASE.jar;D:\mvnRepo\org\springframework\boot\spring-boot\2.1.3.RELEASE\spring-boot-2.1.3.RELEASE.jar;D:\mvnRepo\org\springframework\spring-context\5.1.5.RELEASE\spring-context-5.1.5.RELEASE.jar;D:\mvnRepo\org\springframework\boot\spring-boot-autoconfigure\2.1.3.RELEASE\spring-boot-autoconfigure-2.1.3.RELEASE.jar;D:\mvnRepo\org\springframework\boot\spring-boot-starter-web\2.1.3.RELEASE\spring-boot-starter-web-2.1.3.RELEASE.jar;D:\mvnRepo\org\springframework\boot\spring-boot-starter\2.1.3.RELEASE\spring-boot-starter-2.1.3.RELEASE.jar;D:\mvnRepo\org\springframework\boot\spring-boot-starter-logging\2.1.3.RELEASE\spring-boot-starter-logging-2.1.3.RELEASE.jar;D:\mvnRepo\ch\qos\logback\logback-classic\1.2.3\logback-classic-1.2.3.jar;D:\mvnRepo\ch\qos\logback\logback-core\1.2.3\logback-core-1.2.3.jar;D:\mvnRepo\org\apache\logging\log4j\log4j-to-slf4j\2.11.2\log4j-to-slf4j-2.11.2.jar;D:\mvnRepo\org\apache\logging\log4j\log4j-api\2.11.2\log4j-api-2.11.2.jar;D:\mvnRepo\org\slf4j\jul-to-slf4j\1.7.25\jul-to-slf4j-1.7.25.jar;D:\mvnRepo\javax\annotation\javax.annotation-api\1.3.2\javax.annotation-api-1.3.2.jar;D:\mvnRepo\org\yaml\snakeyaml\1.23\snakeyaml-1.23.jar;D:\mvnRepo\org\springframework\boot\spring-boot-starter-json\2.1.3.RELEASE\spring-boot-starter-json-2.1.3.RELEASE.jar;D:\mvnRepo\com\fasterxml\jackson\core\jackson-databind\2.9.8\jackson-databind-2.9.8.jar;D:\mvnRepo\com\fasterxml\jackson\core\jackson-annotations\2.9.0\jackson-annotations-2.9.0.jar;D:\mvnRepo\com\fasterxml\jackson\core\jackson-core\2.9.8\jackson-core-2.9.8.jar;D:\mvnRepo\com\fasterxml\jackson\datatype\jackson-datatype-jdk8\2.9.8\jackson-datatype-jdk8-2.9.8.jar;D:\mvnRepo\com\fasterxml\jackson\datatype\jackson-datatype-jsr310\2.9.8\jackson-datatype-jsr310-2.9.8.jar;D:\mvnRepo\com\fasterxml\jackson\module\jackson-module-parameter-
Launcher Type: SUN_STANDARD

Environment Variables:
JAVA_HOME=D:\java\jdk1.8.0_211
PATH=D:/java/jre1.8.0_211/bin/server;D:/java/jre1.8.0_211/bin;D:/java/jre1.8.0_211/lib/amd64;C:\Program Files (x86)\Common Files\Oracle\Java\javapath;C:\Windows\system32;C:\Windows;C:\Windows\System32\Wbem;C:\Windows\System32\WindowsPowerShell\v1.0\;C:\Windows\System32\OpenSSH\;D:\db\mysql-8.0.16-winx64\bin;D:\java\jdk1.8.0_211\bin;D:\apache-maven-3.6.1\bin;D:\programFiles\Git\cmd;C:\Users\52822\AppData\Local\Microsoft\WindowsApps;;D:\eclipse-jee-2018-09-win32-x86_64\eclipse;
USERNAME=52822
OS=Windows_NT
PROCESSOR_IDENTIFIER=Intel64 Family 6 Model 78 Stepping 3, GenuineIntel



---------------  S Y S T E M  ---------------

OS: Windows 10.0 , 64 bit Build 18362 (10.0.18362.86)

CPU:total 4 (initial active 4) (2 cores per cpu, 2 threads per core) family 6 model 78 stepping 3, cmov, cx8, fxsr, mmx, sse, sse2, sse3, ssse3, sse4.1, sse4.2, popcnt, avx, avx2, aes, clmul, erms, 3dnowpref, lzcnt, ht, tsc, tscinvbit, bmi1, bmi2, adx

Memory: 4k page, physical 8281888k(547468k free), swap 16146460k(5300k free)

vm_info: Java HotSpot(TM) 64-Bit Server VM (25.211-b12) for windows-amd64 JRE (1.8.0_211-b12), built on Apr  1 2019 20:53:26 by "java_re" with MS VC++ 10.0 (VS2010)

time: Wed May 08 16:48:32 2019
timezone: 中国标准时间
elapsed time: 96 seconds (0d 0h 1m 36s)

