#
# There is insufficient memory for the Java Runtime Environment to continue.
# Native memory allocation (malloc) failed to allocate 1401248 bytes for Chunk::new
# Possible reasons:
#   The system is out of physical RAM or swap space
#   The process is running with CompressedOops enabled, and the Java Heap may be blocking the growth of the native heap
# Possible solutions:
#   Reduce memory load on the system
#   Increase physical memory or swap space
#   Check if swap backing store is full
#   Decrease Java heap size (-Xmx/-Xms)
#   Decrease number of Java threads
#   Decrease Java thread stack sizes (-Xss)
#   Set larger code cache with -XX:ReservedCodeCacheSize=
#   JVM is running with Unscaled Compressed Oops mode in which the Java heap is
#     placed in the first 4GB address space. The Java Heap base address is the
#     maximum limit for the native heap growth. Please use -XX:HeapBaseMinAddress
#     to set the Java Heap base and to place the Java Heap above 4GB virtual address.
# This output file may be truncated or incomplete.
#
#  Out of Memory Error (allocation.cpp:389), pid=43952, tid=0x000000000000b458
#
# JRE version: Java(TM) SE Runtime Environment (8.0_211-b12) (build 1.8.0_211-b12)
# Java VM: Java HotSpot(TM) 64-Bit Server VM (25.211-b12 mixed mode windows-amd64 compressed oops)
# Failed to write core dump. Minidumps are not enabled by default on client versions of Windows
#

---------------  T H R E A D  ---------------

Current thread (0x000000001853c000):  JavaThread "Unknown thread" [_thread_in_native, id=46168, stack(0x0000000019e60000,0x0000000019f60000)]

Stack: [0x0000000019e60000,0x0000000019f60000]
[error occurred during error reporting (printing stack bounds), id 0xc0000005]

Native frames: (J=compiled Java code, j=interpreted, Vv=VM code, C=native code)


Current CompileTask:
C2:  21942 5728   !   4       org.springframework.core.type.classreading.AnnotationAttributesReadingVisitor::recursivelyCollectMetaAnnotations (155 bytes)


---------------  P R O C E S S  ---------------

Java Threads: ( => current thread )
  0x000000001c98c800 JavaThread "Unknown thread" [_thread_blocked, id=50228, stack(0x0000000026060000,0x0000000026160000)]
  0x000000001c98c000 
[error occurred during error reporting (printing all threads), id 0xc0000005]

VM state:at safepoint (normal execution)

VM Mutex/Monitor currently owned by a thread:  ([mutex/lock_event])
[0x00000000038d3750] Threads_lock - owner thread: 0x00000000184d7800
[0x00000000038d3b50] Heap_lock - owner thread: 0x000000001c988000

heap address: 0x0000000081a00000, size: 2022 MB, Compressed Oops mode: 32-bit
Narrow klass base: 0x0000000000000000, Narrow klass shift: 3
Compressed class space size: 1073741824 Address: 0x0000000100000000

Heap:
 PSYoungGen      total 205824K, used 19440K [0x00000000d5e00000, 0x00000000e3c80000, 0x0000000100000000)
  eden space 186368K, 0% used [0x00000000d5e00000,0x00000000d5e00000,0x00000000e1400000)
  from space 19456K, 99% used [0x00000000e1400000,0x00000000e26fc3b0,0x00000000e2700000)
  to   space 15360K, 0% used [0x00000000e2700000,0x00000000e2700000,0x00000000e3600000)
 ParOldGen       total 110080K, used 30230K [0x0000000081a00000, 0x0000000088580000, 0x00000000d5e00000)
  object space 110080K, 27% used [0x0000000081a00000,0x0000000083785a48,0x0000000088580000)
 Metaspace       used 56295K, capacity 58968K, committed 59028K, reserved 1099776K
  class space    used 7465K, capacity 7912K, committed 7936K, reserved 1048576K

Card table byte_map: [0x0000000012d90000,0x0000000013190000] byte_map_base: 0x0000000012983000

Marking Bits: (ParMarkBitMap*) 0x0000000075415ce0
 Begin Bits: [0x0000000013840000, 0x00000000157d8000)
 End Bits:   [0x00000000157d8000, 0x0000000017770000)

Polling page: 0x0000000001440000

CodeCache: size=245760Kb used=17343Kb max_used=17636Kb free=228416Kb
 bounds [0x00000000039d0000, 0x0000000004b70000, 0x00000000129d0000]
 total_blobs=5436 nmethods=4910 adapters=437
 compilation: enabled

Compilation events (10 events):
Event: 21.731 Thread 0x0000000018553000 5868       2       org.springframework.core.annotation.AnnotationUtils::isSynthesizable (172 bytes)
Event: 21.732 Thread 0x0000000018553000 nmethod 5868 0x0000000003e0e3d0 code [0x0000000003e0e640, 0x0000000003e0ece8]
Event: 21.736 Thread 0x0000000018553000 5869       1       org.apache.commons.configuration.AbstractConfiguration::isThrowExceptionOnMissing (5 bytes)
Event: 21.736 Thread 0x0000000018553000 nmethod 5869 0x0000000003d8d050 code [0x0000000003d8d1a0, 0x0000000003d8d2b0]
Event: 21.737 Thread 0x0000000018553000 5870       2       java.util.concurrent.CopyOnWriteArraySet::<init> (16 bytes)
Event: 21.738 Thread 0x0000000018553000 nmethod 5870 0x0000000003fb2290 code [0x0000000003fb2400, 0x0000000003fb2730]
Event: 21.745 Thread 0x0000000018553000 5871       2       org.springframework.beans.factory.config.DependencyDescriptor::<init> (8 bytes)
Event: 21.745 Thread 0x0000000018553000 nmethod 5871 0x0000000003b50ed0 code [0x0000000003b51040, 0x0000000003b511a8]
Event: 21.746 Thread 0x0000000018553000 5872       2       org.springframework.beans.factory.InjectionPoint::<init> (16 bytes)
Event: 21.746 Thread 0x0000000018553000 nmethod 5872 0x0000000003e0ded0 code [0x0000000003e0e040, 0x0000000003e0e268]

GC Heap History (10 events):
Event: 6.568 GC heap after
Heap after GC invocations=7 (full 1):
 PSYoungGen      total 151552K, used 13291K [0x00000000d5e00000, 0x00000000e3980000, 0x0000000100000000)
  eden space 138240K, 0% used [0x00000000d5e00000,0x00000000d5e00000,0x00000000de500000)
  from space 13312K, 99% used [0x00000000df480000,0x00000000e017af40,0x00000000e0180000)
  to   space 15872K, 0% used [0x00000000de500000,0x00000000de500000,0x00000000df480000)
 ParOldGen       total 70144K, used 19773K [0x0000000081a00000, 0x0000000085e80000, 0x00000000d5e00000)
  object space 70144K, 28% used [0x0000000081a00000,0x0000000082d4f578,0x0000000085e80000)
 Metaspace       used 33966K, capacity 35392K, committed 35416K, reserved 1079296K
  class space    used 4405K, capacity 4728K, committed 4736K, reserved 1048576K
}
Event: 6.568 GC heap before
{Heap before GC invocations=8 (full 2):
 PSYoungGen      total 151552K, used 13291K [0x00000000d5e00000, 0x00000000e3980000, 0x0000000100000000)
  eden space 138240K, 0% used [0x00000000d5e00000,0x00000000d5e00000,0x00000000de500000)
  from space 13312K, 99% used [0x00000000df480000,0x00000000e017af40,0x00000000e0180000)
  to   space 15872K, 0% used [0x00000000de500000,0x00000000de500000,0x00000000df480000)
 ParOldGen       total 70144K, used 19773K [0x0000000081a00000, 0x0000000085e80000, 0x00000000d5e00000)
  object space 70144K, 28% used [0x0000000081a00000,0x0000000082d4f578,0x0000000085e80000)
 Metaspace       used 33966K, capacity 35392K, committed 35416K, reserved 1079296K
  class space    used 4405K, capacity 4728K, committed 4736K, reserved 1048576K
Event: 6.669 GC heap after
Heap after GC invocations=8 (full 2):
 PSYoungGen      total 151552K, used 0K [0x00000000d5e00000, 0x00000000e3980000, 0x0000000100000000)
  eden space 138240K, 0% used [0x00000000d5e00000,0x00000000d5e00000,0x00000000de500000)
  from space 13312K, 0% used [0x00000000df480000,0x00000000df480000,0x00000000e0180000)
  to   space 15872K, 0% used [0x00000000de500000,0x00000000de500000,0x00000000df480000)
 ParOldGen       total 110080K, used 20028K [0x0000000081a00000, 0x0000000088580000, 0x00000000d5e00000)
  object space 110080K, 18% used [0x0000000081a00000,0x0000000082d8f140,0x0000000088580000)
 Metaspace       used 33966K, capacity 35392K, committed 35416K, reserved 1079296K
  class space    used 4405K, capacity 4728K, committed 4736K, reserved 1048576K
}
Event: 8.788 GC heap before
{Heap before GC invocations=9 (full 2):
 PSYoungGen      total 151552K, used 138240K [0x00000000d5e00000, 0x00000000e3980000, 0x0000000100000000)
  eden space 138240K, 100% used [0x00000000d5e00000,0x00000000de500000,0x00000000de500000)
  from space 13312K, 0% used [0x00000000df480000,0x00000000df480000,0x00000000e0180000)
  to   space 15872K, 0% used [0x00000000de500000,0x00000000de500000,0x00000000df480000)
 ParOldGen       total 110080K, used 20028K [0x0000000081a00000, 0x0000000088580000, 0x00000000d5e00000)
  object space 110080K, 18% used [0x0000000081a00000,0x0000000082d8f140,0x0000000088580000)
 Metaspace       used 39710K, capacity 41414K, committed 41560K, reserved 1085440K
  class space    used 5138K, capacity 5467K, committed 5504K, reserved 1048576K
Event: 8.804 GC heap after
Heap after GC invocations=9 (full 2):
 PSYoungGen      total 154112K, used 10875K [0x00000000d5e00000, 0x00000000e3600000, 0x0000000100000000)
  eden space 138240K, 0% used [0x00000000d5e00000,0x00000000d5e00000,0x00000000de500000)
  from space 15872K, 68% used [0x00000000de500000,0x00000000def9ed58,0x00000000df480000)
  to   space 15360K, 0% used [0x00000000e2700000,0x00000000e2700000,0x00000000e3600000)
 ParOldGen       total 110080K, used 20036K [0x0000000081a00000, 0x0000000088580000, 0x00000000d5e00000)
  object space 110080K, 18% used [0x0000000081a00000,0x0000000082d91140,0x0000000088580000)
 Metaspace       used 39710K, capacity 41414K, committed 41560K, reserved 1085440K
  class space    used 5138K, capacity 5467K, committed 5504K, reserved 1048576K
}
Event: 12.112 GC heap before
{Heap before GC invocations=10 (full 2):
 PSYoungGen      total 154112K, used 149115K [0x00000000d5e00000, 0x00000000e3600000, 0x0000000100000000)
  eden space 138240K, 100% used [0x00000000d5e00000,0x00000000de500000,0x00000000de500000)
  from space 15872K, 68% used [0x00000000de500000,0x00000000def9ed58,0x00000000df480000)
  to   space 15360K, 0% used [0x00000000e2700000,0x00000000e2700000,0x00000000e3600000)
 ParOldGen       total 110080K, used 20036K [0x0000000081a00000, 0x0000000088580000, 0x00000000d5e00000)
  object space 110080K, 18% used [0x0000000081a00000,0x0000000082d91140,0x0000000088580000)
 Metaspace       used 48378K, capacity 50734K, committed 51032K, reserved 1093632K
  class space    used 6286K, capacity 6701K, committed 6784K, reserved 1048576K
Event: 12.144 GC heap after
Heap after GC invocations=10 (full 2):
 PSYoungGen      total 201728K, used 15355K [0x00000000d5e00000, 0x00000000e3c80000, 0x0000000100000000)
  eden space 186368K, 0% used [0x00000000d5e00000,0x00000000d5e00000,0x00000000e1400000)
  from space 15360K, 99% used [0x00000000e2700000,0x00000000e35fef70,0x00000000e3600000)
  to   space 19456K, 0% used [0x00000000e1400000,0x00000000e1400000,0x00000000e2700000)
 ParOldGen       total 110080K, used 24959K [0x0000000081a00000, 0x0000000088580000, 0x00000000d5e00000)
  object space 110080K, 22% used [0x0000000081a00000,0x000000008325fee0,0x0000000088580000)
 Metaspace       used 48378K, capacity 50734K, committed 51032K, reserved 1093632K
  class space    used 6286K, capacity 6701K, committed 6784K, reserved 1048576K
}
Event: 21.751 GC heap before
{Heap before GC invocations=11 (full 2):
 PSYoungGen      total 201728K, used 146277K [0x00000000d5e00000, 0x00000000e3c80000, 0x0000000100000000)
  eden space 186368K, 70% used [0x00000000d5e00000,0x00000000dddda4b0,0x00000000e1400000)
  from space 15360K, 99% used [0x00000000e2700000,0x00000000e35fef70,0x00000000e3600000)
  to   space 19456K, 0% used [0x00000000e1400000,0x00000000e1400000,0x00000000e2700000)
 ParOldGen       total 110080K, used 24959K [0x0000000081a00000, 0x0000000088580000, 0x00000000d5e00000)
  object space 110080K, 22% used [0x0000000081a00000,0x000000008325fee0,0x0000000088580000)
 Metaspace       used 56295K, capacity 58968K, committed 59028K, reserved 1099776K
  class space    used 7465K, capacity 7912K, committed 7936K, reserved 1048576K
Event: 21.812 GC heap after
Heap after GC invocations=11 (full 2):
 PSYoungGen      total 205824K, used 19440K [0x00000000d5e00000, 0x00000000e3c80000, 0x0000000100000000)
  eden space 186368K, 0% used [0x00000000d5e00000,0x00000000d5e00000,0x00000000e1400000)
  from space 19456K, 99% used [0x00000000e1400000,0x00000000e26fc3b0,0x00000000e2700000)
  to   space 15360K, 0% used [0x00000000e2700000,0x00000000e2700000,0x00000000e3600000)
 ParOldGen       total 110080K, used 30230K [0x0000000081a00000, 0x0000000088580000, 0x00000000d5e00000)
  object space 110080K, 27% used [0x0000000081a00000,0x0000000083785a48,0x0000000088580000)
 Metaspace       used 56295K, capacity 58968K, committed 59028K, reserved 1099776K
  class space    used 7465K, capacity 7912K, committed 7936K, reserved 1048576K
}
Event: 21.812 GC heap before
{Heap before GC invocations=12 (full 3):
 PSYoungGen      total 205824K, used 19440K [0x00000000d5e00000, 0x00000000e3c80000, 0x0000000100000000)
  eden space 186368K, 0% used [0x00000000d5e00000,0x00000000d5e00000,0x00000000e1400000)
  from space 19456K, 99% used [0x00000000e1400000,0x00000000e26fc3b0,0x00000000e2700000)
  to   space 15360K, 0% used [0x00000000e2700000,0x00000000e2700000,0x00000000e3600000)
 ParOldGen       total 110080K, used 30230K [0x0000000081a00000, 0x0000000088580000, 0x00000000d5e00000)
  object space 110080K, 27% used [0x0000000081a00000,0x0000000083785a48,0x0000000088580000)
 Metaspace       used 56295K, capacity 58968K, committed 59028K, reserved 1099776K
  class space    used 7465K, capacity 7912K, committed 7936K, reserved 1048576K

Deoptimization events (10 events):
Event: 21.190 Thread 0x000000001c988000 Uncommon trap: reason=class_check action=maybe_recompile pc=0x000000000485a0f8 method=org.springframework.core.annotation.AnnotationUtils.hasPlainJavaAnnotationsOnly(Ljava/lang/Object;)Z @ 23
Event: 21.363 Thread 0x000000001c988000 Uncommon trap: reason=unstable_if action=reinterpret pc=0x0000000003ceab0c method=org.springframework.core.BridgeMethodResolver.isBridgedCandidateFor(Ljava/lang/reflect/Method;Ljava/lang/reflect/Method;)Z @ 37
Event: 21.365 Thread 0x000000001c988000 Uncommon trap: reason=class_check action=maybe_recompile pc=0x000000000485a0f8 method=org.springframework.core.annotation.AnnotationUtils.hasPlainJavaAnnotationsOnly(Ljava/lang/Object;)Z @ 23
Event: 21.389 Thread 0x000000001c988000 Uncommon trap: reason=unstable_if action=reinterpret pc=0x0000000003fda1d8 method=java.util.HashMap.putVal(ILjava/lang/Object;Ljava/lang/Object;ZZ)Ljava/lang/Object; @ 162
Event: 21.390 Thread 0x000000001c988000 Uncommon trap: reason=unstable_if action=reinterpret pc=0x0000000004604024 method=java.util.HashMap.putVal(ILjava/lang/Object;Ljava/lang/Object;ZZ)Ljava/lang/Object; @ 162
Event: 21.390 Thread 0x000000001c988000 Uncommon trap: reason=unstable_if action=reinterpret pc=0x0000000003db9868 method=java.util.HashMap.resize()[Ljava/util/HashMap$Node; @ 206
Event: 21.555 Thread 0x000000001c988000 Uncommon trap: reason=unstable_if action=reinterpret pc=0x0000000004a88534 method=java.util.regex.Pattern$7.isSatisfiedBy(I)Z @ 19
Event: 21.555 Thread 0x000000001c988000 Uncommon trap: reason=unstable_if action=reinterpret pc=0x0000000004a88654 method=java.util.regex.Pattern$7.isSatisfiedBy(I)Z @ 19
Event: 21.555 Thread 0x000000001c988000 Uncommon trap: reason=unstable_if action=reinterpret pc=0x0000000004a88654 method=java.util.regex.Pattern$7.isSatisfiedBy(I)Z @ 19
Event: 21.725 Thread 0x000000001c986800 Uncommon trap: reason=class_check action=maybe_recompile pc=0x000000000485a0f8 method=org.springframework.core.annotation.AnnotationUtils.hasPlainJavaAnnotationsOnly(Ljava/lang/Object;)Z @ 23

Classes redefined (0 events):
No events

Internal exceptions (10 events):
Event: 20.973 Thread 0x000000001c986000 Exception <a 'java/lang/ArrayIndexOutOfBoundsException': -1> (0x00000000db1b5208) thrown at [C:\re\workspace\8-2-build-windows-amd64-cygwin\jdk8u211\12973\hotspot\src\share\vm\interpreter\interpreterRuntime.cpp, line 368]
Event: 20.973 Thread 0x000000001c986000 Exception <a 'java/lang/ArrayIndexOutOfBoundsException': -1> (0x00000000db1b5440) thrown at [C:\re\workspace\8-2-build-windows-amd64-cygwin\jdk8u211\12973\hotspot\src\share\vm\interpreter\interpreterRuntime.cpp, line 368]
Event: 21.044 Thread 0x000000001c981800 Exception <a 'java/lang/ArrayIndexOutOfBoundsException': -1> (0x00000000db6ce0f8) thrown at [C:\re\workspace\8-2-build-windows-amd64-cygwin\jdk8u211\12973\hotspot\src\share\vm\interpreter\interpreterRuntime.cpp, line 368]
Event: 21.044 Thread 0x000000001c981800 Exception <a 'java/lang/ArrayIndexOutOfBoundsException': -1> (0x00000000db6ce330) thrown at [C:\re\workspace\8-2-build-windows-amd64-cygwin\jdk8u211\12973\hotspot\src\share\vm\interpreter\interpreterRuntime.cpp, line 368]
Event: 21.178 Thread 0x000000001c988000 Implicit null exception at 0x0000000004194523 to 0x0000000004196ce1
Event: 21.274 Thread 0x000000001c988000 Exception <a 'java/lang/ClassNotFoundException': java/lang/ObjectCustomizer> (0x00000000dc3e6ea0) thrown at [C:\re\workspace\8-2-build-windows-amd64-cygwin\jdk8u211\12973\hotspot\src\share\vm\classfile\systemDictionary.cpp, line 210]
Event: 21.278 Thread 0x000000001c988000 Exception <a 'java/lang/ClassNotFoundException': org/springframework/cloud/netflix/ribbon/DefaultServerIntrospectorCustomizer> (0x00000000dc4175f0) thrown at [C:\re\workspace\8-2-build-windows-amd64-cygwin\jdk8u211\12973\hotspot\src\share\vm\classfile\sys
Event: 21.281 Thread 0x000000001c988000 Exception <a 'java/lang/ClassNotFoundException': org/springframework/cloud/netflix/ribbon/eureka/EurekaServerIntrospectorCustomizer> (0x00000000dc44a8c8) thrown at [C:\re\workspace\8-2-build-windows-amd64-cygwin\jdk8u211\12973\hotspot\src\share\vm\classfi
Event: 21.286 Thread 0x000000001c988000 Exception <a 'java/lang/ClassNotFoundException': org/springframework/cloud/netflix/ribbon/ServerIntrospectorCustomizer> (0x00000000dc479c88) thrown at [C:\re\workspace\8-2-build-windows-amd64-cygwin\jdk8u211\12973\hotspot\src\share\vm\classfile\systemDict
Event: 21.605 Thread 0x000000001c986800 Exception <a 'java/lang/ArrayStoreException'> (0x00000000dd598780) thrown at [C:\re\workspace\8-2-build-windows-amd64-cygwin\jdk8u211\12973\hotspot\src\share\vm\runtime\sharedRuntime.cpp, line 605]

Events (10 events):
Event: 21.746 loading class rx/internal/util/unsafe/ConcurrentCircularArrayQueue done
Event: 21.747 loading class rx/internal/util/unsafe/ConcurrentCircularArrayQueueL0Pad
Event: 21.747 loading class rx/internal/util/unsafe/ConcurrentCircularArrayQueueL0Pad done
Event: 21.747 loading class rx/internal/util/unsafe/MessagePassingQueue
Event: 21.747 loading class rx/internal/util/unsafe/MessagePassingQueue done
Event: 21.748 Executing VM operation: RevokeBias
Event: 21.749 Executing VM operation: RevokeBias done
Event: 21.749 Executing VM operation: RevokeBias
Event: 21.750 Executing VM operation: RevokeBias done
Event: 21.750 Executing VM operation: CollectForMetadataAllocation


Dynamic libraries:
0x00007ff6da260000 - 0x00007ff6da297000 	D:\java\jdk1.8.0_211\bin\javaw.exe
0x00007ffbbe800000 - 0x00007ffbbe9f0000 	C:\Windows\SYSTEM32\ntdll.dll
0x00007ffbbc920000 - 0x00007ffbbc9d2000 	C:\Windows\System32\KERNEL32.DLL
0x00007ffbbb890000 - 0x00007ffbbbb32000 	C:\Windows\System32\KERNELBASE.dll
0x00007ffbbd730000 - 0x00007ffbbd7d3000 	C:\Windows\System32\ADVAPI32.dll
0x00007ffbbdb60000 - 0x00007ffbbdbfe000 	C:\Windows\System32\msvcrt.dll
0x00007ffbbdc00000 - 0x00007ffbbdc97000 	C:\Windows\System32\sechost.dll
0x00007ffbbcc30000 - 0x00007ffbbcd50000 	C:\Windows\System32\RPCRT4.dll
0x00007ffbbd1c0000 - 0x00007ffbbd353000 	C:\Windows\System32\USER32.dll
0x00007ffbbc4c0000 - 0x00007ffbbc4e1000 	C:\Windows\System32\win32u.dll
0x00007ffbbe790000 - 0x00007ffbbe7b6000 	C:\Windows\System32\GDI32.dll
0x00007ffbbc2c0000 - 0x00007ffbbc454000 	C:\Windows\System32\gdi32full.dll
0x00007ffbbc790000 - 0x00007ffbbc82e000 	C:\Windows\System32\msvcp_win.dll
0x00007ffbbb790000 - 0x00007ffbbb88a000 	C:\Windows\System32\ucrtbase.dll
0x00007ffbb2a00000 - 0x00007ffbb2c85000 	C:\Windows\WinSxS\amd64_microsoft.windows.common-controls_6595b64144ccf1df_6.0.18362.86_none_a143621e519dc228\COMCTL32.dll
0x00007ffbbd370000 - 0x00007ffbbd6a6000 	C:\Windows\System32\combase.dll
0x00007ffbbc830000 - 0x00007ffbbc8b1000 	C:\Windows\System32\bcryptPrimitives.dll
0x00007ffbbdca0000 - 0x00007ffbbdcce000 	C:\Windows\System32\IMM32.DLL
0x00007ffbba270000 - 0x00007ffbba38b000 	C:\Windows\SYSTEM32\mvshookg_x64.dll
0x00007ffbbe560000 - 0x00007ffbbe6b6000 	C:\Windows\System32\ole32.dll
0x00007ffbbda10000 - 0x00007ffbbdadf000 	C:\Windows\System32\comdlg32.dll
0x00007ffbbcab0000 - 0x00007ffbbcb59000 	C:\Windows\System32\shcore.dll
0x00007ffbbc8c0000 - 0x00007ffbbc912000 	C:\Windows\System32\SHLWAPI.dll
0x00007ffbbdcd0000 - 0x00007ffbbe3b0000 	C:\Windows\System32\SHELL32.dll
0x00007ffbbc640000 - 0x00007ffbbc68a000 	C:\Windows\System32\cfgmgr32.dll
0x00007ffbbbb40000 - 0x00007ffbbc2bb000 	C:\Windows\System32\windows.storage.dll
0x00007ffbbb770000 - 0x00007ffbbb78f000 	C:\Windows\System32\profapi.dll
0x00007ffbbb700000 - 0x00007ffbbb74a000 	C:\Windows\System32\powrprof.dll
0x00007ffbbb6d0000 - 0x00007ffbbb6e0000 	C:\Windows\System32\UMPDC.dll
0x00007ffbbb6e0000 - 0x00007ffbbb6f1000 	C:\Windows\System32\kernel.appcore.dll
0x00007ffbbc690000 - 0x00007ffbbc6a7000 	C:\Windows\System32\cryptsp.dll
0x00007ffbbdae0000 - 0x00007ffbbdae8000 	C:\Windows\System32\psapi.dll
0x00007ffbba1a0000 - 0x00007ffbba1b7000 	C:\Windows\SYSTEM32\NETAPI32.dll
0x00007ffbba170000 - 0x00007ffbba196000 	C:\Windows\SYSTEM32\SRVCLI.DLL
0x0000000076d20000 - 0x0000000076df2000 	D:\java\jdk1.8.0_211\jre\bin\msvcr100.dll
0x0000000074bf0000 - 0x0000000075495000 	D:\java\jdk1.8.0_211\jre\bin\server\jvm.dll
0x00007ffbb5200000 - 0x00007ffbb5209000 	C:\Windows\SYSTEM32\WSOCK32.dll
0x00007ffbbc9e0000 - 0x00007ffbbca4f000 	C:\Windows\System32\WS2_32.dll
0x00007ffbb2890000 - 0x00007ffbb28b4000 	C:\Windows\SYSTEM32\WINMM.dll
0x00007ffbba110000 - 0x00007ffbba11a000 	C:\Windows\SYSTEM32\VERSION.dll
0x00007ffbb2860000 - 0x00007ffbb288d000 	C:\Windows\SYSTEM32\WINMMBASE.dll
0x00007ffbb8270000 - 0x00007ffbb827f000 	D:\java\jdk1.8.0_211\jre\bin\verify.dll
0x00007ffbb2550000 - 0x00007ffbb2579000 	D:\java\jdk1.8.0_211\jre\bin\java.dll
0x00007ffbb7f60000 - 0x00007ffbb7f76000 	D:\java\jdk1.8.0_211\jre\bin\zip.dll
0x00007ffbb5210000 - 0x00007ffbb522a000 	D:\java\jdk1.8.0_211\jre\bin\net.dll
0x00007ffbac250000 - 0x00007ffbac424000 	C:\Windows\SYSTEM32\urlmon.dll
0x00007ffbabfa0000 - 0x00007ffbac246000 	C:\Windows\SYSTEM32\iertutil.dll
0x00007ffbbb110000 - 0x00007ffbbb11c000 	C:\Windows\SYSTEM32\CRYPTBASE.DLL
0x00007ffbbaf40000 - 0x00007ffbbafa7000 	C:\Windows\system32\mswsock.dll
0x00007ffbbaca0000 - 0x00007ffbbacda000 	C:\Windows\SYSTEM32\IPHLPAPI.DLL
0x00007ffbbd360000 - 0x00007ffbbd368000 	C:\Windows\System32\NSI.dll
0x00007ffbb3bd0000 - 0x00007ffbb3be6000 	C:\Windows\SYSTEM32\dhcpcsvc6.DLL
0x00007ffbb3ec0000 - 0x00007ffbb3edc000 	C:\Windows\SYSTEM32\dhcpcsvc.DLL
0x00007ffbbacf0000 - 0x00007ffbbadba000 	C:\Windows\SYSTEM32\DNSAPI.dll
0x00007ffbb02a0000 - 0x00007ffbb02aa000 	C:\Windows\System32\rasadhlp.dll
0x00007ffbb37e0000 - 0x00007ffbb3857000 	C:\Windows\System32\fwpuclnt.dll
0x00007ffbbc760000 - 0x00007ffbbc786000 	C:\Windows\System32\bcrypt.dll
0x00007ffbb8260000 - 0x00007ffbb826d000 	D:\java\jdk1.8.0_211\jre\bin\management.dll
0x00007ffba3c90000 - 0x00007ffba3ca6000 	C:\Windows\system32\napinsp.dll
0x00007ffba3c00000 - 0x00007ffba3c1a000 	C:\Windows\system32\pnrpnsp.dll
0x00007ffba3bf0000 - 0x00007ffba3bfe000 	C:\Windows\System32\winrnr.dll
0x00007ffbb7e20000 - 0x00007ffbb7e3c000 	C:\Windows\system32\NLAapi.dll
0x00007ffbb71d0000 - 0x00007ffbb71e5000 	C:\Windows\system32\wshbth.dll
0x00007ffbb2400000 - 0x00007ffbb2412000 	D:\java\jdk1.8.0_211\jre\bin\nio.dll
0x00007ffbbab00000 - 0x00007ffbbab33000 	C:\Windows\system32\rsaenh.dll
0x00007ffbbb5f0000 - 0x00007ffbbb615000 	C:\Windows\SYSTEM32\USERENV.dll
0x00007ffbb23d0000 - 0x00007ffbb23f4000 	D:\java\jdk1.8.0_211\jre\bin\sunec.dll

VM Arguments:
jvm_args: -Dfile.encoding=utf-8 
java_command: kui.feign_client.FeignClientStarter
java_class_path (initial): E:\git\git\graduation\feign_client\target\classes;D:\mvnRepo\org\springframework\boot\spring-boot-devtools\2.1.3.RELEASE\spring-boot-devtools-2.1.3.RELEASE.jar;D:\mvnRepo\org\springframework\boot\spring-boot\2.1.3.RELEASE\spring-boot-2.1.3.RELEASE.jar;D:\mvnRepo\org\springframework\spring-context\5.1.5.RELEASE\spring-context-5.1.5.RELEASE.jar;D:\mvnRepo\org\springframework\boot\spring-boot-autoconfigure\2.1.3.RELEASE\spring-boot-autoconfigure-2.1.3.RELEASE.jar;D:\mvnRepo\org\springframework\boot\spring-boot-starter-web\2.1.3.RELEASE\spring-boot-starter-web-2.1.3.RELEASE.jar;D:\mvnRepo\org\springframework\boot\spring-boot-starter\2.1.3.RELEASE\spring-boot-starter-2.1.3.RELEASE.jar;D:\mvnRepo\org\springframework\boot\spring-boot-starter-logging\2.1.3.RELEASE\spring-boot-starter-logging-2.1.3.RELEASE.jar;D:\mvnRepo\ch\qos\logback\logback-classic\1.2.3\logback-classic-1.2.3.jar;D:\mvnRepo\ch\qos\logback\logback-core\1.2.3\logback-core-1.2.3.jar;D:\mvnRepo\org\apache\logging\log4j\log4j-to-slf4j\2.11.2\log4j-to-slf4j-2.11.2.jar;D:\mvnRepo\org\apache\logging\log4j\log4j-api\2.11.2\log4j-api-2.11.2.jar;D:\mvnRepo\org\slf4j\jul-to-slf4j\1.7.25\jul-to-slf4j-1.7.25.jar;D:\mvnRepo\javax\annotation\javax.annotation-api\1.3.2\javax.annotation-api-1.3.2.jar;D:\mvnRepo\org\yaml\snakeyaml\1.23\snakeyaml-1.23.jar;D:\mvnRepo\org\springframework\boot\spring-boot-starter-json\2.1.3.RELEASE\spring-boot-starter-json-2.1.3.RELEASE.jar;D:\mvnRepo\com\fasterxml\jackson\core\jackson-databind\2.9.8\jackson-databind-2.9.8.jar;D:\mvnRepo\com\fasterxml\jackson\core\jackson-annotations\2.9.0\jackson-annotations-2.9.0.jar;D:\mvnRepo\com\fasterxml\jackson\core\jackson-core\2.9.8\jackson-core-2.9.8.jar;D:\mvnRepo\com\fasterxml\jackson\datatype\jackson-datatype-jdk8\2.9.8\jackson-datatype-jdk8-2.9.8.jar;D:\mvnRepo\com\fasterxml\jackson\datatype\jackson-datatype-jsr310\2.9.8\jackson-datatype-jsr310-2.9.8.jar;D:\mvnRepo\com\fasterxml\jackson\module\jackson-module-parameter-
Launcher Type: SUN_STANDARD

Environment Variables:
JAVA_HOME=D:\java\jdk1.8.0_211
PATH=D:/java/jre1.8.0_211/bin/server;D:/java/jre1.8.0_211/bin;D:/java/jre1.8.0_211/lib/amd64;C:\Program Files (x86)\Common Files\Oracle\Java\javapath;C:\Windows\system32;C:\Windows;C:\Windows\System32\Wbem;C:\Windows\System32\WindowsPowerShell\v1.0\;C:\Windows\System32\OpenSSH\;D:\db\mysql-8.0.16-winx64\bin;D:\java\jdk1.8.0_211\bin;D:\apache-maven-3.6.1\bin;D:\programFiles\Git\cmd;C:\Users\52822\AppData\Local\Microsoft\WindowsApps;;D:\eclipse-jee-2018-09-win32-x86_64\eclipse;
USERNAME=52822
OS=Windows_NT
PROCESSOR_IDENTIFIER=Intel64 Family 6 Model 78 Stepping 3, GenuineIntel



---------------  S Y S T E M  ---------------

OS: Windows 10.0 , 64 bit Build 18362 (10.0.18362.86)

CPU:total 4 (initial active 4) (2 cores per cpu, 2 threads per core) family 6 model 78 stepping 3, cmov, cx8, fxsr, mmx, sse, sse2, sse3, ssse3, sse4.1, sse4.2, popcnt, avx, avx2, aes, clmul, erms, 3dnowpref, lzcnt, ht, tsc, tscinvbit, bmi1, bmi2, adx

Memory: 4k page, physical 8281888k(530248k free), swap 16146460k(5332k free)

vm_info: Java HotSpot(TM) 64-Bit Server VM (25.211-b12) for windows-amd64 JRE (1.8.0_211-b12), built on Apr  1 2019 20:53:26 by "java_re" with MS VC++ 10.0 (VS2010)

time: Wed May 08 16:43:27 2019
timezone: 中国标准时间
elapsed time: 21 seconds (0d 0h 0m 21s)

