#
# There is insufficient memory for the Java Runtime Environment to continue.
# Native memory allocation (malloc) failed to allocate 758976 bytes for Chunk::new
# Possible reasons:
#   The system is out of physical RAM or swap space
#   The process is running with CompressedOops enabled, and the Java Heap may be blocking the growth of the native heap
# Possible solutions:
#   Reduce memory load on the system
#   Increase physical memory or swap space
#   Check if swap backing store is full
#   Decrease Java heap size (-Xmx/-Xms)
#   Decrease number of Java threads
#   Decrease Java thread stack sizes (-Xss)
#   Set larger code cache with -XX:ReservedCodeCacheSize=
#   JVM is running with Unscaled Compressed Oops mode in which the Java heap is
#     placed in the first 4GB address space. The Java Heap base address is the
#     maximum limit for the native heap growth. Please use -XX:HeapBaseMinAddress
#     to set the Java Heap base and to place the Java Heap above 4GB virtual address.
# This output file may be truncated or incomplete.
#
#  Out of Memory Error (allocation.cpp:389), pid=47932, tid=0x000000000000c2ec
#
# JRE version: Java(TM) SE Runtime Environment (8.0_211-b12) (build 1.8.0_211-b12)
# Java VM: Java HotSpot(TM) 64-Bit Server VM (25.211-b12 mixed mode windows-amd64 compressed oops)
# Failed to write core dump. Minidumps are not enabled by default on client versions of Windows
#

---------------  T H R E A D  ---------------

Current thread (0x0000000018c83000):  JavaThread "C2 CompilerThread0" daemon [_thread_in_native, id=49900, stack(0x0000000019240000,0x0000000019340000)]

Stack: [0x0000000019240000,0x0000000019340000]
[error occurred during error reporting (printing stack bounds), id 0xc0000005]

Native frames: (J=compiled Java code, j=interpreted, Vv=VM code, C=native code)


Current CompileTask:
C2:   6715 3991   !   4       java.net.URL::<init> (543 bytes)


---------------  P R O C E S S  ---------------

Java Threads: ( => current thread )
  0x000000001ab28800 JavaThread "restartedMain" [_thread_in_Java, id=49660, stack(0x000000001b0c0000,0x000000001b1c0000)]
  0x000000001a7ea000 JavaThread "Thread-0" [_thread_blocked, id=49076, stack(0x000000001afc0000,0x000000001b0c0000)]
  0x000000001793e800 JavaThread "Service Thread" daemon [_thread_blocked, id=36300, stack(0x0000000019540000,0x0000000019640000)]
  0x0000000017918000 JavaThread "C1 CompilerThread2" daemon [_thread_in_vm, id=50600, stack(0x0000000019440000,0x0000000019540000)]
  0x000000001790c000 JavaThread "C2 CompilerThread1" daemon [_thread_in_native, id=46388, stack(0x0000000019340000,0x0000000019440000)]
=>0x0000000018c83000 JavaThread "C2 CompilerThread0" daemon [_thread_in_native, id=49900, stack(0x0000000019240000,0x0000000019340000)]
  0x0000000018c82800 JavaThread "Attach Listener" daemon [_thread_blocked, id=33364, stack(0x0000000019140000,0x0000000019240000)]
  0x0000000017909800 JavaThread "Signal Dispatcher" daemon [_thread_blocked, id=46840, stack(0x0000000019040000,0x0000000019140000)]
  0x00000000178cd000 JavaThread "Finalizer" daemon [_thread_blocked, id=47620, stack(0x0000000018b40000,0x0000000018c40000)]
  0x00000000178ca800 JavaThread "Reference Handler" daemon [_thread_blocked, id=47136, stack(0x0000000018a40000,0x0000000018b40000)]
  0x0000000002ca6000 JavaThread "main" [_thread_blocked, id=46136, stack(0x0000000002b40000,0x0000000002c40000)]

Other Threads:
  0x00000000178a7000 VMThread [stack: 0x0000000018940000,0x0000000018a40000] [id=48600]
  0x0000000018d08800 WatcherThread [stack: 0x0000000019640000,0x0000000019740000] [id=51056]

VM state:not at safepoint (normal execution)

VM Mutex/Monitor currently owned by a thread: None

heap address: 0x0000000081a00000, size: 2022 MB, Compressed Oops mode: 32-bit
Narrow klass base: 0x0000000000000000, Narrow klass shift: 3
Compressed class space size: 1073741824 Address: 0x0000000100000000

Heap:
 PSYoungGen      total 154112K, used 77979K [0x00000000d5e00000, 0x00000000e3b00000, 0x0000000100000000)
  eden space 140800K, 55% used [0x00000000d5e00000,0x00000000daa26c00,0x00000000de780000)
  from space 13312K, 0% used [0x00000000df700000,0x00000000df700000,0x00000000e0400000)
  to   space 15872K, 0% used [0x00000000de780000,0x00000000de780000,0x00000000df700000)
 ParOldGen       total 111616K, used 24032K [0x0000000081a00000, 0x0000000088700000, 0x00000000d5e00000)
  object space 111616K, 21% used [0x0000000081a00000,0x0000000083178190,0x0000000088700000)
 Metaspace       used 37067K, capacity 38540K, committed 38656K, reserved 1083392K
  class space    used 4746K, capacity 5038K, committed 5120K, reserved 1048576K

Card table byte_map: [0x0000000012160000,0x0000000012560000] byte_map_base: 0x0000000011d53000

Marking Bits: (ParMarkBitMap*) 0x0000000075415ce0
 Begin Bits: [0x0000000012c10000, 0x0000000014ba8000)
 End Bits:   [0x0000000014ba8000, 0x0000000016b40000)

Polling page: 0x0000000000cc0000

CodeCache: size=245760Kb used=14231Kb max_used=14231Kb free=231528Kb
 bounds [0x0000000002da0000, 0x0000000003b90000, 0x0000000011da0000]
 total_blobs=4403 nmethods=3974 adapters=341
 compilation: enabled

Compilation events (10 events):
Event: 6.679 Thread 0x0000000017918000 4036       3       org.springframework.cglib.reflect.FastClassEmitter$1::transform (11 bytes)
Event: 6.680 Thread 0x0000000017918000 nmethod 4036 0x0000000003b8b590 code [0x0000000003b8b780, 0x0000000003b8c038]
Event: 6.680 Thread 0x0000000017918000 4037       3       org.springframework.cglib.reflect.FastClassEmitter$3::processCase (25 bytes)
Event: 6.680 Thread 0x0000000017918000 nmethod 4037 0x0000000003b8c410 code [0x0000000003b8c5c0, 0x0000000003b8cba8]
Event: 6.681 Thread 0x0000000017918000 4038       3       org.springframework.util.ReflectionUtils::findField (7 bytes)
Event: 6.681 Thread 0x0000000017918000 nmethod 4038 0x0000000003b8ce90 code [0x0000000003b8d000, 0x0000000003b8d168]
Event: 6.696 Thread 0x0000000017918000 4039       3       java.lang.invoke.CallSite::maybeReBoxElements (24 bytes)
Event: 6.697 Thread 0x0000000017918000 nmethod 4039 0x0000000003b8d210 code [0x0000000003b8d3c0, 0x0000000003b8da68]
Event: 6.712 Thread 0x0000000017918000 4040       3       org.springframework.beans.factory.InjectionPoint::obtainMethodParameter (22 bytes)
Event: 6.713 Thread 0x0000000017918000 nmethod 4040 0x0000000003b8dc50 code [0x0000000003b8ddc0, 0x0000000003b8e0c8]

GC Heap History (10 events):
Event: 2.002 GC heap before
{Heap before GC invocations=4 (full 1):
 PSYoungGen      total 71680K, used 5096K [0x00000000d5e00000, 0x00000000dea00000, 0x0000000100000000)
  eden space 66560K, 0% used [0x00000000d5e00000,0x00000000d5e00000,0x00000000d9f00000)
  from space 5120K, 99% used [0x00000000d9f00000,0x00000000da3fa040,0x00000000da400000)
  to   space 5120K, 0% used [0x00000000de500000,0x00000000de500000,0x00000000dea00000)
 ParOldGen       total 87552K, used 9534K [0x0000000081a00000, 0x0000000086f80000, 0x00000000d5e00000)
  object space 87552K, 10% used [0x0000000081a00000,0x000000008234f9f0,0x0000000086f80000)
 Metaspace       used 20674K, capacity 21190K, committed 21296K, reserved 1069056K
  class space    used 2632K, capacity 2780K, committed 2816K, reserved 1048576K
Event: 2.042 GC heap after
Heap after GC invocations=4 (full 1):
 PSYoungGen      total 71680K, used 0K [0x00000000d5e00000, 0x00000000dea00000, 0x0000000100000000)
  eden space 66560K, 0% used [0x00000000d5e00000,0x00000000d5e00000,0x00000000d9f00000)
  from space 5120K, 0% used [0x00000000d9f00000,0x00000000d9f00000,0x00000000da400000)
  to   space 5120K, 0% used [0x00000000de500000,0x00000000de500000,0x00000000dea00000)
 ParOldGen       total 69120K, used 11480K [0x0000000081a00000, 0x0000000085d80000, 0x00000000d5e00000)
  object space 69120K, 16% used [0x0000000081a00000,0x00000000825362d0,0x0000000085d80000)
 Metaspace       used 20673K, capacity 21184K, committed 21296K, reserved 1069056K
  class space    used 2632K, capacity 2779K, committed 2816K, reserved 1048576K
}
Event: 3.436 GC heap before
{Heap before GC invocations=5 (full 1):
 PSYoungGen      total 71680K, used 66560K [0x00000000d5e00000, 0x00000000dea00000, 0x0000000100000000)
  eden space 66560K, 100% used [0x00000000d5e00000,0x00000000d9f00000,0x00000000d9f00000)
  from space 5120K, 0% used [0x00000000d9f00000,0x00000000d9f00000,0x00000000da400000)
  to   space 5120K, 0% used [0x00000000de500000,0x00000000de500000,0x00000000dea00000)
 ParOldGen       total 69120K, used 11480K [0x0000000081a00000, 0x0000000085d80000, 0x00000000d5e00000)
  object space 69120K, 16% used [0x0000000081a00000,0x00000000825362d0,0x0000000085d80000)
 Metaspace       used 26342K, capacity 27210K, committed 27520K, reserved 1073152K
  class space    used 3370K, capacity 3592K, committed 3712K, reserved 1048576K
Event: 3.445 GC heap after
Heap after GC invocations=5 (full 1):
 PSYoungGen      total 102400K, used 5100K [0x00000000d5e00000, 0x00000000dea00000, 0x0000000100000000)
  eden space 97280K, 0% used [0x00000000d5e00000,0x00000000d5e00000,0x00000000dbd00000)
  from space 5120K, 99% used [0x00000000de500000,0x00000000de9fb1c0,0x00000000dea00000)
  to   space 5120K, 0% used [0x00000000de000000,0x00000000de000000,0x00000000de500000)
 ParOldGen       total 69120K, used 13188K [0x0000000081a00000, 0x0000000085d80000, 0x00000000d5e00000)
  object space 69120K, 19% used [0x0000000081a00000,0x00000000826e1190,0x0000000085d80000)
 Metaspace       used 26342K, capacity 27210K, committed 27520K, reserved 1073152K
  class space    used 3370K, capacity 3592K, committed 3712K, reserved 1048576K
}
Event: 4.595 GC heap before
{Heap before GC invocations=6 (full 1):
 PSYoungGen      total 102400K, used 102380K [0x00000000d5e00000, 0x00000000dea00000, 0x0000000100000000)
  eden space 97280K, 100% used [0x00000000d5e00000,0x00000000dbd00000,0x00000000dbd00000)
  from space 5120K, 99% used [0x00000000de500000,0x00000000de9fb1c0,0x00000000dea00000)
  to   space 5120K, 0% used [0x00000000de000000,0x00000000de000000,0x00000000de500000)
 ParOldGen       total 69120K, used 13188K [0x0000000081a00000, 0x0000000085d80000, 0x00000000d5e00000)
  object space 69120K, 19% used [0x0000000081a00000,0x00000000826e1190,0x0000000085d80000)
 Metaspace       used 29261K, capacity 30312K, committed 30464K, reserved 1075200K
  class space    used 3791K, capacity 4024K, committed 4096K, reserved 1048576K
Event: 4.620 GC heap after
Heap after GC invocations=6 (full 1):
 PSYoungGen      total 138240K, used 5088K [0x00000000d5e00000, 0x00000000e0400000, 0x0000000100000000)
  eden space 133120K, 0% used [0x00000000d5e00000,0x00000000d5e00000,0x00000000de000000)
  from space 5120K, 99% used [0x00000000de000000,0x00000000de4f8020,0x00000000de500000)
  to   space 13312K, 0% used [0x00000000df700000,0x00000000df700000,0x00000000e0400000)
 ParOldGen       total 69120K, used 19278K [0x0000000081a00000, 0x0000000085d80000, 0x00000000d5e00000)
  object space 69120K, 27% used [0x0000000081a00000,0x0000000082cd3870,0x0000000085d80000)
 Metaspace       used 29261K, capacity 30312K, committed 30464K, reserved 1075200K
  class space    used 3791K, capacity 4024K, committed 4096K, reserved 1048576K
}
Event: 5.907 GC heap before
{Heap before GC invocations=7 (full 1):
 PSYoungGen      total 138240K, used 78912K [0x00000000d5e00000, 0x00000000e0400000, 0x0000000100000000)
  eden space 133120K, 55% used [0x00000000d5e00000,0x00000000da6180e8,0x00000000de000000)
  from space 5120K, 99% used [0x00000000de000000,0x00000000de4f8020,0x00000000de500000)
  to   space 13312K, 0% used [0x00000000df700000,0x00000000df700000,0x00000000e0400000)
 ParOldGen       total 69120K, used 19278K [0x0000000081a00000, 0x0000000085d80000, 0x00000000d5e00000)
  object space 69120K, 27% used [0x0000000081a00000,0x0000000082cd3870,0x0000000085d80000)
 Metaspace       used 34011K, capacity 35448K, committed 35456K, reserved 1079296K
  class space    used 4411K, capacity 4728K, committed 4736K, reserved 1048576K
Event: 5.925 GC heap after
Heap after GC invocations=7 (full 1):
 PSYoungGen      total 154112K, used 13285K [0x00000000d5e00000, 0x00000000e3b00000, 0x0000000100000000)
  eden space 140800K, 0% used [0x00000000d5e00000,0x00000000d5e00000,0x00000000de780000)
  from space 13312K, 99% used [0x00000000df700000,0x00000000e03f9550,0x00000000e0400000)
  to   space 15872K, 0% used [0x00000000de780000,0x00000000de780000,0x00000000df700000)
 ParOldGen       total 69120K, used 20186K [0x0000000081a00000, 0x0000000085d80000, 0x00000000d5e00000)
  object space 69120K, 29% used [0x0000000081a00000,0x0000000082db6ba0,0x0000000085d80000)
 Metaspace       used 34011K, capacity 35448K, committed 35456K, reserved 1079296K
  class space    used 4411K, capacity 4728K, committed 4736K, reserved 1048576K
}
Event: 5.925 GC heap before
{Heap before GC invocations=8 (full 2):
 PSYoungGen      total 154112K, used 13285K [0x00000000d5e00000, 0x00000000e3b00000, 0x0000000100000000)
  eden space 140800K, 0% used [0x00000000d5e00000,0x00000000d5e00000,0x00000000de780000)
  from space 13312K, 99% used [0x00000000df700000,0x00000000e03f9550,0x00000000e0400000)
  to   space 15872K, 0% used [0x00000000de780000,0x00000000de780000,0x00000000df700000)
 ParOldGen       total 69120K, used 20186K [0x0000000081a00000, 0x0000000085d80000, 0x00000000d5e00000)
  object space 69120K, 29% used [0x0000000081a00000,0x0000000082db6ba0,0x0000000085d80000)
 Metaspace       used 34011K, capacity 35448K, committed 35456K, reserved 1079296K
  class space    used 4411K, capacity 4728K, committed 4736K, reserved 1048576K
Event: 6.027 GC heap after
Heap after GC invocations=8 (full 2):
 PSYoungGen      total 154112K, used 0K [0x00000000d5e00000, 0x00000000e3b00000, 0x0000000100000000)
  eden space 140800K, 0% used [0x00000000d5e00000,0x00000000d5e00000,0x00000000de780000)
  from space 13312K, 0% used [0x00000000df700000,0x00000000df700000,0x00000000e0400000)
  to   space 15872K, 0% used [0x00000000de780000,0x00000000de780000,0x00000000df700000)
 ParOldGen       total 111616K, used 24032K [0x0000000081a00000, 0x0000000088700000, 0x00000000d5e00000)
  object space 111616K, 21% used [0x0000000081a00000,0x0000000083178190,0x0000000088700000)
 Metaspace       used 34011K, capacity 35448K, committed 35456K, reserved 1079296K
  class space    used 4411K, capacity 4728K, committed 4736K, reserved 1048576K
}

Deoptimization events (10 events):
Event: 6.190 Thread 0x000000001ab28800 Uncommon trap: reason=bimorphic action=maybe_recompile pc=0x000000000357fd4c method=java.util.Hashtable.get(Ljava/lang/Object;)Ljava/lang/Object; @ 6
Event: 6.191 Thread 0x000000001ab28800 Uncommon trap: reason=bimorphic action=maybe_recompile pc=0x000000000357fd4c method=java.util.Hashtable.get(Ljava/lang/Object;)Ljava/lang/Object; @ 6
Event: 6.193 Thread 0x000000001ab28800 Uncommon trap: reason=class_check action=maybe_recompile pc=0x000000000304e754 method=java.lang.StringCoding$StringDecoder.decode([BII)[C @ 30
Event: 6.195 Thread 0x000000001ab28800 Uncommon trap: reason=bimorphic action=maybe_recompile pc=0x000000000357fd4c method=java.util.Hashtable.get(Ljava/lang/Object;)Ljava/lang/Object; @ 6
Event: 6.195 Thread 0x000000001ab28800 Uncommon trap: reason=bimorphic action=maybe_recompile pc=0x000000000357fd4c method=java.util.Hashtable.get(Ljava/lang/Object;)Ljava/lang/Object; @ 6
Event: 6.493 Thread 0x000000001ab28800 Uncommon trap: reason=null_check action=make_not_entrant pc=0x0000000003a1e89c method=java.net.URL.getURLStreamHandler(Ljava/lang/String;)Ljava/net/URLStreamHandler; @ 7
Event: 6.514 Thread 0x000000001ab28800 Uncommon trap: reason=class_check action=maybe_recompile pc=0x000000000325d7a0 method=java.util.zip.InflaterInputStream.read([BII)I @ 100
Event: 6.516 Thread 0x000000001ab28800 Uncommon trap: reason=class_check action=maybe_recompile pc=0x000000000325d7a0 method=java.util.zip.InflaterInputStream.read([BII)I @ 100
Event: 6.516 Thread 0x000000001ab28800 Uncommon trap: reason=class_check action=maybe_recompile pc=0x000000000325d7a0 method=java.util.zip.InflaterInputStream.read([BII)I @ 100
Event: 6.517 Thread 0x000000001ab28800 Uncommon trap: reason=class_check action=maybe_recompile pc=0x000000000325d7a0 method=java.util.zip.InflaterInputStream.read([BII)I @ 100

Classes redefined (0 events):
No events

Internal exceptions (10 events):
Event: 5.110 Thread 0x000000001ab28800 Exception <a 'java/lang/ClassNotFoundException': org/springframework/beans/factory/AwareCustomizer> (0x00000000d83ccb68) thrown at [C:\re\workspace\8-2-build-windows-amd64-cygwin\jdk8u211\12973\hotspot\src\share\vm\classfile\systemDictionary.cpp, line 210
Event: 5.111 Thread 0x000000001ab28800 Exception <a 'java/lang/ClassNotFoundException': org/springframework/core/OrderedCustomizer> (0x00000000d83e6740) thrown at [C:\re\workspace\8-2-build-windows-amd64-cygwin\jdk8u211\12973\hotspot\src\share\vm\classfile\systemDictionary.cpp, line 210]
Event: 5.111 Thread 0x000000001ab28800 Exception <a 'java/lang/ClassNotFoundException': org/springframework/beans/factory/BeanClassLoaderAwareCustomizer> (0x00000000d840a968) thrown at [C:\re\workspace\8-2-build-windows-amd64-cygwin\jdk8u211\12973\hotspot\src\share\vm\classfile\systemDictionar
Event: 5.112 Thread 0x000000001ab28800 Exception <a 'java/lang/ClassNotFoundException': org/springframework/beans/factory/AwareCustomizer> (0x00000000d8428a18) thrown at [C:\re\workspace\8-2-build-windows-amd64-cygwin\jdk8u211\12973\hotspot\src\share\vm\classfile\systemDictionary.cpp, line 210
Event: 5.113 Thread 0x000000001ab28800 Exception <a 'java/lang/ClassNotFoundException': org/springframework/aop/framework/AopInfrastructureBeanCustomizer> (0x00000000d844c030) thrown at [C:\re\workspace\8-2-build-windows-amd64-cygwin\jdk8u211\12973\hotspot\src\share\vm\classfile\systemDictiona
Event: 5.127 Thread 0x000000001ab28800 Exception <a 'java/lang/NoSuchMethodError': java.lang.Object.lambda$thenComparing$36697e65$1(Ljava/util/Comparator;Ljava/lang/Object;Ljava/lang/Object;)I> (0x00000000d857fff0) thrown at [C:\re\workspace\8-2-build-windows-amd64-cygwin\jdk8u211\12973\hotspo
Event: 6.493 Thread 0x000000001ab28800 Implicit null exception at 0x0000000003a1c257 to 0x0000000003a1e891
Event: 6.620 Thread 0x000000001ab28800 Exception <a 'java/io/FileNotFoundException'> (0x00000000da489c28) thrown at [C:\re\workspace\8-2-build-windows-amd64-cygwin\jdk8u211\12973\hotspot\src\share\vm\prims\jni.cpp, line 710]
Event: 6.672 Thread 0x000000001ab28800 Exception <a 'java/lang/NoSuchMethodError': java.lang.Object.lambda$static$0(Ljava/lang/String;)Ljava/lang/String;> (0x00000000da68c5f8) thrown at [C:\re\workspace\8-2-build-windows-amd64-cygwin\jdk8u211\12973\hotspot\src\share\vm\interpreter\linkResolver
Event: 6.696 Thread 0x000000001ab28800 Exception <a 'java/lang/NoSuchMethodError': java.lang.Object.lambda$static$0(Ljava/lang/String;Lio/micrometer/core/instrument/Meter$Type;Ljava/lang/String;)Ljava/lang/String;> (0x00000000da823170) thrown at [C:\re\workspace\8-2-build-windows-amd64-cygwin\

Events (10 events):
Event: 6.700 loading class io/micrometer/core/instrument/internal/Mergeable
Event: 6.700 loading class io/micrometer/core/instrument/internal/Mergeable done
Event: 6.700 loading class java/util/function/ToDoubleFunction
Event: 6.700 loading class java/util/function/ToDoubleFunction done
Event: 6.700 loading class io/micrometer/core/instrument/search/RequiredSearch
Event: 6.700 loading class io/micrometer/core/instrument/search/RequiredSearch done
Event: 6.701 loading class io/micrometer/core/instrument/search/Search
Event: 6.701 loading class io/micrometer/core/instrument/search/Search done
Event: 6.703 loading class io/micrometer/core/lang/Nullable
Event: 6.703 loading class io/micrometer/core/lang/Nullable done


Dynamic libraries:
0x00007ff6da260000 - 0x00007ff6da297000 	D:\java\jdk1.8.0_211\bin\javaw.exe
0x00007ffbbe800000 - 0x00007ffbbe9f0000 	C:\Windows\SYSTEM32\ntdll.dll
0x00007ffbbc920000 - 0x00007ffbbc9d2000 	C:\Windows\System32\KERNEL32.DLL
0x00007ffbbb890000 - 0x00007ffbbbb32000 	C:\Windows\System32\KERNELBASE.dll
0x00007ffbbd730000 - 0x00007ffbbd7d3000 	C:\Windows\System32\ADVAPI32.dll
0x00007ffbbdb60000 - 0x00007ffbbdbfe000 	C:\Windows\System32\msvcrt.dll
0x00007ffbbdc00000 - 0x00007ffbbdc97000 	C:\Windows\System32\sechost.dll
0x00007ffbbcc30000 - 0x00007ffbbcd50000 	C:\Windows\System32\RPCRT4.dll
0x00007ffbbd1c0000 - 0x00007ffbbd353000 	C:\Windows\System32\USER32.dll
0x00007ffbbc4c0000 - 0x00007ffbbc4e1000 	C:\Windows\System32\win32u.dll
0x00007ffbbe790000 - 0x00007ffbbe7b6000 	C:\Windows\System32\GDI32.dll
0x00007ffbbc2c0000 - 0x00007ffbbc454000 	C:\Windows\System32\gdi32full.dll
0x00007ffbbc790000 - 0x00007ffbbc82e000 	C:\Windows\System32\msvcp_win.dll
0x00007ffbbb790000 - 0x00007ffbbb88a000 	C:\Windows\System32\ucrtbase.dll
0x00007ffbb2a00000 - 0x00007ffbb2c85000 	C:\Windows\WinSxS\amd64_microsoft.windows.common-controls_6595b64144ccf1df_6.0.18362.86_none_a143621e519dc228\COMCTL32.dll
0x00007ffbbd370000 - 0x00007ffbbd6a6000 	C:\Windows\System32\combase.dll
0x00007ffbbc830000 - 0x00007ffbbc8b1000 	C:\Windows\System32\bcryptPrimitives.dll
0x00007ffbbdca0000 - 0x00007ffbbdcce000 	C:\Windows\System32\IMM32.DLL
0x00007ffbba270000 - 0x00007ffbba38b000 	C:\Windows\SYSTEM32\mvshookg_x64.dll
0x00007ffbbe560000 - 0x00007ffbbe6b6000 	C:\Windows\System32\ole32.dll
0x00007ffbbda10000 - 0x00007ffbbdadf000 	C:\Windows\System32\comdlg32.dll
0x00007ffbbcab0000 - 0x00007ffbbcb59000 	C:\Windows\System32\shcore.dll
0x00007ffbbc8c0000 - 0x00007ffbbc912000 	C:\Windows\System32\SHLWAPI.dll
0x00007ffbbdcd0000 - 0x00007ffbbe3b0000 	C:\Windows\System32\SHELL32.dll
0x00007ffbbc640000 - 0x00007ffbbc68a000 	C:\Windows\System32\cfgmgr32.dll
0x00007ffbbbb40000 - 0x00007ffbbc2bb000 	C:\Windows\System32\windows.storage.dll
0x00007ffbbb770000 - 0x00007ffbbb78f000 	C:\Windows\System32\profapi.dll
0x00007ffbbb700000 - 0x00007ffbbb74a000 	C:\Windows\System32\powrprof.dll
0x00007ffbbb6d0000 - 0x00007ffbbb6e0000 	C:\Windows\System32\UMPDC.dll
0x00007ffbbb6e0000 - 0x00007ffbbb6f1000 	C:\Windows\System32\kernel.appcore.dll
0x00007ffbbc690000 - 0x00007ffbbc6a7000 	C:\Windows\System32\cryptsp.dll
0x00007ffbbdae0000 - 0x00007ffbbdae8000 	C:\Windows\System32\psapi.dll
0x00007ffbba1a0000 - 0x00007ffbba1b7000 	C:\Windows\SYSTEM32\NETAPI32.dll
0x00007ffbba170000 - 0x00007ffbba196000 	C:\Windows\SYSTEM32\SRVCLI.DLL
0x0000000076d20000 - 0x0000000076df2000 	D:\java\jdk1.8.0_211\jre\bin\msvcr100.dll
0x0000000074bf0000 - 0x0000000075495000 	D:\java\jdk1.8.0_211\jre\bin\server\jvm.dll
0x00007ffbb5200000 - 0x00007ffbb5209000 	C:\Windows\SYSTEM32\WSOCK32.dll
0x00007ffbbc9e0000 - 0x00007ffbbca4f000 	C:\Windows\System32\WS2_32.dll
0x00007ffbb2890000 - 0x00007ffbb28b4000 	C:\Windows\SYSTEM32\WINMM.dll
0x00007ffbba110000 - 0x00007ffbba11a000 	C:\Windows\SYSTEM32\VERSION.dll
0x00007ffbb2860000 - 0x00007ffbb288d000 	C:\Windows\SYSTEM32\WINMMBASE.dll
0x00007ffbb8270000 - 0x00007ffbb827f000 	D:\java\jdk1.8.0_211\jre\bin\verify.dll
0x00007ffbb2550000 - 0x00007ffbb2579000 	D:\java\jdk1.8.0_211\jre\bin\java.dll
0x00007ffbb7f60000 - 0x00007ffbb7f76000 	D:\java\jdk1.8.0_211\jre\bin\zip.dll
0x00007ffbb5210000 - 0x00007ffbb522a000 	D:\java\jdk1.8.0_211\jre\bin\net.dll
0x00007ffbac250000 - 0x00007ffbac424000 	C:\Windows\SYSTEM32\urlmon.dll
0x00007ffbabfa0000 - 0x00007ffbac246000 	C:\Windows\SYSTEM32\iertutil.dll
0x00007ffbbb110000 - 0x00007ffbbb11c000 	C:\Windows\SYSTEM32\CRYPTBASE.DLL
0x00007ffbbaf40000 - 0x00007ffbbafa7000 	C:\Windows\system32\mswsock.dll
0x00007ffbbaca0000 - 0x00007ffbbacda000 	C:\Windows\SYSTEM32\IPHLPAPI.DLL
0x00007ffbbd360000 - 0x00007ffbbd368000 	C:\Windows\System32\NSI.dll
0x00007ffbb3bd0000 - 0x00007ffbb3be6000 	C:\Windows\SYSTEM32\dhcpcsvc6.DLL
0x00007ffbb3ec0000 - 0x00007ffbb3edc000 	C:\Windows\SYSTEM32\dhcpcsvc.DLL
0x00007ffbbacf0000 - 0x00007ffbbadba000 	C:\Windows\SYSTEM32\DNSAPI.dll
0x00007ffbb02a0000 - 0x00007ffbb02aa000 	C:\Windows\System32\rasadhlp.dll
0x00007ffbb37e0000 - 0x00007ffbb3857000 	C:\Windows\System32\fwpuclnt.dll
0x00007ffbbc760000 - 0x00007ffbbc786000 	C:\Windows\System32\bcrypt.dll
0x00007ffbb8260000 - 0x00007ffbb826d000 	D:\java\jdk1.8.0_211\jre\bin\management.dll
0x00007ffba3c90000 - 0x00007ffba3ca6000 	C:\Windows\system32\napinsp.dll
0x00007ffba3c00000 - 0x00007ffba3c1a000 	C:\Windows\system32\pnrpnsp.dll
0x00007ffba3bf0000 - 0x00007ffba3bfe000 	C:\Windows\System32\winrnr.dll
0x00007ffbb7e20000 - 0x00007ffbb7e3c000 	C:\Windows\system32\NLAapi.dll
0x00007ffbb71d0000 - 0x00007ffbb71e5000 	C:\Windows\system32\wshbth.dll
0x00007ffbb2400000 - 0x00007ffbb2412000 	D:\java\jdk1.8.0_211\jre\bin\nio.dll
0x00007ffbbab00000 - 0x00007ffbbab33000 	C:\Windows\system32\rsaenh.dll
0x00007ffbbb5f0000 - 0x00007ffbbb615000 	C:\Windows\SYSTEM32\USERENV.dll

VM Arguments:
jvm_args: -Dfile.encoding=utf-8 
java_command: kui.feign_client.FeignClientStarter
java_class_path (initial): E:\git\git\graduation\feign_client\target\classes;D:\mvnRepo\org\springframework\boot\spring-boot-devtools\2.1.3.RELEASE\spring-boot-devtools-2.1.3.RELEASE.jar;D:\mvnRepo\org\springframework\boot\spring-boot\2.1.3.RELEASE\spring-boot-2.1.3.RELEASE.jar;D:\mvnRepo\org\springframework\spring-context\5.1.5.RELEASE\spring-context-5.1.5.RELEASE.jar;D:\mvnRepo\org\springframework\boot\spring-boot-autoconfigure\2.1.3.RELEASE\spring-boot-autoconfigure-2.1.3.RELEASE.jar;D:\mvnRepo\org\springframework\boot\spring-boot-starter-web\2.1.3.RELEASE\spring-boot-starter-web-2.1.3.RELEASE.jar;D:\mvnRepo\org\springframework\boot\spring-boot-starter\2.1.3.RELEASE\spring-boot-starter-2.1.3.RELEASE.jar;D:\mvnRepo\org\springframework\boot\spring-boot-starter-logging\2.1.3.RELEASE\spring-boot-starter-logging-2.1.3.RELEASE.jar;D:\mvnRepo\ch\qos\logback\logback-classic\1.2.3\logback-classic-1.2.3.jar;D:\mvnRepo\ch\qos\logback\logback-core\1.2.3\logback-core-1.2.3.jar;D:\mvnRepo\org\apache\logging\log4j\log4j-to-slf4j\2.11.2\log4j-to-slf4j-2.11.2.jar;D:\mvnRepo\org\apache\logging\log4j\log4j-api\2.11.2\log4j-api-2.11.2.jar;D:\mvnRepo\org\slf4j\jul-to-slf4j\1.7.25\jul-to-slf4j-1.7.25.jar;D:\mvnRepo\javax\annotation\javax.annotation-api\1.3.2\javax.annotation-api-1.3.2.jar;D:\mvnRepo\org\yaml\snakeyaml\1.23\snakeyaml-1.23.jar;D:\mvnRepo\org\springframework\boot\spring-boot-starter-json\2.1.3.RELEASE\spring-boot-starter-json-2.1.3.RELEASE.jar;D:\mvnRepo\com\fasterxml\jackson\core\jackson-databind\2.9.8\jackson-databind-2.9.8.jar;D:\mvnRepo\com\fasterxml\jackson\core\jackson-annotations\2.9.0\jackson-annotations-2.9.0.jar;D:\mvnRepo\com\fasterxml\jackson\core\jackson-core\2.9.8\jackson-core-2.9.8.jar;D:\mvnRepo\com\fasterxml\jackson\datatype\jackson-datatype-jdk8\2.9.8\jackson-datatype-jdk8-2.9.8.jar;D:\mvnRepo\com\fasterxml\jackson\datatype\jackson-datatype-jsr310\2.9.8\jackson-datatype-jsr310-2.9.8.jar;D:\mvnRepo\com\fasterxml\jackson\module\jackson-module-parameter-
Launcher Type: SUN_STANDARD

Environment Variables:
JAVA_HOME=D:\java\jdk1.8.0_211
PATH=D:/java/jre1.8.0_211/bin/server;D:/java/jre1.8.0_211/bin;D:/java/jre1.8.0_211/lib/amd64;C:\Program Files (x86)\Common Files\Oracle\Java\javapath;C:\Windows\system32;C:\Windows;C:\Windows\System32\Wbem;C:\Windows\System32\WindowsPowerShell\v1.0\;C:\Windows\System32\OpenSSH\;D:\db\mysql-8.0.16-winx64\bin;D:\java\jdk1.8.0_211\bin;D:\apache-maven-3.6.1\bin;D:\programFiles\Git\cmd;C:\Users\52822\AppData\Local\Microsoft\WindowsApps;;D:\eclipse-jee-2018-09-win32-x86_64\eclipse;
USERNAME=52822
OS=Windows_NT
PROCESSOR_IDENTIFIER=Intel64 Family 6 Model 78 Stepping 3, GenuineIntel



---------------  S Y S T E M  ---------------

OS: Windows 10.0 , 64 bit Build 18362 (10.0.18362.86)

CPU:total 4 (initial active 4) (2 cores per cpu, 2 threads per core) family 6 model 78 stepping 3, cmov, cx8, fxsr, mmx, sse, sse2, sse3, ssse3, sse4.1, sse4.2, popcnt, avx, avx2, aes, clmul, erms, 3dnowpref, lzcnt, ht, tsc, tscinvbit, bmi1, bmi2, adx

Memory: 4k page, physical 8281888k(702520k free), swap 16146460k(5688k free)

vm_info: Java HotSpot(TM) 64-Bit Server VM (25.211-b12) for windows-amd64 JRE (1.8.0_211-b12), built on Apr  1 2019 20:53:26 by "java_re" with MS VC++ 10.0 (VS2010)

time: Wed May 08 16:50:06 2019
timezone: 中国标准时间
elapsed time: 6 seconds (0d 0h 0m 6s)

