#
# There is insufficient memory for the Java Runtime Environment to continue.
# Native memory allocation (malloc) failed to allocate 1057616 bytes for Chunk::new
# Possible reasons:
#   The system is out of physical RAM or swap space
#   The process is running with CompressedOops enabled, and the Java Heap may be blocking the growth of the native heap
# Possible solutions:
#   Reduce memory load on the system
#   Increase physical memory or swap space
#   Check if swap backing store is full
#   Decrease Java heap size (-Xmx/-Xms)
#   Decrease number of Java threads
#   Decrease Java thread stack sizes (-Xss)
#   Set larger code cache with -XX:ReservedCodeCacheSize=
#   JVM is running with Unscaled Compressed Oops mode in which the Java heap is
#     placed in the first 4GB address space. The Java Heap base address is the
#     maximum limit for the native heap growth. Please use -XX:HeapBaseMinAddress
#     to set the Java Heap base and to place the Java Heap above 4GB virtual address.
# This output file may be truncated or incomplete.
#
#  Out of Memory Error (allocation.cpp:389), pid=23184, tid=0x000000000000dc74
#
# JRE version: Java(TM) SE Runtime Environment (8.0_211-b12) (build 1.8.0_211-b12)
# Java VM: Java HotSpot(TM) 64-Bit Server VM (25.211-b12 mixed mode windows-amd64 compressed oops)
# Failed to write core dump. Minidumps are not enabled by default on client versions of Windows
#

---------------  T H R E A D  ---------------

Current thread (0x0000000018889000):  JavaThread "C2 CompilerThread1" daemon [_thread_in_native, id=56436, stack(0x0000000018f30000,0x0000000019030000)]

Stack: [0x0000000018f30000,0x0000000019030000]
[error occurred during error reporting (printing stack bounds), id 0xc0000005]

Native frames: (J=compiled Java code, j=interpreted, Vv=VM code, C=native code)


Current CompileTask:
C2:  29712 6303   !   4       org.springframework.util.ClassUtils::getMostSpecificMethod (72 bytes)


---------------  P R O C E S S  ---------------

Java Threads: ( => current thread )
  0x00000000196c8000 JavaThread "NFLoadBalancer-PingTimer-service-recommend" daemon [_thread_blocked, id=23380, stack(0x0000000024f30000,0x0000000025030000)]
  0x00000000196c6800 JavaThread "RibbonApacheHttpClientConfiguration.connectionManagerTimer" daemon [_thread_blocked, id=49884, stack(0x0000000024e30000,0x0000000024f30000)]
  0x00000000196c6000 JavaThread "NFLoadBalancer-PingTimer-service-comment" daemon [_thread_blocked, id=54036, stack(0x0000000024d30000,0x0000000024e30000)]
  0x00000000196c7800 JavaThread "RibbonApacheHttpClientConfiguration.connectionManagerTimer" daemon [_thread_blocked, id=53112, stack(0x0000000024c30000,0x0000000024d30000)]
  0x000000001d2f1800 JavaThread "Keep-Alive-Timer" daemon [_thread_blocked, id=22948, stack(0x0000000023950000,0x0000000023a50000)]
  0x000000001d2f1000 JavaThread "PollingServerListUpdater-1" daemon [_thread_blocked, id=53340, stack(0x0000000023850000,0x0000000023950000)]
  0x000000001d2f0000 JavaThread "NFLoadBalancer-PingTimer-service-news" daemon [_thread_blocked, id=35128, stack(0x0000000023750000,0x0000000023850000)]
  0x000000001d2ef800 JavaThread "RibbonApacheHttpClientConfiguration.connectionManagerTimer" daemon [_thread_blocked, id=57960, stack(0x0000000023650000,0x0000000023750000)]
  0x000000001d2ee800 JavaThread "DataPublisher" daemon [_thread_blocked, id=56768, stack(0x0000000023550000,0x0000000023650000)]
  0x000000001d2ee000 JavaThread "PollingServerListUpdater-0" daemon [_thread_blocked, id=56432, stack(0x0000000023450000,0x0000000023550000)]
  0x000000001d2e6800 JavaThread "NFLoadBalancer-PingTimer-service-user" daemon [_thread_blocked, id=24380, stack(0x0000000023350000,0x0000000023450000)]
  0x000000001d2e7000 JavaThread "RibbonApacheHttpClientConfiguration.connectionManagerTimer" daemon [_thread_blocked, id=56732, stack(0x0000000023250000,0x0000000023350000)]
  0x000000001d2ed000 JavaThread "DestroyJavaVM" [_thread_blocked, id=52760, stack(0x0000000002780000,0x0000000002880000)]
  0x000000001d2ec800 JavaThread "http-nio-80-Acceptor-0" daemon [_thread_in_native, id=54932, stack(0x0000000023150000,0x0000000023250000)]
  0x000000001d2e5000 JavaThread "http-nio-80-ClientPoller-1" daemon [_thread_in_native, id=52388, stack(0x0000000023050000,0x0000000023150000)]
  0x000000001d2e5800 JavaThread "http-nio-80-ClientPoller-0" daemon [_thread_in_native, id=44848, stack(0x0000000022f50000,0x0000000023050000)]
  0x000000001d2eb800 JavaThread "http-nio-80-exec-10" daemon [_thread_blocked, id=57396, stack(0x0000000022e50000,0x0000000022f50000)]
  0x000000001d2e4000 JavaThread "http-nio-80-exec-9" daemon [_thread_blocked, id=21380, stack(0x0000000022d50000,0x0000000022e50000)]
  0x000000001d2eb000 JavaThread "http-nio-80-exec-8" daemon [_thread_blocked, id=46512, stack(0x0000000022c50000,0x0000000022d50000)]
  0x000000001d2e3800 JavaThread "http-nio-80-exec-7" daemon [_thread_blocked, id=45308, stack(0x0000000022b50000,0x0000000022c50000)]
  0x000000001d2e8000 JavaThread "http-nio-80-exec-6" daemon [_thread_in_native, id=53032, stack(0x0000000022a50000,0x0000000022b50000)]
  0x000000001d2ea000 JavaThread "http-nio-80-exec-5" daemon [_thread_blocked, id=54244, stack(0x0000000022950000,0x0000000022a50000)]
  0x000000001d2e2800 JavaThread "http-nio-80-exec-4" daemon [_thread_blocked, id=52940, stack(0x0000000022850000,0x0000000022950000)]
  0x000000001d2e9800 JavaThread "http-nio-80-exec-3" daemon [_thread_blocked, id=52944, stack(0x0000000022750000,0x0000000022850000)]
  0x000000001d2e8800 JavaThread "http-nio-80-exec-2" daemon [_thread_blocked, id=52308, stack(0x0000000022650000,0x0000000022750000)]
  0x000000001c122000 JavaThread "http-nio-80-exec-1" daemon [_thread_blocked, id=22384, stack(0x0000000022550000,0x0000000022650000)]
  0x000000001c121800 JavaThread "NioBlockingSelector.BlockPoller-1" daemon [_thread_in_native, id=50004, stack(0x0000000022450000,0x0000000022550000)]
  0x000000001c120000 JavaThread "DiscoveryClient-InstanceInfoReplicator-0" daemon [_thread_blocked, id=52172, stack(0x0000000022250000,0x0000000022350000)]
  0x000000001c11e800 JavaThread "DiscoveryClient-1" daemon [_thread_blocked, id=55520, stack(0x0000000022150000,0x0000000022250000)]
  0x000000001c11d800 JavaThread "DiscoveryClient-0" daemon [_thread_blocked, id=36972, stack(0x0000000021d20000,0x0000000021e20000)]
  0x000000001c11f000 JavaThread "AsyncResolver-bootstrap-0" daemon [_thread_blocked, id=24088, stack(0x0000000021c20000,0x0000000021d20000)]
  0x000000001c124800 JavaThread "Eureka-JerseyClient-Conn-Cleaner2" daemon [_thread_blocked, id=57444, stack(0x0000000021890000,0x0000000021990000)]
  0x000000001c120800 JavaThread "File Watcher" daemon [_thread_blocked, id=4088, stack(0x0000000021390000,0x0000000021490000)]
  0x000000001c663000 JavaThread "container-0" [_thread_blocked, id=36376, stack(0x0000000020e90000,0x0000000020f90000)]
  0x000000001d11b000 JavaThread "Catalina-utility-2" [_thread_blocked, id=57000, stack(0x0000000020d90000,0x0000000020e90000)]
  0x000000001f027000 JavaThread "Catalina-utility-1" [_thread_blocked, id=57676, stack(0x0000000020c90000,0x0000000020d90000)]
  0x000000001bab9800 JavaThread "spring.cloud.inetutils" daemon [_thread_blocked, id=56336, stack(0x000000001df70000,0x000000001e070000)]
  0x000000001dc85800 JavaThread "SimplePauseDetectorThread_0" daemon [_thread_blocked, id=25780, stack(0x000000001c880000,0x000000001c980000)]
  0x000000001d04e000 JavaThread "Thread-7" daemon [_thread_blocked, id=27600, stack(0x000000001adb0000,0x000000001aeb0000)]
  0x00000000188c0800 JavaThread "Service Thread" daemon [_thread_blocked, id=47344, stack(0x0000000019130000,0x0000000019230000)]
  0x0000000018894000 JavaThread "C1 CompilerThread2" daemon [_thread_blocked, id=57824, stack(0x0000000019030000,0x0000000019130000)]
=>0x0000000018889000 JavaThread "C2 CompilerThread1" daemon [_thread_in_native, id=56436, stack(0x0000000018f30000,0x0000000019030000)]
  0x00000000174e6800 JavaThread "C2 CompilerThread0" daemon [_thread_blocked, id=53136, stack(0x0000000018e30000,0x0000000018f30000)]
  0x0000000018873800 JavaThread "Attach Listener" daemon [_thread_blocked, id=55684, stack(0x0000000018d30000,0x0000000018e30000)]
  0x00000000174d4800 JavaThread "Signal Dispatcher" daemon [_thread_blocked, id=56884, stack(0x0000000018c30000,0x0000000018d30000)]
  0x00000000174ad000 JavaThread "Finalizer" daemon [_thread_blocked, id=34224, stack(0x0000000018730000,0x0000000018830000)]
  0x0000000002977000 JavaThread "Reference Handler" daemon [_thread_blocked, id=5644, stack(0x0000000018630000,0x0000000018730000)]

Other Threads:
  0x0000000017487000 VMThread [stack: 0x0000000018530000,0x0000000018630000] [id=38292]
  0x00000000188b7800 WatcherThread [stack: 0x0000000019230000,0x0000000019330000] [id=5536]

VM state:not at safepoint (normal execution)

VM Mutex/Monitor currently owned by a thread: None

heap address: 0x0000000081a00000, size: 2022 MB, Compressed Oops mode: 32-bit
Narrow klass base: 0x0000000000000000, Narrow klass shift: 3
Compressed class space size: 1073741824 Address: 0x0000000100000000

Heap:
 PSYoungGen      total 190464K, used 35725K [0x00000000d5e00000, 0x00000000e7600000, 0x0000000100000000)
  eden space 168960K, 21% used [0x00000000d5e00000,0x00000000d80e35c0,0x00000000e0300000)
  from space 21504K, 0% used [0x00000000e0300000,0x00000000e0300000,0x00000000e1800000)
  to   space 23040K, 0% used [0x00000000e5f80000,0x00000000e5f80000,0x00000000e7600000)
 ParOldGen       total 139776K, used 41013K [0x0000000081a00000, 0x000000008a280000, 0x00000000d5e00000)
  object space 139776K, 29% used [0x0000000081a00000,0x000000008420d630,0x000000008a280000)
 Metaspace       used 57226K, capacity 59954K, committed 59992K, reserved 1101824K
  class space    used 7579K, capacity 8055K, committed 8064K, reserved 1048576K

Card table byte_map: [0x0000000011d40000,0x0000000012140000] byte_map_base: 0x0000000011933000

Marking Bits: (ParMarkBitMap*) 0x0000000062995ce0
 Begin Bits: [0x00000000127f0000, 0x0000000014788000)
 End Bits:   [0x0000000014788000, 0x0000000016720000)

Polling page: 0x0000000000870000

CodeCache: size=245760Kb used=19370Kb max_used=19513Kb free=226389Kb
 bounds [0x0000000002980000, 0x0000000003d70000, 0x0000000011980000]
 total_blobs=5810 nmethods=5283 adapters=439
 compilation: enabled

Compilation events (10 events):
Event: 29.604 Thread 0x0000000018894000 6360       1       org.apache.coyote.Response::isCommitted (5 bytes)
Event: 29.604 Thread 0x0000000018894000 nmethod 6360 0x0000000003369f50 code [0x000000000336a0a0, 0x000000000336a1b0]
Event: 29.604 Thread 0x0000000018894000 6361       1       org.apache.coyote.Response::getStatus (5 bytes)
Event: 29.604 Thread 0x0000000018894000 nmethod 6361 0x0000000003000050 code [0x00000000030001a0, 0x00000000030002b0]
Event: 29.604 Thread 0x0000000018894000 6362       1       org.apache.coyote.AbstractProcessor::getErrorState (5 bytes)
Event: 29.604 Thread 0x0000000018894000 nmethod 6362 0x0000000002fe94d0 code [0x0000000002fe9620, 0x0000000002fe9730]
Event: 29.605 Thread 0x0000000018894000 6364       3       java.util.concurrent.locks.ReentrantLock$NonfairSync::tryAcquire (6 bytes)
Event: 29.605 Thread 0x0000000018894000 nmethod 6364 0x000000000395a610 code [0x000000000395a780, 0x000000000395a988]
Event: 29.605 Thread 0x0000000018894000 6365       3       java.util.concurrent.locks.AbstractQueuedSynchronizer::isOnSyncQueue (33 bytes)
Event: 29.606 Thread 0x0000000018894000 nmethod 6365 0x000000000321bf10 code [0x000000000321c080, 0x000000000321c410]

GC Heap History (10 events):
Event: 8.933 GC heap before
{Heap before GC invocations=10 (full 2):
 PSYoungGen      total 110080K, used 100352K [0x00000000d5e00000, 0x00000000e0a00000, 0x0000000100000000)
  eden space 100352K, 100% used [0x00000000d5e00000,0x00000000dc000000,0x00000000dc000000)
  from space 9728K, 0% used [0x00000000dc000000,0x00000000dc000000,0x00000000dc980000)
  to   space 13824K, 0% used [0x00000000dfc80000,0x00000000dfc80000,0x00000000e0a00000)
 ParOldGen       total 103936K, used 20846K [0x0000000081a00000, 0x0000000087f80000, 0x00000000d5e00000)
  object space 103936K, 20% used [0x0000000081a00000,0x0000000082e5ba10,0x0000000087f80000)
 Metaspace       used 38280K, capacity 39932K, committed 40152K, reserved 1083392K
  class space    used 4933K, capacity 5286K, committed 5376K, reserved 1048576K
Event: 8.948 GC heap after
Heap after GC invocations=10 (full 2):
 PSYoungGen      total 150528K, used 8650K [0x00000000d5e00000, 0x00000000e0500000, 0x0000000100000000)
  eden space 141824K, 0% used [0x00000000d5e00000,0x00000000d5e00000,0x00000000de880000)
  from space 8704K, 99% used [0x00000000dfc80000,0x00000000e04f2be0,0x00000000e0500000)
  to   space 13312K, 0% used [0x00000000deb00000,0x00000000deb00000,0x00000000df800000)
 ParOldGen       total 103936K, used 20854K [0x0000000081a00000, 0x0000000087f80000, 0x00000000d5e00000)
  object space 103936K, 20% used [0x0000000081a00000,0x0000000082e5da10,0x0000000087f80000)
 Metaspace       used 38280K, capacity 39932K, committed 40152K, reserved 1083392K
  class space    used 4933K, capacity 5286K, committed 5376K, reserved 1048576K
}
Event: 12.169 GC heap before
{Heap before GC invocations=11 (full 2):
 PSYoungGen      total 150528K, used 150474K [0x00000000d5e00000, 0x00000000e0500000, 0x0000000100000000)
  eden space 141824K, 100% used [0x00000000d5e00000,0x00000000de880000,0x00000000de880000)
  from space 8704K, 99% used [0x00000000dfc80000,0x00000000e04f2be0,0x00000000e0500000)
  to   space 13312K, 0% used [0x00000000deb00000,0x00000000deb00000,0x00000000df800000)
 ParOldGen       total 103936K, used 20854K [0x0000000081a00000, 0x0000000087f80000, 0x00000000d5e00000)
  object space 103936K, 20% used [0x0000000081a00000,0x0000000082e5da10,0x0000000087f80000)
 Metaspace       used 45447K, capacity 47760K, committed 48088K, reserved 1091584K
  class space    used 5901K, capacity 6326K, committed 6400K, reserved 1048576K
Event: 12.190 GC heap after
Heap after GC invocations=11 (full 2):
 PSYoungGen      total 157696K, used 13302K [0x00000000d5e00000, 0x00000000e2800000, 0x0000000100000000)
  eden space 144384K, 0% used [0x00000000d5e00000,0x00000000d5e00000,0x00000000deb00000)
  from space 13312K, 99% used [0x00000000deb00000,0x00000000df7fdbd0,0x00000000df800000)
  to   space 16384K, 0% used [0x00000000e1800000,0x00000000e1800000,0x00000000e2800000)
 ParOldGen       total 103936K, used 24763K [0x0000000081a00000, 0x0000000087f80000, 0x00000000d5e00000)
  object space 103936K, 23% used [0x0000000081a00000,0x000000008322eed0,0x0000000087f80000)
 Metaspace       used 45447K, capacity 47760K, committed 48088K, reserved 1091584K
  class space    used 5901K, capacity 6326K, committed 6400K, reserved 1048576K
}
Event: 20.402 GC heap before
{Heap before GC invocations=12 (full 2):
 PSYoungGen      total 157696K, used 157686K [0x00000000d5e00000, 0x00000000e2800000, 0x0000000100000000)
  eden space 144384K, 100% used [0x00000000d5e00000,0x00000000deb00000,0x00000000deb00000)
  from space 13312K, 99% used [0x00000000deb00000,0x00000000df7fdbd0,0x00000000df800000)
  to   space 16384K, 0% used [0x00000000e1800000,0x00000000e1800000,0x00000000e2800000)
 ParOldGen       total 103936K, used 24763K [0x0000000081a00000, 0x0000000087f80000, 0x00000000d5e00000)
  object space 103936K, 23% used [0x0000000081a00000,0x000000008322eed0,0x0000000087f80000)
 Metaspace       used 55636K, capacity 58322K, committed 58584K, reserved 1099776K
  class space    used 7371K, capacity 7835K, committed 7936K, reserved 1048576K
Event: 20.449 GC heap after
Heap after GC invocations=12 (full 2):
 PSYoungGen      total 185344K, used 16355K [0x00000000d5e00000, 0x00000000e3280000, 0x0000000100000000)
  eden space 168960K, 0% used [0x00000000d5e00000,0x00000000d5e00000,0x00000000e0300000)
  from space 16384K, 99% used [0x00000000e1800000,0x00000000e27f8c58,0x00000000e2800000)
  to   space 21504K, 0% used [0x00000000e0300000,0x00000000e0300000,0x00000000e1800000)
 ParOldGen       total 103936K, used 33919K [0x0000000081a00000, 0x0000000087f80000, 0x00000000d5e00000)
  object space 103936K, 32% used [0x0000000081a00000,0x0000000083b1fe60,0x0000000087f80000)
 Metaspace       used 55636K, capacity 58322K, committed 58584K, reserved 1099776K
  class space    used 7371K, capacity 7835K, committed 7936K, reserved 1048576K
}
Event: 20.744 GC heap before
{Heap before GC invocations=13 (full 2):
 PSYoungGen      total 185344K, used 33488K [0x00000000d5e00000, 0x00000000e3280000, 0x0000000100000000)
  eden space 168960K, 10% used [0x00000000d5e00000,0x00000000d6ebb630,0x00000000e0300000)
  from space 16384K, 99% used [0x00000000e1800000,0x00000000e27f8c58,0x00000000e2800000)
  to   space 21504K, 0% used [0x00000000e0300000,0x00000000e0300000,0x00000000e1800000)
 ParOldGen       total 103936K, used 33919K [0x0000000081a00000, 0x0000000087f80000, 0x00000000d5e00000)
  object space 103936K, 32% used [0x0000000081a00000,0x0000000083b1fe60,0x0000000087f80000)
 Metaspace       used 56241K, capacity 58882K, committed 59028K, reserved 1099776K
  class space    used 7466K, capacity 7909K, committed 7936K, reserved 1048576K
Event: 20.796 GC heap after
Heap after GC invocations=13 (full 2):
 PSYoungGen      total 190464K, used 17513K [0x00000000d5e00000, 0x00000000e7600000, 0x0000000100000000)
  eden space 168960K, 0% used [0x00000000d5e00000,0x00000000d5e00000,0x00000000e0300000)
  from space 21504K, 81% used [0x00000000e0300000,0x00000000e141a610,0x00000000e1800000)
  to   space 23040K, 0% used [0x00000000e5f80000,0x00000000e5f80000,0x00000000e7600000)
 ParOldGen       total 103936K, used 33919K [0x0000000081a00000, 0x0000000087f80000, 0x00000000d5e00000)
  object space 103936K, 32% used [0x0000000081a00000,0x0000000083b1fe60,0x0000000087f80000)
 Metaspace       used 56241K, capacity 58882K, committed 59028K, reserved 1099776K
  class space    used 7466K, capacity 7909K, committed 7936K, reserved 1048576K
}
Event: 20.796 GC heap before
{Heap before GC invocations=14 (full 3):
 PSYoungGen      total 190464K, used 17513K [0x00000000d5e00000, 0x00000000e7600000, 0x0000000100000000)
  eden space 168960K, 0% used [0x00000000d5e00000,0x00000000d5e00000,0x00000000e0300000)
  from space 21504K, 81% used [0x00000000e0300000,0x00000000e141a610,0x00000000e1800000)
  to   space 23040K, 0% used [0x00000000e5f80000,0x00000000e5f80000,0x00000000e7600000)
 ParOldGen       total 103936K, used 33919K [0x0000000081a00000, 0x0000000087f80000, 0x00000000d5e00000)
  object space 103936K, 32% used [0x0000000081a00000,0x0000000083b1fe60,0x0000000087f80000)
 Metaspace       used 56241K, capacity 58882K, committed 59028K, reserved 1099776K
  class space    used 7466K, capacity 7909K, committed 7936K, reserved 1048576K
Event: 21.015 GC heap after
Heap after GC invocations=14 (full 3):
 PSYoungGen      total 190464K, used 0K [0x00000000d5e00000, 0x00000000e7600000, 0x0000000100000000)
  eden space 168960K, 0% used [0x00000000d5e00000,0x00000000d5e00000,0x00000000e0300000)
  from space 21504K, 0% used [0x00000000e0300000,0x00000000e0300000,0x00000000e1800000)
  to   space 23040K, 0% used [0x00000000e5f80000,0x00000000e5f80000,0x00000000e7600000)
 ParOldGen       total 139776K, used 41013K [0x0000000081a00000, 0x000000008a280000, 0x00000000d5e00000)
  object space 139776K, 29% used [0x0000000081a00000,0x000000008420d630,0x000000008a280000)
 Metaspace       used 56241K, capacity 58882K, committed 59028K, reserved 1099776K
  class space    used 7466K, capacity 7909K, committed 7936K, reserved 1048576K
}

Deoptimization events (10 events):
Event: 21.228 Thread 0x000000001d2e3800 Uncommon trap: reason=bimorphic action=maybe_recompile pc=0x00000000036a107c method=java.util.AbstractList$Itr.next()Ljava/lang/Object; @ 14
Event: 23.936 Thread 0x000000001d2ea000 Uncommon trap: reason=unstable_if action=reinterpret pc=0x0000000002afc6c0 method=java.nio.Buffer.limit(I)Ljava/nio/Buffer; @ 33
Event: 23.937 Thread 0x000000001d2ea000 Uncommon trap: reason=bimorphic action=maybe_recompile pc=0x00000000036a107c method=java.util.AbstractList$Itr.next()Ljava/lang/Object; @ 14
Event: 23.937 Thread 0x000000001d2ea000 Uncommon trap: reason=bimorphic action=maybe_recompile pc=0x00000000036a107c method=java.util.AbstractList$Itr.next()Ljava/lang/Object; @ 14
Event: 24.005 Thread 0x000000001d2e2800 Uncommon trap: reason=null_check action=make_not_entrant pc=0x0000000003cf19ac method=org.springframework.core.annotation.AnnotatedElementUtils.searchWithFindSemantics(Ljava/lang/reflect/AnnotatedElement;Ljava/util/Set;Ljava/lang/String;Ljava/lang/Class;L
Event: 27.960 Thread 0x000000001d2e8000 Uncommon trap: reason=unstable_if action=reinterpret pc=0x00000000035b5694 method=java.nio.Buffer.<init>(IIII)V @ 66
Event: 27.972 Thread 0x000000001d2e8000 Uncommon trap: reason=bimorphic action=maybe_recompile pc=0x00000000039f6030 method=java.util.regex.Pattern$CharProperty$1.isSatisfiedBy(I)Z @ 5
Event: 27.972 Thread 0x000000001d2e8000 Uncommon trap: reason=bimorphic action=maybe_recompile pc=0x00000000039f6030 method=java.util.regex.Pattern$CharProperty$1.isSatisfiedBy(I)Z @ 5
Event: 27.972 Thread 0x000000001d2e8000 Uncommon trap: reason=bimorphic action=maybe_recompile pc=0x00000000039f6030 method=java.util.regex.Pattern$CharProperty$1.isSatisfiedBy(I)Z @ 5
Event: 27.972 Thread 0x000000001d2e8000 Uncommon trap: reason=bimorphic action=maybe_recompile pc=0x00000000039f6030 method=java.util.regex.Pattern$CharProperty$1.isSatisfiedBy(I)Z @ 5

Classes redefined (0 events):
No events

Internal exceptions (10 events):
Event: 23.998 Thread 0x000000001d2e2800 Exception <a 'java/lang/ArrayIndexOutOfBoundsException': -1> (0x00000000d6c2c260) thrown at [C:\re\workspace\8-2-build-windows-amd64-cygwin\jdk8u211\12973\hotspot\src\share\vm\interpreter\interpreterRuntime.cpp, line 368]
Event: 24.005 Thread 0x000000001d2e2800 Implicit null exception at 0x0000000003ce5f1a to 0x0000000003cf1979
Event: 24.019 Thread 0x000000001d2e2800 Exception <a 'java/lang/ArrayStoreException'> (0x00000000d6ce69e0) thrown at [C:\re\workspace\8-2-build-windows-amd64-cygwin\jdk8u211\12973\hotspot\src\share\vm\runtime\sharedRuntime.cpp, line 605]
Event: 27.960 Thread 0x000000001d2e8000 Exception <a 'java/lang/ArrayIndexOutOfBoundsException': -1> (0x00000000d7787f70) thrown at [C:\re\workspace\8-2-build-windows-amd64-cygwin\jdk8u211\12973\hotspot\src\share\vm\interpreter\interpreterRuntime.cpp, line 368]
Event: 27.960 Thread 0x000000001d2e8000 Exception <a 'java/lang/ArrayIndexOutOfBoundsException': -1> (0x00000000d77881a8) thrown at [C:\re\workspace\8-2-build-windows-amd64-cygwin\jdk8u211\12973\hotspot\src\share\vm\interpreter\interpreterRuntime.cpp, line 368]
Event: 27.995 Thread 0x000000001d2e8000 Exception <a 'java/lang/ArrayStoreException'> (0x00000000d78f5050) thrown at [C:\re\workspace\8-2-build-windows-amd64-cygwin\jdk8u211\12973\hotspot\src\share\vm\runtime\sharedRuntime.cpp, line 605]
Event: 29.521 Thread 0x000000001d2eb000 Exception <a 'java/lang/ArrayIndexOutOfBoundsException': -1> (0x00000000d6969c10) thrown at [C:\re\workspace\8-2-build-windows-amd64-cygwin\jdk8u211\12973\hotspot\src\share\vm\interpreter\interpreterRuntime.cpp, line 368]
Event: 29.521 Thread 0x000000001d2eb000 Exception <a 'java/lang/ArrayIndexOutOfBoundsException': -1> (0x00000000d6969e48) thrown at [C:\re\workspace\8-2-build-windows-amd64-cygwin\jdk8u211\12973\hotspot\src\share\vm\interpreter\interpreterRuntime.cpp, line 368]
Event: 29.534 Thread 0x000000001d2e4000 Exception <a 'java/lang/ArrayIndexOutOfBoundsException': -1> (0x00000000d6a6c640) thrown at [C:\re\workspace\8-2-build-windows-amd64-cygwin\jdk8u211\12973\hotspot\src\share\vm\interpreter\interpreterRuntime.cpp, line 368]
Event: 29.534 Thread 0x000000001d2e4000 Exception <a 'java/lang/ArrayIndexOutOfBoundsException': -1> (0x00000000d6a6c878) thrown at [C:\re\workspace\8-2-build-windows-amd64-cygwin\jdk8u211\12973\hotspot\src\share\vm\interpreter\interpreterRuntime.cpp, line 368]

Events (10 events):
Event: 29.533 Thread 0x00000000174e6800 flushing nmethod 0x00000000037f8050
Event: 29.535 Thread 0x0000000018894000 flushing nmethod 0x0000000003871c50
Event: 29.535 Thread 0x0000000018894000 flushing nmethod 0x000000000395a090
Event: 29.536 Thread 0x0000000018894000 flushing nmethod 0x0000000003a5db50
Event: 29.536 Thread 0x0000000018894000 flushing nmethod 0x0000000003a85590
Event: 29.537 Thread 0x0000000018894000 flushing nmethod 0x0000000003c23f90
Event: 29.599 Executing VM operation: RevokeBias
Event: 29.599 Executing VM operation: RevokeBias done
Event: 29.605 Executing VM operation: RevokeBias
Event: 29.605 Executing VM operation: RevokeBias done


Dynamic libraries:
0x00007ff601d00000 - 0x00007ff601d37000 	D:\java\jdk1.8.0_211\bin\javaw.exe
0x00007ffdd70a0000 - 0x00007ffdd7290000 	C:\Windows\SYSTEM32\ntdll.dll
0x00007ffdd57e0000 - 0x00007ffdd5892000 	C:\Windows\System32\KERNEL32.DLL
0x00007ffdd4a90000 - 0x00007ffdd4d32000 	C:\Windows\System32\KERNELBASE.dll
0x00007ffdd6a40000 - 0x00007ffdd6ae3000 	C:\Windows\System32\ADVAPI32.dll
0x00007ffdd5390000 - 0x00007ffdd542e000 	C:\Windows\System32\msvcrt.dll
0x00007ffdd5fe0000 - 0x00007ffdd6077000 	C:\Windows\System32\sechost.dll
0x00007ffdd5d80000 - 0x00007ffdd5ea0000 	C:\Windows\System32\RPCRT4.dll
0x00007ffdd5500000 - 0x00007ffdd5693000 	C:\Windows\System32\USER32.dll
0x00007ffdd4f90000 - 0x00007ffdd4fb1000 	C:\Windows\System32\win32u.dll
0x00007ffdd7030000 - 0x00007ffdd7056000 	C:\Windows\System32\GDI32.dll
0x00007ffdd4df0000 - 0x00007ffdd4f84000 	C:\Windows\System32\gdi32full.dll
0x00007ffdd4fc0000 - 0x00007ffdd505e000 	C:\Windows\System32\msvcp_win.dll
0x00007ffdd5060000 - 0x00007ffdd515a000 	C:\Windows\System32\ucrtbase.dll
0x00007ffdd0750000 - 0x00007ffdd09d5000 	C:\Windows\WinSxS\amd64_microsoft.windows.common-controls_6595b64144ccf1df_6.0.18362.86_none_a143621e519dc228\COMCTL32.dll
0x00007ffdd6cf0000 - 0x00007ffdd7026000 	C:\Windows\System32\combase.dll
0x00007ffdd48b0000 - 0x00007ffdd4931000 	C:\Windows\System32\bcryptPrimitives.dll
0x00007ffdd6b10000 - 0x00007ffdd6b3e000 	C:\Windows\System32\IMM32.DLL
0x00007ffdd2b10000 - 0x00007ffdd2c2b000 	C:\Windows\SYSTEM32\mvshookg_x64.dll
0x00007ffdd6830000 - 0x00007ffdd6986000 	C:\Windows\System32\ole32.dll
0x00007ffdd5710000 - 0x00007ffdd57df000 	C:\Windows\System32\comdlg32.dll
0x00007ffdd6090000 - 0x00007ffdd6139000 	C:\Windows\System32\shcore.dll
0x00007ffdd52d0000 - 0x00007ffdd5322000 	C:\Windows\System32\SHLWAPI.dll
0x00007ffdd6150000 - 0x00007ffdd6830000 	C:\Windows\System32\SHELL32.dll
0x00007ffdd4da0000 - 0x00007ffdd4dea000 	C:\Windows\System32\cfgmgr32.dll
0x00007ffdd4100000 - 0x00007ffdd487b000 	C:\Windows\System32\windows.storage.dll
0x00007ffdd3fa0000 - 0x00007ffdd3fbf000 	C:\Windows\System32\profapi.dll
0x00007ffdd3fc0000 - 0x00007ffdd400a000 	C:\Windows\System32\powrprof.dll
0x00007ffdd3f70000 - 0x00007ffdd3f80000 	C:\Windows\System32\UMPDC.dll
0x00007ffdd4010000 - 0x00007ffdd4021000 	C:\Windows\System32\kernel.appcore.dll
0x00007ffdd4030000 - 0x00007ffdd4047000 	C:\Windows\System32\cryptsp.dll
0x00007ffdd56a0000 - 0x00007ffdd56a8000 	C:\Windows\System32\psapi.dll
0x00007ffdd2a40000 - 0x00007ffdd2a57000 	C:\Windows\SYSTEM32\NETAPI32.dll
0x00007ffdd2a10000 - 0x00007ffdd2a36000 	C:\Windows\SYSTEM32\SRVCLI.DLL
0x0000000062a20000 - 0x0000000062af2000 	D:\java\jdk1.8.0_211\jre\bin\msvcr100.dll
0x0000000062170000 - 0x0000000062a15000 	D:\java\jdk1.8.0_211\jre\bin\server\jvm.dll
0x00007ffdd1d00000 - 0x00007ffdd1d09000 	C:\Windows\SYSTEM32\WSOCK32.dll
0x00007ffdd58a0000 - 0x00007ffdd590f000 	C:\Windows\System32\WS2_32.dll
0x00007ffdd0570000 - 0x00007ffdd0594000 	C:\Windows\SYSTEM32\WINMM.dll
0x00007ffdd29b0000 - 0x00007ffdd29ba000 	C:\Windows\SYSTEM32\VERSION.dll
0x00007ffdd04e0000 - 0x00007ffdd050d000 	C:\Windows\SYSTEM32\WINMMBASE.dll
0x00007ffdd0af0000 - 0x00007ffdd0aff000 	D:\java\jdk1.8.0_211\jre\bin\verify.dll
0x00007ffdc1270000 - 0x00007ffdc1299000 	D:\java\jdk1.8.0_211\jre\bin\java.dll
0x00007ffdcefb0000 - 0x00007ffdcefc6000 	D:\java\jdk1.8.0_211\jre\bin\zip.dll
0x00007ffdce430000 - 0x00007ffdce44a000 	D:\java\jdk1.8.0_211\jre\bin\net.dll
0x00007ffdc7b60000 - 0x00007ffdc7d34000 	C:\Windows\SYSTEM32\urlmon.dll
0x00007ffdc7850000 - 0x00007ffdc7af6000 	C:\Windows\SYSTEM32\iertutil.dll
0x00007ffdd39b0000 - 0x00007ffdd39bc000 	C:\Windows\SYSTEM32\CRYPTBASE.DLL
0x00007ffdd37e0000 - 0x00007ffdd3847000 	C:\Windows\system32\mswsock.dll
0x00007ffdd3540000 - 0x00007ffdd357a000 	C:\Windows\SYSTEM32\IPHLPAPI.DLL
0x00007ffdd6080000 - 0x00007ffdd6088000 	C:\Windows\System32\NSI.dll
0x00007ffdc8240000 - 0x00007ffdc8256000 	C:\Windows\SYSTEM32\dhcpcsvc6.DLL
0x00007ffdc8650000 - 0x00007ffdc866c000 	C:\Windows\SYSTEM32\dhcpcsvc.DLL
0x00007ffdd3590000 - 0x00007ffdd365a000 	C:\Windows\SYSTEM32\DNSAPI.dll
0x00007ffdc33b0000 - 0x00007ffdc33ba000 	C:\Windows\System32\rasadhlp.dll
0x00007ffdc77d0000 - 0x00007ffdc7847000 	C:\Windows\System32\fwpuclnt.dll
0x00007ffdd4880000 - 0x00007ffdd48a6000 	C:\Windows\System32\bcrypt.dll
0x00007ffdd0ab0000 - 0x00007ffdd0abd000 	D:\java\jdk1.8.0_211\jre\bin\management.dll
0x00007ffdc0f30000 - 0x00007ffdc0f46000 	C:\Windows\system32\napinsp.dll
0x00007ffdc0f10000 - 0x00007ffdc0f2a000 	C:\Windows\system32\pnrpnsp.dll
0x00007ffdc0f00000 - 0x00007ffdc0f0e000 	C:\Windows\System32\winrnr.dll
0x00007ffdd09f0000 - 0x00007ffdd0a0c000 	C:\Windows\system32\NLAapi.dll
0x00007ffdbdc30000 - 0x00007ffdbdc45000 	C:\Windows\system32\wshbth.dll
0x00007ffdcd5f0000 - 0x00007ffdcd602000 	D:\java\jdk1.8.0_211\jre\bin\nio.dll
0x00007ffdd33a0000 - 0x00007ffdd33d3000 	C:\Windows\system32\rsaenh.dll
0x00007ffdd3e90000 - 0x00007ffdd3eb5000 	C:\Windows\SYSTEM32\USERENV.dll
0x00007ffdbdda0000 - 0x00007ffdbddc4000 	D:\java\jdk1.8.0_211\jre\bin\sunec.dll

VM Arguments:
jvm_args: -Dfile.encoding=utf-8 
java_command: kui.feign_client.FeignClientStarter
java_class_path (initial): E:\git\git\graduation\feign_client\target\classes;D:\mvnRepo\org\springframework\boot\spring-boot-devtools\2.1.3.RELEASE\spring-boot-devtools-2.1.3.RELEASE.jar;D:\mvnRepo\org\springframework\boot\spring-boot\2.1.3.RELEASE\spring-boot-2.1.3.RELEASE.jar;D:\mvnRepo\org\springframework\spring-context\5.1.5.RELEASE\spring-context-5.1.5.RELEASE.jar;D:\mvnRepo\org\springframework\boot\spring-boot-autoconfigure\2.1.3.RELEASE\spring-boot-autoconfigure-2.1.3.RELEASE.jar;D:\mvnRepo\org\springframework\boot\spring-boot-starter-web\2.1.3.RELEASE\spring-boot-starter-web-2.1.3.RELEASE.jar;D:\mvnRepo\org\springframework\boot\spring-boot-starter\2.1.3.RELEASE\spring-boot-starter-2.1.3.RELEASE.jar;D:\mvnRepo\org\springframework\boot\spring-boot-starter-logging\2.1.3.RELEASE\spring-boot-starter-logging-2.1.3.RELEASE.jar;D:\mvnRepo\ch\qos\logback\logback-classic\1.2.3\logback-classic-1.2.3.jar;D:\mvnRepo\ch\qos\logback\logback-core\1.2.3\logback-core-1.2.3.jar;D:\mvnRepo\org\apache\logging\log4j\log4j-to-slf4j\2.11.2\log4j-to-slf4j-2.11.2.jar;D:\mvnRepo\org\apache\logging\log4j\log4j-api\2.11.2\log4j-api-2.11.2.jar;D:\mvnRepo\org\slf4j\jul-to-slf4j\1.7.25\jul-to-slf4j-1.7.25.jar;D:\mvnRepo\javax\annotation\javax.annotation-api\1.3.2\javax.annotation-api-1.3.2.jar;D:\mvnRepo\org\yaml\snakeyaml\1.23\snakeyaml-1.23.jar;D:\mvnRepo\org\springframework\boot\spring-boot-starter-json\2.1.3.RELEASE\spring-boot-starter-json-2.1.3.RELEASE.jar;D:\mvnRepo\com\fasterxml\jackson\core\jackson-databind\2.9.8\jackson-databind-2.9.8.jar;D:\mvnRepo\com\fasterxml\jackson\core\jackson-annotations\2.9.0\jackson-annotations-2.9.0.jar;D:\mvnRepo\com\fasterxml\jackson\core\jackson-core\2.9.8\jackson-core-2.9.8.jar;D:\mvnRepo\com\fasterxml\jackson\datatype\jackson-datatype-jdk8\2.9.8\jackson-datatype-jdk8-2.9.8.jar;D:\mvnRepo\com\fasterxml\jackson\datatype\jackson-datatype-jsr310\2.9.8\jackson-datatype-jsr310-2.9.8.jar;D:\mvnRepo\com\fasterxml\jackson\module\jackson-module-parameter-
Launcher Type: SUN_STANDARD

Environment Variables:
JAVA_HOME=D:\java\jdk1.7
PATH=C:\Windows\system32;C:\Windows;C:\Windows\System32\Wbem;C:\Windows\System32\WindowsPowerShell\v1.0\;C:\Windows\System32\OpenSSH\;D:\db\mysql-8.0.16-winx64\bin;D:\apache-maven-3.6.1\bin;D:\programFiles\Git\cmd;D:\java\jdk1.7\bin;C:\Users\52822\AppData\Local\Microsoft\WindowsApps;
USERNAME=52822
OS=Windows_NT
PROCESSOR_IDENTIFIER=Intel64 Family 6 Model 78 Stepping 3, GenuineIntel



---------------  S Y S T E M  ---------------

OS: Windows 10.0 , 64 bit Build 18362 (10.0.18362.86)

CPU:total 4 (initial active 4) (2 cores per cpu, 2 threads per core) family 6 model 78 stepping 3, cmov, cx8, fxsr, mmx, sse, sse2, sse3, ssse3, sse4.1, sse4.2, popcnt, avx, avx2, aes, clmul, erms, 3dnowpref, lzcnt, ht, tsc, tscinvbit, bmi1, bmi2, adx

Memory: 4k page, physical 8281888k(548360k free), swap 16146460k(5248k free)

vm_info: Java HotSpot(TM) 64-Bit Server VM (25.211-b12) for windows-amd64 JRE (1.8.0_211-b12), built on Apr  1 2019 20:53:26 by "java_re" with MS VC++ 10.0 (VS2010)

time: Tue May 21 14:44:56 2019
timezone: 中国标准时间
elapsed time: 29 seconds (0d 0h 0m 29s)

