#
# There is insufficient memory for the Java Runtime Environment to continue.
# Native memory allocation (malloc) failed to allocate 1121136 bytes for Chunk::new
# Possible reasons:
#   The system is out of physical RAM or swap space
#   The process is running with CompressedOops enabled, and the Java Heap may be blocking the growth of the native heap
# Possible solutions:
#   Reduce memory load on the system
#   Increase physical memory or swap space
#   Check if swap backing store is full
#   Decrease Java heap size (-Xmx/-Xms)
#   Decrease number of Java threads
#   Decrease Java thread stack sizes (-Xss)
#   Set larger code cache with -XX:ReservedCodeCacheSize=
#   JVM is running with Unscaled Compressed Oops mode in which the Java heap is
#     placed in the first 4GB address space. The Java Heap base address is the
#     maximum limit for the native heap growth. Please use -XX:HeapBaseMinAddress
#     to set the Java Heap base and to place the Java Heap above 4GB virtual address.
# This output file may be truncated or incomplete.
#
#  Out of Memory Error (allocation.cpp:389), pid=57056, tid=0x000000000000da14
#
# JRE version: Java(TM) SE Runtime Environment (8.0_211-b12) (build 1.8.0_211-b12)
# Java VM: Java HotSpot(TM) 64-Bit Server VM (25.211-b12 mixed mode windows-amd64 compressed oops)
# Failed to write core dump. Minidumps are not enabled by default on client versions of Windows
#

---------------  T H R E A D  ---------------

Current thread (0x0000000017b28800):  JavaThread "C2 CompilerThread0" daemon [_thread_in_native, id=55828, stack(0x0000000019450000,0x0000000019550000)]

Stack: [0x0000000019450000,0x0000000019550000]
[error occurred during error reporting (printing stack bounds), id 0xc0000005]

Native frames: (J=compiled Java code, j=interpreted, Vv=VM code, C=native code)


Current CompileTask:
C2:  65703 5903       4       java.security.SecureClassLoader::defineClass (16 bytes)


---------------  P R O C E S S  ---------------

Java Threads: ( => current thread )
  0x000000001df0e000 JavaThread "Druid-ConnectionPool-Destroy-1245434971" daemon [_thread_blocked, id=51528, stack(0x0000000026e90000,0x0000000026f90000)]
  0x000000001df15000 JavaThread "Druid-ConnectionPool-Create-1245434971" daemon [_thread_in_native, id=51948, stack(0x0000000026d90000,0x0000000026e90000)]
  0x000000001df14000 JavaThread "Abandoned connection cleanup thread" daemon [_thread_blocked, id=58104, stack(0x0000000000ad0000,0x0000000000bd0000)]
  0x000000001df0f000 JavaThread "DiscoveryClient-HeartbeatExecutor-0" daemon [_thread_blocked, id=55556, stack(0x0000000026c90000,0x0000000026d90000)]
  0x000000001df0f800 JavaThread "DiscoveryClient-CacheRefreshExecutor-0" daemon [_thread_blocked, id=54192, stack(0x0000000026b90000,0x0000000026c90000)]
  0x000000001df13800 JavaThread "DestroyJavaVM" [_thread_blocked, id=34220, stack(0x0000000002d50000,0x0000000002e50000)]
  0x000000001df12800 JavaThread "http-nio-9003-AsyncTimeout" daemon [_thread_blocked, id=19212, stack(0x0000000026a90000,0x0000000026b90000)]
  0x000000001df12000 JavaThread "http-nio-9003-Acceptor-0" daemon [_thread_in_native, id=34008, stack(0x0000000026990000,0x0000000026a90000)]
  0x000000001df10800 JavaThread "http-nio-9003-ClientPoller-1" daemon [_thread_in_native, id=48960, stack(0x0000000026890000,0x0000000026990000)]
  0x000000001df11000 JavaThread "http-nio-9003-ClientPoller-0" daemon [_thread_in_native, id=44640, stack(0x0000000026790000,0x0000000026890000)]
  0x000000001bcf1000 JavaThread "http-nio-9003-exec-10" daemon [_thread_blocked, id=3096, stack(0x0000000026690000,0x0000000026790000)]
  0x000000001bcf0800 JavaThread "http-nio-9003-exec-9" daemon [_thread_blocked, id=52452, stack(0x0000000026590000,0x0000000026690000)]
  0x000000001bcf7000 JavaThread "http-nio-9003-exec-8" daemon [_thread_blocked, id=55056, stack(0x0000000026490000,0x0000000026590000)]
  0x000000001bcf4000 JavaThread "http-nio-9003-exec-7" daemon [_thread_blocked, id=51688, stack(0x0000000026390000,0x0000000026490000)]
  0x000000001bcf5800 JavaThread "http-nio-9003-exec-6" daemon [_thread_blocked, id=42536, stack(0x0000000026290000,0x0000000026390000)]
  0x000000001bcf6800 JavaThread "http-nio-9003-exec-5" daemon [_thread_blocked, id=51360, stack(0x0000000026190000,0x0000000026290000)]
  0x000000001bcf5000 JavaThread "http-nio-9003-exec-4" daemon [_thread_blocked, id=36088, stack(0x0000000025ab0000,0x0000000025bb0000)]
  0x000000001bcf3800 JavaThread "http-nio-9003-exec-3" daemon [_thread_blocked, id=42840, stack(0x0000000026090000,0x0000000026190000)]
  0x000000001bcf2800 JavaThread "http-nio-9003-exec-2" daemon [_thread_blocked, id=57896, stack(0x0000000025f90000,0x0000000026090000)]
  0x000000001bcf2000 JavaThread "http-nio-9003-exec-1" daemon [_thread_blocked, id=57332, stack(0x0000000025bc0000,0x0000000025cc0000)]
  0x000000001ac40000 JavaThread "NioBlockingSelector.BlockPoller-1" daemon [_thread_in_native, id=55824, stack(0x00000000259b0000,0x0000000025ab0000)]
  0x000000001ac3f800 JavaThread "DiscoveryClient-InstanceInfoReplicator-0" daemon [_thread_blocked, id=51780, stack(0x0000000023070000,0x0000000023170000)]
  0x000000001ac3b800 JavaThread "DiscoveryClient-1" daemon [_thread_blocked, id=11848, stack(0x0000000022e70000,0x0000000022f70000)]
  0x000000001ac3e800 JavaThread "DiscoveryClient-0" daemon [_thread_blocked, id=51244, stack(0x0000000022d70000,0x0000000022e70000)]
  0x000000001ac3e000 JavaThread "AsyncResolver-bootstrap-0" daemon [_thread_blocked, id=23668, stack(0x0000000025510000,0x0000000025610000)]
  0x000000001ac3c800 JavaThread "Eureka-JerseyClient-Conn-Cleaner2" daemon [_thread_blocked, id=52184, stack(0x00000000231d0000,0x00000000232d0000)]
  0x000000001ac41800 JavaThread "container-0" [_thread_blocked, id=55848, stack(0x00000000213f0000,0x00000000214f0000)]
  0x000000001beb7000 JavaThread "ContainerBackgroundProcessor[StandardEngine[Tomcat]]" daemon [_thread_blocked, id=51696, stack(0x00000000212f0000,0x00000000213f0000)]
  0x000000001c382000 JavaThread "SimplePauseDetectorThread_0" daemon [_thread_blocked, id=46008, stack(0x0000000020f60000,0x0000000021060000)]
  0x000000001d4bb000 JavaThread "Thread-5" daemon [_thread_blocked, id=29884, stack(0x0000000020e60000,0x0000000020f60000)]
  0x000000001dfbd800 JavaThread "spring.cloud.inetutils" daemon [_thread_blocked, id=56776, stack(0x000000001f950000,0x000000001fa50000)]
  0x0000000018efb800 JavaThread "Service Thread" daemon [_thread_blocked, id=20600, stack(0x0000000019750000,0x0000000019850000)]
  0x0000000017b3b800 JavaThread "C1 CompilerThread2" daemon [_thread_blocked, id=38124, stack(0x0000000019650000,0x0000000019750000)]
  0x0000000017b36800 JavaThread "C2 CompilerThread1" daemon [_thread_in_native, id=55896, stack(0x0000000019550000,0x0000000019650000)]
=>0x0000000017b28800 JavaThread "C2 CompilerThread0" daemon [_thread_in_native, id=55828, stack(0x0000000019450000,0x0000000019550000)]
  0x0000000017b27800 JavaThread "Attach Listener" daemon [_thread_blocked, id=57064, stack(0x0000000019350000,0x0000000019450000)]
  0x0000000017b15800 JavaThread "Signal Dispatcher" daemon [_thread_blocked, id=56924, stack(0x0000000019250000,0x0000000019350000)]
  0x0000000002fbb800 JavaThread "Finalizer" daemon [_thread_blocked, id=54372, stack(0x0000000018d50000,0x0000000018e50000)]
  0x0000000002fb8000 JavaThread "Reference Handler" daemon [_thread_blocked, id=44400, stack(0x0000000018c50000,0x0000000018d50000)]

Other Threads:
  0x0000000017ac7800 VMThread [stack: 0x0000000018b50000,0x0000000018c50000] [id=53752]
  0x0000000018f22000 WatcherThread [stack: 0x0000000019850000,0x0000000019950000] [id=43640]

VM state:not at safepoint (normal execution)

VM Mutex/Monitor currently owned by a thread: None

heap address: 0x0000000081a00000, size: 2022 MB, Compressed Oops mode: 32-bit
Narrow klass base: 0x0000000000000000, Narrow klass shift: 3
Compressed class space size: 1073741824 Address: 0x0000000100000000

Heap:
 PSYoungGen      total 406016K, used 37188K [0x00000000d5e00000, 0x00000000f0680000, 0x0000000100000000)
  eden space 393216K, 9% used [0x00000000d5e00000,0x00000000d8251350,0x00000000ede00000)
  from space 12800K, 0% used [0x00000000efa00000,0x00000000efa00000,0x00000000f0680000)
  to   space 16896K, 0% used [0x00000000ee580000,0x00000000ee580000,0x00000000ef600000)
 ParOldGen       total 116224K, used 36460K [0x0000000081a00000, 0x0000000088b80000, 0x00000000d5e00000)
  object space 116224K, 31% used [0x0000000081a00000,0x0000000083d9b2d8,0x0000000088b80000)
 Metaspace       used 59388K, capacity 61738K, committed 61912K, reserved 1103872K
  class space    used 7744K, capacity 8143K, committed 8192K, reserved 1048576K

Card table byte_map: [0x0000000012380000,0x0000000012780000] byte_map_base: 0x0000000011f73000

Marking Bits: (ParMarkBitMap*) 0x0000000062995ce0
 Begin Bits: [0x0000000012e30000, 0x0000000014dc8000)
 End Bits:   [0x0000000014dc8000, 0x0000000016d60000)

Polling page: 0x00000000026e0000

CodeCache: size=245760Kb used=17055Kb max_used=18358Kb free=228704Kb
 bounds [0x0000000002fc0000, 0x00000000041d0000, 0x0000000011fc0000]
 total_blobs=5521 nmethods=4978 adapters=455
 compilation: enabled

Compilation events (10 events):
Event: 65.645 Thread 0x0000000017b3b800 5964       2       sun.security.util.ManifestEntryVerifier::update (48 bytes)
Event: 65.646 Thread 0x0000000017b3b800 nmethod 5964 0x0000000003bb7e90 code [0x0000000003bb8020, 0x0000000003bb83a8]
Event: 65.647 Thread 0x0000000017b3b800 5965       2       java.util.zip.ZipEntry::isDirectory (10 bytes)
Event: 65.647 Thread 0x0000000017b3b800 nmethod 5965 0x0000000003790790 code [0x0000000003790900, 0x0000000003790aa8]
Event: 65.647 Thread 0x0000000017b3b800 5966       2       java.util.Collections$UnmodifiableCollection::toArray (10 bytes)
Event: 65.647 Thread 0x0000000017b3b800 nmethod 5966 0x000000000406bc10 code [0x000000000406bd80, 0x000000000406bf08]
Event: 65.648 Thread 0x0000000017b3b800 5967   !   2       java.util.jar.JarVerifier::processEntry (528 bytes)
Event: 65.651 Thread 0x0000000017b3b800 nmethod 5967 0x0000000003fae450 code [0x0000000003fae7e0, 0x0000000003fafdd8]
Event: 65.687 Thread 0x0000000017b3b800 5968       2       sun.security.provider.SHA::resetHashes (41 bytes)
Event: 65.687 Thread 0x0000000017b3b800 nmethod 5968 0x0000000003fadf90 code [0x0000000003fae100, 0x0000000003fae310]

GC Heap History (10 events):
Event: 8.845 GC heap before
{Heap before GC invocations=11 (full 2):
 PSYoungGen      total 237056K, used 11232K [0x00000000d5e00000, 0x00000000ea580000, 0x0000000100000000)
  eden space 225792K, 0% used [0x00000000d5e00000,0x00000000d5e00000,0x00000000e3a80000)
  from space 11264K, 99% used [0x00000000e3a80000,0x00000000e4578070,0x00000000e4580000)
  to   space 13312K, 0% used [0x00000000e9880000,0x00000000e9880000,0x00000000ea580000)
 ParOldGen       total 50176K, used 8667K [0x0000000081a00000, 0x0000000084b00000, 0x00000000d5e00000)
  object space 50176K, 17% used [0x0000000081a00000,0x0000000082276da0,0x0000000084b00000)
 Metaspace       used 33982K, capacity 35358K, committed 35416K, reserved 1079296K
  class space    used 4413K, capacity 4697K, committed 4736K, reserved 1048576K
Event: 8.968 GC heap after
Heap after GC invocations=11 (full 2):
 PSYoungGen      total 237056K, used 0K [0x00000000d5e00000, 0x00000000ea580000, 0x0000000100000000)
  eden space 225792K, 0% used [0x00000000d5e00000,0x00000000d5e00000,0x00000000e3a80000)
  from space 11264K, 0% used [0x00000000e3a80000,0x00000000e3a80000,0x00000000e4580000)
  to   space 13312K, 0% used [0x00000000e9880000,0x00000000e9880000,0x00000000ea580000)
 ParOldGen       total 77312K, used 17401K [0x0000000081a00000, 0x0000000086580000, 0x00000000d5e00000)
  object space 77312K, 22% used [0x0000000081a00000,0x0000000082afe438,0x0000000086580000)
 Metaspace       used 33982K, capacity 35358K, committed 35416K, reserved 1079296K
  class space    used 4413K, capacity 4697K, committed 4736K, reserved 1048576K
}
Event: 14.773 GC heap before
{Heap before GC invocations=12 (full 2):
 PSYoungGen      total 237056K, used 225792K [0x00000000d5e00000, 0x00000000ea580000, 0x0000000100000000)
  eden space 225792K, 100% used [0x00000000d5e00000,0x00000000e3a80000,0x00000000e3a80000)
  from space 11264K, 0% used [0x00000000e3a80000,0x00000000e3a80000,0x00000000e4580000)
  to   space 13312K, 0% used [0x00000000e9880000,0x00000000e9880000,0x00000000ea580000)
 ParOldGen       total 77312K, used 17401K [0x0000000081a00000, 0x0000000086580000, 0x00000000d5e00000)
  object space 77312K, 22% used [0x0000000081a00000,0x0000000082afe438,0x0000000086580000)
 Metaspace       used 39452K, capacity 41184K, committed 41304K, reserved 1085440K
  class space    used 5127K, capacity 5448K, committed 5504K, reserved 1048576K
Event: 14.793 GC heap after
Heap after GC invocations=12 (full 2):
 PSYoungGen      total 318976K, used 12411K [0x00000000d5e00000, 0x00000000ea580000, 0x0000000100000000)
  eden space 305664K, 0% used [0x00000000d5e00000,0x00000000d5e00000,0x00000000e8880000)
  from space 13312K, 93% used [0x00000000e9880000,0x00000000ea49ef20,0x00000000ea580000)
  to   space 14848K, 0% used [0x00000000e8880000,0x00000000e8880000,0x00000000e9700000)
 ParOldGen       total 77312K, used 17409K [0x0000000081a00000, 0x0000000086580000, 0x00000000d5e00000)
  object space 77312K, 22% used [0x0000000081a00000,0x0000000082b00438,0x0000000086580000)
 Metaspace       used 39452K, capacity 41184K, committed 41304K, reserved 1085440K
  class space    used 5127K, capacity 5448K, committed 5504K, reserved 1048576K
}
Event: 18.418 GC heap before
{Heap before GC invocations=13 (full 2):
 PSYoungGen      total 318976K, used 318075K [0x00000000d5e00000, 0x00000000ea580000, 0x0000000100000000)
  eden space 305664K, 100% used [0x00000000d5e00000,0x00000000e8880000,0x00000000e8880000)
  from space 13312K, 93% used [0x00000000e9880000,0x00000000ea49ef20,0x00000000ea580000)
  to   space 14848K, 0% used [0x00000000e8880000,0x00000000e8880000,0x00000000e9700000)
 ParOldGen       total 77312K, used 17409K [0x0000000081a00000, 0x0000000086580000, 0x00000000d5e00000)
  object space 77312K, 22% used [0x0000000081a00000,0x0000000082b00438,0x0000000086580000)
 Metaspace       used 46569K, capacity 48796K, committed 48984K, reserved 1091584K
  class space    used 6116K, capacity 6510K, committed 6528K, reserved 1048576K
Event: 18.453 GC heap after
Heap after GC invocations=13 (full 2):
 PSYoungGen      total 320512K, used 13457K [0x00000000d5e00000, 0x00000000f0a00000, 0x0000000100000000)
  eden space 305664K, 0% used [0x00000000d5e00000,0x00000000d5e00000,0x00000000e8880000)
  from space 14848K, 90% used [0x00000000e8880000,0x00000000e95a47b0,0x00000000e9700000)
  to   space 16384K, 0% used [0x00000000efa00000,0x00000000efa00000,0x00000000f0a00000)
 ParOldGen       total 77312K, used 26347K [0x0000000081a00000, 0x0000000086580000, 0x00000000d5e00000)
  object space 77312K, 34% used [0x0000000081a00000,0x00000000833bad70,0x0000000086580000)
 Metaspace       used 46569K, capacity 48796K, committed 48984K, reserved 1091584K
  class space    used 6116K, capacity 6510K, committed 6528K, reserved 1048576K
}
Event: 64.152 GC heap before
{Heap before GC invocations=14 (full 2):
 PSYoungGen      total 320512K, used 199197K [0x00000000d5e00000, 0x00000000f0a00000, 0x0000000100000000)
  eden space 305664K, 60% used [0x00000000d5e00000,0x00000000e1362fd8,0x00000000e8880000)
  from space 14848K, 90% used [0x00000000e8880000,0x00000000e95a47b0,0x00000000e9700000)
  to   space 16384K, 0% used [0x00000000efa00000,0x00000000efa00000,0x00000000f0a00000)
 ParOldGen       total 77312K, used 26347K [0x0000000081a00000, 0x0000000086580000, 0x00000000d5e00000)
  object space 77312K, 34% used [0x0000000081a00000,0x00000000833bad70,0x0000000086580000)
 Metaspace       used 56652K, capacity 58928K, committed 59028K, reserved 1099776K
  class space    used 7496K, capacity 7902K, committed 7936K, reserved 1048576K
Event: 64.212 GC heap after
Heap after GC invocations=14 (full 2):
 PSYoungGen      total 406016K, used 12530K [0x00000000d5e00000, 0x00000000f0680000, 0x0000000100000000)
  eden space 393216K, 0% used [0x00000000d5e00000,0x00000000d5e00000,0x00000000ede00000)
  from space 12800K, 97% used [0x00000000efa00000,0x00000000f063c928,0x00000000f0680000)
  to   space 16896K, 0% used [0x00000000ee580000,0x00000000ee580000,0x00000000ef600000)
 ParOldGen       total 77312K, used 32323K [0x0000000081a00000, 0x0000000086580000, 0x00000000d5e00000)
  object space 77312K, 41% used [0x0000000081a00000,0x0000000083990df8,0x0000000086580000)
 Metaspace       used 56652K, capacity 58928K, committed 59028K, reserved 1099776K
  class space    used 7496K, capacity 7902K, committed 7936K, reserved 1048576K
}
Event: 64.212 GC heap before
{Heap before GC invocations=15 (full 3):
 PSYoungGen      total 406016K, used 12530K [0x00000000d5e00000, 0x00000000f0680000, 0x0000000100000000)
  eden space 393216K, 0% used [0x00000000d5e00000,0x00000000d5e00000,0x00000000ede00000)
  from space 12800K, 97% used [0x00000000efa00000,0x00000000f063c928,0x00000000f0680000)
  to   space 16896K, 0% used [0x00000000ee580000,0x00000000ee580000,0x00000000ef600000)
 ParOldGen       total 77312K, used 32323K [0x0000000081a00000, 0x0000000086580000, 0x00000000d5e00000)
  object space 77312K, 41% used [0x0000000081a00000,0x0000000083990df8,0x0000000086580000)
 Metaspace       used 56652K, capacity 58928K, committed 59028K, reserved 1099776K
  class space    used 7496K, capacity 7902K, committed 7936K, reserved 1048576K
Event: 64.505 GC heap after
Heap after GC invocations=15 (full 3):
 PSYoungGen      total 406016K, used 0K [0x00000000d5e00000, 0x00000000f0680000, 0x0000000100000000)
  eden space 393216K, 0% used [0x00000000d5e00000,0x00000000d5e00000,0x00000000ede00000)
  from space 12800K, 0% used [0x00000000efa00000,0x00000000efa00000,0x00000000f0680000)
  to   space 16896K, 0% used [0x00000000ee580000,0x00000000ee580000,0x00000000ef600000)
 ParOldGen       total 116224K, used 36460K [0x0000000081a00000, 0x0000000088b80000, 0x00000000d5e00000)
  object space 116224K, 31% used [0x0000000081a00000,0x0000000083d9b2d8,0x0000000088b80000)
 Metaspace       used 56652K, capacity 58928K, committed 59028K, reserved 1099776K
  class space    used 7496K, capacity 7902K, committed 7936K, reserved 1048576K
}

Deoptimization events (10 events):
Event: 51.510 Thread 0x000000001df0f800 Uncommon trap: reason=bimorphic action=maybe_recompile pc=0x0000000003e49034 method=java.util.zip.InflaterInputStream.read([BII)I @ 100
Event: 51.512 Thread 0x000000001df0f800 Uncommon trap: reason=bimorphic action=maybe_recompile pc=0x0000000003e49034 method=java.util.zip.InflaterInputStream.read([BII)I @ 100
Event: 63.968 Thread 0x000000001bcf1000 Uncommon trap: reason=unstable_if action=reinterpret pc=0x000000000387c400 method=java.io.WinNTFileSystem.isLetter(C)Z @ 3
Event: 64.506 Thread 0x0000000002fb8000 Uncommon trap: reason=unstable_if action=reinterpret pc=0x0000000003872ff8 method=java.lang.ref.Reference.tryHandlePending(Z)Z @ 20
Event: 64.549 Thread 0x000000001bcf1000 Uncommon trap: reason=bimorphic action=maybe_recompile pc=0x0000000003a1507c method=java.util.AbstractList$Itr.next()Ljava/lang/Object; @ 14
Event: 64.550 Thread 0x000000001bcf1000 Uncommon trap: reason=bimorphic action=maybe_recompile pc=0x0000000003a1507c method=java.util.AbstractList$Itr.next()Ljava/lang/Object; @ 14
Event: 64.550 Thread 0x000000001bcf1000 Uncommon trap: reason=bimorphic action=maybe_recompile pc=0x0000000003a1507c method=java.util.AbstractList$Itr.next()Ljava/lang/Object; @ 14
Event: 64.552 Thread 0x000000001bcf1000 Uncommon trap: reason=bimorphic action=maybe_recompile pc=0x0000000003a1507c method=java.util.AbstractList$Itr.next()Ljava/lang/Object; @ 14
Event: 64.988 Thread 0x000000001df15000 Uncommon trap: reason=unstable_if action=reinterpret pc=0x00000000032fa3c4 method=sun.nio.cs.UTF_8$Decoder.decode([BII[C)I @ 30
Event: 65.002 Thread 0x000000001df15000 Uncommon trap: reason=unstable_if action=reinterpret pc=0x0000000003ed5820 method=java.util.Properties$LineReader.readLine()I @ 271

Classes redefined (0 events):
No events

Internal exceptions (10 events):
Event: 64.115 Thread 0x000000001bcf1000 Exception <a 'java/lang/ClassNotFoundException': org/springframework/web/servlet/RequestToViewNameTranslatorCustomizer> (0x00000000e11dcbe8) thrown at [C:\re\workspace\8-2-build-windows-amd64-cygwin\jdk8u211\12973\hotspot\src\share\vm\classfile\systemDict
Event: 64.124 Thread 0x000000001bcf1000 Exception <a 'java/lang/ClassNotFoundException': java/lang/ObjectCustomizer> (0x00000000e122dde0) thrown at [C:\re\workspace\8-2-build-windows-amd64-cygwin\jdk8u211\12973\hotspot\src\share\vm\classfile\systemDictionary.cpp, line 210]
Event: 64.128 Thread 0x000000001bcf1000 Exception <a 'java/lang/ClassNotFoundException': org/springframework/web/servlet/support/AbstractFlashMapManagerCustomizer> (0x00000000e1263800) thrown at [C:\re\workspace\8-2-build-windows-amd64-cygwin\jdk8u211\12973\hotspot\src\share\vm\classfile\system
Event: 64.130 Thread 0x000000001bcf1000 Exception <a 'java/lang/ClassNotFoundException': org/springframework/web/servlet/support/SessionFlashMapManagerCustomizer> (0x00000000e129d148) thrown at [C:\re\workspace\8-2-build-windows-amd64-cygwin\jdk8u211\12973\hotspot\src\share\vm\classfile\systemD
Event: 64.133 Thread 0x000000001bcf1000 Exception <a 'java/lang/ClassNotFoundException': org/springframework/web/servlet/FlashMapManagerCustomizer> (0x00000000e12c9d20) thrown at [C:\re\workspace\8-2-build-windows-amd64-cygwin\jdk8u211\12973\hotspot\src\share\vm\classfile\systemDictionary.cpp, 
Event: 64.531 Thread 0x000000001bcf1000 Exception <a 'java/lang/ClassNotFoundException': java/lang/ObjectCustomizer> (0x00000000d63ed278) thrown at [C:\re\workspace\8-2-build-windows-amd64-cygwin\jdk8u211\12973\hotspot\src\share\vm\classfile\systemDictionary.cpp, line 210]
Event: 64.532 Thread 0x000000001bcf1000 Exception <a 'java/lang/ClassNotFoundException': org/springframework/web/servlet/handler/HandlerMappingIntrospectorCustomizer> (0x00000000d6425b08) thrown at [C:\re\workspace\8-2-build-windows-amd64-cygwin\jdk8u211\12973\hotspot\src\share\vm\classfile\sys
Event: 64.534 Thread 0x000000001bcf1000 Exception <a 'java/lang/ClassNotFoundException': org/springframework/web/cors/CorsConfigurationSourceCustomizer> (0x00000000d645a508) thrown at [C:\re\workspace\8-2-build-windows-amd64-cygwin\jdk8u211\12973\hotspot\src\share\vm\classfile\systemDictionary.
Event: 64.535 Thread 0x000000001bcf1000 Exception <a 'java/lang/ClassNotFoundException': org/springframework/context/ApplicationContextAwareCustomizer> (0x00000000d6494e08) thrown at [C:\re\workspace\8-2-build-windows-amd64-cygwin\jdk8u211\12973\hotspot\src\share\vm\classfile\systemDictionary.c
Event: 64.536 Thread 0x000000001bcf1000 Exception <a 'java/lang/ClassNotFoundException': org/springframework/beans/factory/InitializingBeanCustomizer> (0x00000000d64c2260) thrown at [C:\re\workspace\8-2-build-windows-amd64-cygwin\jdk8u211\12973\hotspot\src\share\vm\classfile\systemDictionary.cp

Events (10 events):
Event: 65.642 Thread 0x000000001df15000 DEOPT PACKING pc=0x0000000003104ff1 sp=0x0000000026e8cd80
Event: 65.642 Thread 0x000000001df15000 DEOPT UNPACKING pc=0x0000000003007890 sp=0x0000000026e8ca80 mode 0
Event: 65.642 Thread 0x000000001df15000 DEOPT PACKING pc=0x0000000003104ff1 sp=0x0000000026e8ce60
Event: 65.642 Thread 0x000000001df15000 DEOPT UNPACKING pc=0x0000000003007890 sp=0x0000000026e8cb60 mode 0
Event: 65.643 Thread 0x000000001df15000 DEOPT PACKING pc=0x0000000003104ff1 sp=0x0000000026e8ce70
Event: 65.643 Thread 0x000000001df15000 DEOPT UNPACKING pc=0x0000000003007890 sp=0x0000000026e8cb70 mode 0
Event: 65.648 Thread 0x000000001df15000 DEOPT PACKING pc=0x0000000003104ff1 sp=0x0000000026e8ce70
Event: 65.648 Thread 0x000000001df15000 DEOPT UNPACKING pc=0x0000000003007890 sp=0x0000000026e8cb70 mode 0
Event: 65.686 Thread 0x000000001df15000 DEOPT PACKING pc=0x0000000003104ff1 sp=0x0000000026e8ce70
Event: 65.686 Thread 0x000000001df15000 DEOPT UNPACKING pc=0x0000000003007890 sp=0x0000000026e8cb70 mode 0


Dynamic libraries:
0x00007ff601d00000 - 0x00007ff601d37000 	D:\java\jdk1.8.0_211\bin\javaw.exe
0x00007ffdd70a0000 - 0x00007ffdd7290000 	C:\Windows\SYSTEM32\ntdll.dll
0x00007ffdd57e0000 - 0x00007ffdd5892000 	C:\Windows\System32\KERNEL32.DLL
0x00007ffdd4a90000 - 0x00007ffdd4d32000 	C:\Windows\System32\KERNELBASE.dll
0x00007ffdd6a40000 - 0x00007ffdd6ae3000 	C:\Windows\System32\ADVAPI32.dll
0x00007ffdd5390000 - 0x00007ffdd542e000 	C:\Windows\System32\msvcrt.dll
0x00007ffdd5fe0000 - 0x00007ffdd6077000 	C:\Windows\System32\sechost.dll
0x00007ffdd5d80000 - 0x00007ffdd5ea0000 	C:\Windows\System32\RPCRT4.dll
0x00007ffdd5500000 - 0x00007ffdd5693000 	C:\Windows\System32\USER32.dll
0x00007ffdd4f90000 - 0x00007ffdd4fb1000 	C:\Windows\System32\win32u.dll
0x00007ffdd7030000 - 0x00007ffdd7056000 	C:\Windows\System32\GDI32.dll
0x00007ffdd4df0000 - 0x00007ffdd4f84000 	C:\Windows\System32\gdi32full.dll
0x00007ffdd4fc0000 - 0x00007ffdd505e000 	C:\Windows\System32\msvcp_win.dll
0x00007ffdd5060000 - 0x00007ffdd515a000 	C:\Windows\System32\ucrtbase.dll
0x00007ffdd0750000 - 0x00007ffdd09d5000 	C:\Windows\WinSxS\amd64_microsoft.windows.common-controls_6595b64144ccf1df_6.0.18362.86_none_a143621e519dc228\COMCTL32.dll
0x00007ffdd6cf0000 - 0x00007ffdd7026000 	C:\Windows\System32\combase.dll
0x00007ffdd48b0000 - 0x00007ffdd4931000 	C:\Windows\System32\bcryptPrimitives.dll
0x00007ffdd6b10000 - 0x00007ffdd6b3e000 	C:\Windows\System32\IMM32.DLL
0x00007ffdd2b10000 - 0x00007ffdd2c2b000 	C:\Windows\SYSTEM32\mvshookg_x64.dll
0x00007ffdd6830000 - 0x00007ffdd6986000 	C:\Windows\System32\ole32.dll
0x00007ffdd5710000 - 0x00007ffdd57df000 	C:\Windows\System32\comdlg32.dll
0x00007ffdd6090000 - 0x00007ffdd6139000 	C:\Windows\System32\shcore.dll
0x00007ffdd52d0000 - 0x00007ffdd5322000 	C:\Windows\System32\SHLWAPI.dll
0x00007ffdd6150000 - 0x00007ffdd6830000 	C:\Windows\System32\SHELL32.dll
0x00007ffdd4da0000 - 0x00007ffdd4dea000 	C:\Windows\System32\cfgmgr32.dll
0x00007ffdd4100000 - 0x00007ffdd487b000 	C:\Windows\System32\windows.storage.dll
0x00007ffdd3fa0000 - 0x00007ffdd3fbf000 	C:\Windows\System32\profapi.dll
0x00007ffdd3fc0000 - 0x00007ffdd400a000 	C:\Windows\System32\powrprof.dll
0x00007ffdd3f70000 - 0x00007ffdd3f80000 	C:\Windows\System32\UMPDC.dll
0x00007ffdd4010000 - 0x00007ffdd4021000 	C:\Windows\System32\kernel.appcore.dll
0x00007ffdd4030000 - 0x00007ffdd4047000 	C:\Windows\System32\cryptsp.dll
0x00007ffdd56a0000 - 0x00007ffdd56a8000 	C:\Windows\System32\psapi.dll
0x00007ffdd2a40000 - 0x00007ffdd2a57000 	C:\Windows\SYSTEM32\NETAPI32.dll
0x00007ffdd2a10000 - 0x00007ffdd2a36000 	C:\Windows\SYSTEM32\SRVCLI.DLL
0x0000000062a20000 - 0x0000000062af2000 	D:\java\jdk1.8.0_211\jre\bin\msvcr100.dll
0x0000000062170000 - 0x0000000062a15000 	D:\java\jdk1.8.0_211\jre\bin\server\jvm.dll
0x00007ffdd1eb0000 - 0x00007ffdd1eb9000 	C:\Windows\SYSTEM32\WSOCK32.dll
0x00007ffdd58a0000 - 0x00007ffdd590f000 	C:\Windows\System32\WS2_32.dll
0x00007ffdd0570000 - 0x00007ffdd0594000 	C:\Windows\SYSTEM32\WINMM.dll
0x00007ffdd29b0000 - 0x00007ffdd29ba000 	C:\Windows\SYSTEM32\VERSION.dll
0x00007ffdd04e0000 - 0x00007ffdd050d000 	C:\Windows\SYSTEM32\WINMMBASE.dll
0x00007ffdce700000 - 0x00007ffdce70f000 	D:\java\jdk1.8.0_211\jre\bin\verify.dll
0x00007ffdc1250000 - 0x00007ffdc1279000 	D:\java\jdk1.8.0_211\jre\bin\java.dll
0x00007ffdc4bd0000 - 0x00007ffdc4be6000 	D:\java\jdk1.8.0_211\jre\bin\zip.dll
0x00007ffdc4b90000 - 0x00007ffdc4baa000 	D:\java\jdk1.8.0_211\jre\bin\net.dll
0x00007ffdc7b60000 - 0x00007ffdc7d34000 	C:\Windows\SYSTEM32\urlmon.dll
0x00007ffdc7850000 - 0x00007ffdc7af6000 	C:\Windows\SYSTEM32\iertutil.dll
0x00007ffdd39b0000 - 0x00007ffdd39bc000 	C:\Windows\SYSTEM32\CRYPTBASE.DLL
0x00007ffdd37e0000 - 0x00007ffdd3847000 	C:\Windows\system32\mswsock.dll
0x00007ffdd3540000 - 0x00007ffdd357a000 	C:\Windows\SYSTEM32\IPHLPAPI.DLL
0x00007ffdd6080000 - 0x00007ffdd6088000 	C:\Windows\System32\NSI.dll
0x00007ffdc8240000 - 0x00007ffdc8256000 	C:\Windows\SYSTEM32\dhcpcsvc6.DLL
0x00007ffdc8650000 - 0x00007ffdc866c000 	C:\Windows\SYSTEM32\dhcpcsvc.DLL
0x00007ffdd3590000 - 0x00007ffdd365a000 	C:\Windows\SYSTEM32\DNSAPI.dll
0x00007ffdc33b0000 - 0x00007ffdc33ba000 	C:\Windows\System32\rasadhlp.dll
0x00007ffdc77d0000 - 0x00007ffdc7847000 	C:\Windows\System32\fwpuclnt.dll
0x00007ffdd4880000 - 0x00007ffdd48a6000 	C:\Windows\System32\bcrypt.dll
0x00007ffdcd9d0000 - 0x00007ffdcd9dd000 	D:\java\jdk1.8.0_211\jre\bin\management.dll
0x00007ffdc0f30000 - 0x00007ffdc0f46000 	C:\Windows\system32\napinsp.dll
0x00007ffdc0f10000 - 0x00007ffdc0f2a000 	C:\Windows\system32\pnrpnsp.dll
0x00007ffdc0f00000 - 0x00007ffdc0f0e000 	C:\Windows\System32\winrnr.dll
0x00007ffdd09f0000 - 0x00007ffdd0a0c000 	C:\Windows\system32\NLAapi.dll
0x00007ffdbdc30000 - 0x00007ffdbdc45000 	C:\Windows\system32\wshbth.dll
0x00007ffdc4710000 - 0x00007ffdc4722000 	D:\java\jdk1.8.0_211\jre\bin\nio.dll
0x00007ffdd33a0000 - 0x00007ffdd33d3000 	C:\Windows\system32\rsaenh.dll
0x00007ffdd3e90000 - 0x00007ffdd3eb5000 	C:\Windows\SYSTEM32\USERENV.dll
0x00007ffdc4f20000 - 0x00007ffdc4f44000 	D:\java\jdk1.8.0_211\jre\bin\sunec.dll
0x00007ffdd0bc0000 - 0x00007ffdd0bcb000 	D:\java\jdk1.8.0_211\jre\bin\sunmscapi.dll
0x0000000027190000 - 0x00000000272d9000 	C:\Windows\System32\CRYPT32.dll
0x00007ffdd3f80000 - 0x00007ffdd3f92000 	C:\Windows\System32\MSASN1.dll

VM Arguments:
jvm_args: -Dfile.encoding=utf-8 
java_command: kui.eureka_comment.EurekaCommentStarter
java_class_path (initial): E:\git\git\graduation\eureka-comment\target\classes;D:\mvnRepo\org\apache\mahout\mahout-core\0.9\mahout-core-0.9.jar;D:\mvnRepo\org\apache\mahout\mahout-math\0.9\mahout-math-0.9.jar;D:\mvnRepo\com\google\guava\guava\16.0\guava-16.0.jar;D:\mvnRepo\org\codehaus\jackson\jackson-core-asl\1.9.12\jackson-core-asl-1.9.12.jar;D:\mvnRepo\org\codehaus\jackson\jackson-mapper-asl\1.9.12\jackson-mapper-asl-1.9.12.jar;D:\mvnRepo\org\slf4j\slf4j-api\1.7.25\slf4j-api-1.7.25.jar;D:\mvnRepo\org\apache\commons\commons-lang3\3.7\commons-lang3-3.7.jar;D:\mvnRepo\com\thoughtworks\xstream\xstream\1.4.10\xstream-1.4.10.jar;D:\mvnRepo\xmlpull\xmlpull\1.1.3.1\xmlpull-1.1.3.1.jar;D:\mvnRepo\xpp3\xpp3_min\1.1.4c\xpp3_min-1.1.4c.jar;D:\mvnRepo\org\apache\lucene\lucene-core\4.6.1\lucene-core-4.6.1.jar;D:\mvnRepo\org\apache\lucene\lucene-analyzers-common\4.6.1\lucene-analyzers-common-4.6.1.jar;D:\mvnRepo\org\apache\mahout\commons\commons-cli\2.0-mahout\commons-cli-2.0-mahout.jar;D:\mvnRepo\org\apache\commons\commons-math3\3.2\commons-math3-3.2.jar;D:\mvnRepo\org\apache\solr\solr-commons-csv\3.5.0\solr-commons-csv-3.5.0.jar;D:\mvnRepo\org\apache\hadoop\hadoop-core\1.2.1\hadoop-core-1.2.1.jar;D:\mvnRepo\commons-cli\commons-cli\1.2\commons-cli-1.2.jar;D:\mvnRepo\com\sun\jersey\jersey-core\1.19.1\jersey-core-1.19.1.jar;D:\mvnRepo\javax\ws\rs\jsr311-api\1.1.1\jsr311-api-1.1.1.jar;D:\mvnRepo\com\sun\jersey\jersey-json\1.8\jersey-json-1.8.jar;D:\mvnRepo\org\codehaus\jettison\jettison\1.1\jettison-1.1.jar;D:\mvnRepo\stax\stax-api\1.0.1\stax-api-1.0.1.jar;D:\mvnRepo\com\sun\xml\bind\jaxb-impl\2.2.3-1\jaxb-impl-2.2.3-1.jar;D:\mvnRepo\javax\xml\bind\jaxb-api\2.3.0\jaxb-api-2.3.0.jar;D:\mvnRepo\org\codehaus\jackson\jackson-jaxrs\1.7.1\jackson-jaxrs-1.7.1.jar;D:\mvnRepo\org\codehaus\jackson\jackson-xc\1.7.1\jackson-xc-1.7.1.jar;D:\mvnRepo\com\sun\jersey\jersey-server\1.19.1\jersey-server-1.19.1.jar;D:\mvnRepo\commons-io\commons-io\2.1\commons-io-2.1.jar;D:\mvnRepo\commons-httpclie
Launcher Type: SUN_STANDARD

Environment Variables:
JAVA_HOME=D:\java\jdk1.7
PATH=C:\Windows\system32;C:\Windows;C:\Windows\System32\Wbem;C:\Windows\System32\WindowsPowerShell\v1.0\;C:\Windows\System32\OpenSSH\;D:\db\mysql-8.0.16-winx64\bin;D:\apache-maven-3.6.1\bin;D:\programFiles\Git\cmd;D:\java\jdk1.7\bin;C:\Users\52822\AppData\Local\Microsoft\WindowsApps;
USERNAME=52822
OS=Windows_NT
PROCESSOR_IDENTIFIER=Intel64 Family 6 Model 78 Stepping 3, GenuineIntel



---------------  S Y S T E M  ---------------

OS: Windows 10.0 , 64 bit Build 18362 (10.0.18362.86)

CPU:total 4 (initial active 4) (2 cores per cpu, 2 threads per core) family 6 model 78 stepping 3, cmov, cx8, fxsr, mmx, sse, sse2, sse3, ssse3, sse4.1, sse4.2, popcnt, avx, avx2, aes, clmul, erms, 3dnowpref, lzcnt, ht, tsc, tscinvbit, bmi1, bmi2, adx

Memory: 4k page, physical 8281888k(427648k free), swap 16146460k(4988k free)

vm_info: Java HotSpot(TM) 64-Bit Server VM (25.211-b12) for windows-amd64 JRE (1.8.0_211-b12), built on Apr  1 2019 20:53:26 by "java_re" with MS VC++ 10.0 (VS2010)

time: Tue May 21 14:53:38 2019
timezone: 中国标准时间
elapsed time: 65 seconds (0d 0h 1m 5s)

