#
# There is insufficient memory for the Java Runtime Environment to continue.
# Native memory allocation (malloc) failed to allocate 614336 bytes for Chunk::new
# Possible reasons:
#   The system is out of physical RAM or swap space
#   The process is running with CompressedOops enabled, and the Java Heap may be blocking the growth of the native heap
# Possible solutions:
#   Reduce memory load on the system
#   Increase physical memory or swap space
#   Check if swap backing store is full
#   Decrease Java heap size (-Xmx/-Xms)
#   Decrease number of Java threads
#   Decrease Java thread stack sizes (-Xss)
#   Set larger code cache with -XX:ReservedCodeCacheSize=
#   JVM is running with Unscaled Compressed Oops mode in which the Java heap is
#     placed in the first 4GB address space. The Java Heap base address is the
#     maximum limit for the native heap growth. Please use -XX:HeapBaseMinAddress
#     to set the Java Heap base and to place the Java Heap above 4GB virtual address.
# This output file may be truncated or incomplete.
#
#  Out of Memory Error (allocation.cpp:389), pid=54716, tid=0x000000000000e2d0
#
# JRE version: Java(TM) SE Runtime Environment (8.0_211-b12) (build 1.8.0_211-b12)
# Java VM: Java HotSpot(TM) 64-Bit Server VM (25.211-b12 mixed mode windows-amd64 compressed oops)
# Failed to write core dump. Minidumps are not enabled by default on client versions of Windows
#

---------------  T H R E A D  ---------------

Current thread (0x0000000019081000):  JavaThread "C2 CompilerThread1" daemon [_thread_in_native, id=58064, stack(0x0000000019770000,0x0000000019870000)]

Stack: [0x0000000019770000,0x0000000019870000]
[error occurred during error reporting (printing stack bounds), id 0xc0000005]

Native frames: (J=compiled Java code, j=interpreted, Vv=VM code, C=native code)


Current CompileTask:
C2: 443421 6208   !   4       java.lang.reflect.Executable::sharedToGenericString (329 bytes)


---------------  P R O C E S S  ---------------

Java Threads: ( => current thread )
  0x000000001e2d1000 JavaThread "AsyncResolver-bootstrap-executor-0" daemon [_thread_blocked, id=49188, stack(0x0000000026a90000,0x0000000026b90000)]
  0x000000001e2d1800 JavaThread "DiscoveryClient-HeartbeatExecutor-0" daemon [_thread_blocked, id=51684, stack(0x0000000000f20000,0x0000000001020000)]
  0x000000001e2cf800 JavaThread "DiscoveryClient-CacheRefreshExecutor-0" daemon [_thread_blocked, id=17076, stack(0x0000000000e20000,0x0000000000f20000)]
  0x000000001e2d5800 JavaThread "DestroyJavaVM" [_thread_blocked, id=57980, stack(0x0000000002f20000,0x0000000003020000)]
  0x000000001e2c7000 JavaThread "http-nio-9001-AsyncTimeout" daemon [_thread_blocked, id=36176, stack(0x0000000026890000,0x0000000026990000)]
  0x000000001e2ce000 JavaThread "http-nio-9001-Acceptor-0" daemon [_thread_in_native, id=19444, stack(0x0000000026790000,0x0000000026890000)]
  0x000000001e2cc800 JavaThread "http-nio-9001-ClientPoller-1" daemon [_thread_in_native, id=57576, stack(0x0000000026690000,0x0000000026790000)]
  0x000000001e2cb800 JavaThread "http-nio-9001-ClientPoller-0" daemon [_thread_in_native, id=54860, stack(0x0000000026590000,0x0000000026690000)]
  0x000000001e2c9800 JavaThread "http-nio-9001-exec-10" daemon [_thread_in_Java, id=31476, stack(0x0000000026490000,0x0000000026590000)]
  0x000000001e2cb000 JavaThread "http-nio-9001-exec-9" daemon [_thread_in_vm, id=48908, stack(0x0000000026390000,0x0000000026490000)]
  0x000000001e2cd000 JavaThread "http-nio-9001-exec-8" daemon [_thread_blocked, id=52544, stack(0x0000000026290000,0x0000000026390000)]
  0x000000001e2c8800 JavaThread "http-nio-9001-exec-7" daemon [_thread_blocked, id=51048, stack(0x0000000026190000,0x0000000026290000)]
  0x000000001e2ca000 JavaThread "http-nio-9001-exec-6" daemon [_thread_blocked, id=58160, stack(0x0000000026090000,0x0000000026190000)]
  0x000000001e2c8000 JavaThread "http-nio-9001-exec-5" daemon [_thread_blocked, id=31096, stack(0x0000000025f90000,0x0000000026090000)]
  0x000000001a580000 JavaThread "http-nio-9001-exec-4" daemon [_thread_blocked, id=52308, stack(0x0000000025e90000,0x0000000025f90000)]
  0x000000001a57e000 JavaThread "http-nio-9001-exec-3" daemon [_thread_blocked, id=22376, stack(0x0000000025d90000,0x0000000025e90000)]
  0x000000001a57c800 JavaThread "http-nio-9001-exec-2" daemon [_thread_blocked, id=55392, stack(0x0000000025c90000,0x0000000025d90000)]
  0x000000001a57f800 JavaThread "http-nio-9001-exec-1" daemon [_thread_blocked, id=56860, stack(0x0000000025b90000,0x0000000025c90000)]
  0x000000001a57b800 JavaThread "NioBlockingSelector.BlockPoller-1" daemon [_thread_in_native, id=55452, stack(0x0000000025a90000,0x0000000025b90000)]
  0x000000001a57d000 JavaThread "DiscoveryClient-InstanceInfoReplicator-0" daemon [_thread_blocked, id=54140, stack(0x0000000024950000,0x0000000024a50000)]
  0x000000001a57e800 JavaThread "DiscoveryClient-1" daemon [_thread_blocked, id=57968, stack(0x0000000024850000,0x0000000024950000)]
  0x000000001a57b000 JavaThread "DiscoveryClient-0" daemon [_thread_blocked, id=56460, stack(0x0000000024750000,0x0000000024850000)]
  0x000000001a579800 JavaThread "AsyncResolver-bootstrap-0" daemon [_thread_blocked, id=57508, stack(0x000000001f940000,0x000000001fa40000)]
  0x000000001a57a000 JavaThread "Eureka-JerseyClient-Conn-Cleaner2" daemon [_thread_blocked, id=56832, stack(0x000000001b340000,0x000000001b440000)]
  0x000000001a588800 JavaThread "container-0" [_thread_blocked, id=54724, stack(0x0000000021940000,0x0000000021a40000)]
  0x000000001d612000 JavaThread "ContainerBackgroundProcessor[StandardEngine[Tomcat]]" daemon [_thread_blocked, id=48060, stack(0x00000000215f0000,0x00000000216f0000)]
  0x000000001cbc1000 JavaThread "SimplePauseDetectorThread_0" daemon [_thread_blocked, id=29424, stack(0x0000000021840000,0x0000000021940000)]
  0x000000001a9cb000 JavaThread "Thread-5" daemon [_thread_blocked, id=45860, stack(0x0000000021740000,0x0000000021840000)]
  0x000000001d6f9000 JavaThread "spring.cloud.inetutils" daemon [_thread_blocked, id=56636, stack(0x000000001d240000,0x000000001d340000)]
  0x00000000190fd800 JavaThread "Service Thread" daemon [_thread_blocked, id=52424, stack(0x0000000019970000,0x0000000019a70000)]
  0x000000001908d800 JavaThread "C1 CompilerThread2" daemon [_thread_blocked, id=57864, stack(0x0000000019870000,0x0000000019970000)]
=>0x0000000019081000 JavaThread "C2 CompilerThread1" daemon [_thread_in_native, id=58064, stack(0x0000000019770000,0x0000000019870000)]
  0x000000001907e000 JavaThread "C2 CompilerThread0" daemon [_thread_in_native, id=57236, stack(0x0000000019670000,0x0000000019770000)]
  0x000000001907d800 JavaThread "Attach Listener" daemon [_thread_blocked, id=51656, stack(0x0000000019570000,0x0000000019670000)]
  0x0000000017d4e000 JavaThread "Signal Dispatcher" daemon [_thread_blocked, id=51772, stack(0x0000000019470000,0x0000000019570000)]
  0x0000000017cdd000 JavaThread "Finalizer" daemon [_thread_blocked, id=57572, stack(0x0000000018f70000,0x0000000019070000)]
  0x00000000031a7000 JavaThread "Reference Handler" daemon [_thread_blocked, id=57736, stack(0x0000000018e70000,0x0000000018f70000)]

Other Threads:
  0x0000000017cb7000 VMThread [stack: 0x0000000018d70000,0x0000000018e70000] [id=56900]
  0x0000000019149000 WatcherThread [stack: 0x0000000019a70000,0x0000000019b70000] [id=38292]

VM state:not at safepoint (normal execution)

VM Mutex/Monitor currently owned by a thread: None

heap address: 0x0000000081a00000, size: 2022 MB, Compressed Oops mode: 32-bit
Narrow klass base: 0x0000000000000000, Narrow klass shift: 3
Compressed class space size: 1073741824 Address: 0x0000000100000000

Heap:
 PSYoungGen      total 287232K, used 13552K [0x00000000d5e00000, 0x00000000e8c00000, 0x0000000100000000)
  eden space 265216K, 5% used [0x00000000d5e00000,0x00000000d6b3c360,0x00000000e6100000)
  from space 22016K, 0% used [0x00000000e6100000,0x00000000e6100000,0x00000000e7680000)
  to   space 17408K, 0% used [0x00000000e7900000,0x00000000e7900000,0x00000000e8a00000)
 ParOldGen       total 86528K, used 30785K [0x0000000081a00000, 0x0000000086e80000, 0x00000000d5e00000)
  object space 86528K, 35% used [0x0000000081a00000,0x0000000083810518,0x0000000086e80000)
 Metaspace       used 56954K, capacity 59300K, committed 59352K, reserved 1101824K
  class space    used 7468K, capacity 7884K, committed 7896K, reserved 1048576K

Card table byte_map: [0x0000000012570000,0x0000000012970000] byte_map_base: 0x0000000012163000

Marking Bits: (ParMarkBitMap*) 0x0000000062995ce0
 Begin Bits: [0x0000000013020000, 0x0000000014fb8000)
 End Bits:   [0x0000000014fb8000, 0x0000000016f50000)

Polling page: 0x0000000001040000

CodeCache: size=245760Kb used=19225Kb max_used=20060Kb free=226534Kb
 bounds [0x00000000031b0000, 0x0000000004560000, 0x00000000121b0000]
 total_blobs=5684 nmethods=5170 adapters=425
 compilation: enabled

Compilation events (10 events):
Event: 443.364 Thread 0x000000001907e000 nmethod 6212 0x000000000403aed0 code [0x000000000403b280, 0x000000000403dc48]
Event: 443.364 Thread 0x000000001907e000 6215       4       java.util.concurrent.locks.AbstractQueuedSynchronizer::release (33 bytes)
Event: 443.365 Thread 0x000000001907e000 nmethod 6215 0x00000000037abed0 code [0x00000000037ac020, 0x00000000037ac0e8]
Event: 443.380 Thread 0x000000001908d800 6216       1       org.apache.tomcat.util.http.MimeHeaderField::getName (5 bytes)
Event: 443.380 Thread 0x000000001908d800 nmethod 6216 0x000000000379a110 code [0x000000000379a260, 0x000000000379a370]
Event: 443.382 Thread 0x000000001908d800 6217       3       org.apache.tomcat.util.buf.Ascii::toLower (14 bytes)
Event: 443.382 Thread 0x000000001908d800 nmethod 6217 0x0000000003dd2710 code [0x0000000003dd2860, 0x0000000003dd29d0]
Event: 443.387 Thread 0x000000001907e000 6218       4       sun.invoke.util.BytecodeDescriptor::unparseSig (75 bytes)
Event: 443.416 Thread 0x000000001908d800 6219       3       java.nio.charset.Charset::lookup (44 bytes)
Event: 443.417 Thread 0x000000001908d800 nmethod 6219 0x00000000037c5a10 code [0x00000000037c5bc0, 0x00000000037c60a8]

GC Heap History (10 events):
Event: 14.688 GC heap before
{Heap before GC invocations=12 (full 2):
 PSYoungGen      total 173056K, used 160256K [0x00000000d5e00000, 0x00000000e4480000, 0x0000000100000000)
  eden space 160256K, 100% used [0x00000000d5e00000,0x00000000dfa80000,0x00000000dfa80000)
  from space 12800K, 0% used [0x00000000dfa80000,0x00000000dfa80000,0x00000000e0700000)
  to   space 12800K, 0% used [0x00000000e3800000,0x00000000e3800000,0x00000000e4480000)
 ParOldGen       total 86528K, used 16811K [0x0000000081a00000, 0x0000000086e80000, 0x00000000d5e00000)
  object space 86528K, 19% used [0x0000000081a00000,0x0000000082a6ae88,0x0000000086e80000)
 Metaspace       used 39078K, capacity 40818K, committed 41048K, reserved 1085440K
  class space    used 5049K, capacity 5373K, committed 5464K, reserved 1048576K
Event: 14.726 GC heap after
Heap after GC invocations=12 (full 2):
 PSYoungGen      total 222208K, used 11363K [0x00000000d5e00000, 0x00000000e4700000, 0x0000000100000000)
  eden space 209408K, 0% used [0x00000000d5e00000,0x00000000d5e00000,0x00000000e2a80000)
  from space 12800K, 88% used [0x00000000e3800000,0x00000000e4318cf8,0x00000000e4480000)
  to   space 13824K, 0% used [0x00000000e2a80000,0x00000000e2a80000,0x00000000e3800000)
 ParOldGen       total 86528K, used 16819K [0x0000000081a00000, 0x0000000086e80000, 0x00000000d5e00000)
  object space 86528K, 19% used [0x0000000081a00000,0x0000000082a6ce88,0x0000000086e80000)
 Metaspace       used 39078K, capacity 40818K, committed 41048K, reserved 1085440K
  class space    used 5049K, capacity 5373K, committed 5464K, reserved 1048576K
}
Event: 21.100 GC heap before
{Heap before GC invocations=13 (full 2):
 PSYoungGen      total 222208K, used 220771K [0x00000000d5e00000, 0x00000000e4700000, 0x0000000100000000)
  eden space 209408K, 100% used [0x00000000d5e00000,0x00000000e2a80000,0x00000000e2a80000)
  from space 12800K, 88% used [0x00000000e3800000,0x00000000e4318cf8,0x00000000e4480000)
  to   space 13824K, 0% used [0x00000000e2a80000,0x00000000e2a80000,0x00000000e3800000)
 ParOldGen       total 86528K, used 16819K [0x0000000081a00000, 0x0000000086e80000, 0x00000000d5e00000)
  object space 86528K, 19% used [0x0000000081a00000,0x0000000082a6ce88,0x0000000086e80000)
 Metaspace       used 45288K, capacity 47390K, committed 47576K, reserved 1091584K
  class space    used 5875K, capacity 6247K, committed 6360K, reserved 1048576K
Event: 21.172 GC heap after
Heap after GC invocations=13 (full 2):
 PSYoungGen      total 223232K, used 13817K [0x00000000d5e00000, 0x00000000e8a00000, 0x0000000100000000)
  eden space 209408K, 0% used [0x00000000d5e00000,0x00000000d5e00000,0x00000000e2a80000)
  from space 13824K, 99% used [0x00000000e2a80000,0x00000000e37fe568,0x00000000e3800000)
  to   space 17408K, 0% used [0x00000000e7900000,0x00000000e7900000,0x00000000e8a00000)
 ParOldGen       total 86528K, used 21689K [0x0000000081a00000, 0x0000000086e80000, 0x00000000d5e00000)
  object space 86528K, 25% used [0x0000000081a00000,0x0000000082f2e700,0x0000000086e80000)
 Metaspace       used 45288K, capacity 47390K, committed 47576K, reserved 1091584K
  class space    used 5875K, capacity 6247K, committed 6360K, reserved 1048576K
}
Event: 31.388 GC heap before
{Heap before GC invocations=14 (full 2):
 PSYoungGen      total 223232K, used 223225K [0x00000000d5e00000, 0x00000000e8a00000, 0x0000000100000000)
  eden space 209408K, 100% used [0x00000000d5e00000,0x00000000e2a80000,0x00000000e2a80000)
  from space 13824K, 99% used [0x00000000e2a80000,0x00000000e37fe568,0x00000000e3800000)
  to   space 17408K, 0% used [0x00000000e7900000,0x00000000e7900000,0x00000000e8a00000)
 ParOldGen       total 86528K, used 21693K [0x0000000081a00000, 0x0000000086e80000, 0x00000000d5e00000)
  object space 86528K, 25% used [0x0000000081a00000,0x0000000082f2f6c0,0x0000000086e80000)
 Metaspace       used 55490K, capacity 57778K, committed 57944K, reserved 1099776K
  class space    used 7294K, capacity 7705K, committed 7768K, reserved 1048576K
Event: 31.426 GC heap after
Heap after GC invocations=14 (full 2):
 PSYoungGen      total 282624K, used 17403K [0x00000000d5e00000, 0x00000000e8c00000, 0x0000000100000000)
  eden space 265216K, 0% used [0x00000000d5e00000,0x00000000d5e00000,0x00000000e6100000)
  from space 17408K, 99% used [0x00000000e7900000,0x00000000e89feec0,0x00000000e8a00000)
  to   space 22016K, 0% used [0x00000000e6100000,0x00000000e6100000,0x00000000e7680000)
 ParOldGen       total 86528K, used 27130K [0x0000000081a00000, 0x0000000086e80000, 0x00000000d5e00000)
  object space 86528K, 31% used [0x0000000081a00000,0x000000008347e858,0x0000000086e80000)
 Metaspace       used 55490K, capacity 57778K, committed 57944K, reserved 1099776K
  class space    used 7294K, capacity 7705K, committed 7768K, reserved 1048576K
}
Event: 442.197 GC heap before
{Heap before GC invocations=15 (full 2):
 PSYoungGen      total 282624K, used 47886K [0x00000000d5e00000, 0x00000000e8c00000, 0x0000000100000000)
  eden space 265216K, 11% used [0x00000000d5e00000,0x00000000d7bc4c38,0x00000000e6100000)
  from space 17408K, 99% used [0x00000000e7900000,0x00000000e89feec0,0x00000000e8a00000)
  to   space 22016K, 0% used [0x00000000e6100000,0x00000000e6100000,0x00000000e7680000)
 ParOldGen       total 86528K, used 27130K [0x0000000081a00000, 0x0000000086e80000, 0x00000000d5e00000)
  object space 86528K, 31% used [0x0000000081a00000,0x000000008347e858,0x0000000086e80000)
 Metaspace       used 56596K, capacity 58942K, committed 59028K, reserved 1099776K
  class space    used 7423K, capacity 7851K, committed 7896K, reserved 1048576K
Event: 442.270 GC heap after
Heap after GC invocations=15 (full 2):
 PSYoungGen      total 287232K, used 1208K [0x00000000d5e00000, 0x00000000e8c00000, 0x0000000100000000)
  eden space 265216K, 0% used [0x00000000d5e00000,0x00000000d5e00000,0x00000000e6100000)
  from space 22016K, 5% used [0x00000000e6100000,0x00000000e622e1e8,0x00000000e7680000)
  to   space 17408K, 0% used [0x00000000e7900000,0x00000000e7900000,0x00000000e8a00000)
 ParOldGen       total 86528K, used 38364K [0x0000000081a00000, 0x0000000086e80000, 0x00000000d5e00000)
  object space 86528K, 44% used [0x0000000081a00000,0x0000000083f77200,0x0000000086e80000)
 Metaspace       used 56596K, capacity 58942K, committed 59028K, reserved 1099776K
  class space    used 7423K, capacity 7851K, committed 7896K, reserved 1048576K
}
Event: 442.270 GC heap before
{Heap before GC invocations=16 (full 3):
 PSYoungGen      total 287232K, used 1208K [0x00000000d5e00000, 0x00000000e8c00000, 0x0000000100000000)
  eden space 265216K, 0% used [0x00000000d5e00000,0x00000000d5e00000,0x00000000e6100000)
  from space 22016K, 5% used [0x00000000e6100000,0x00000000e622e1e8,0x00000000e7680000)
  to   space 17408K, 0% used [0x00000000e7900000,0x00000000e7900000,0x00000000e8a00000)
 ParOldGen       total 86528K, used 38364K [0x0000000081a00000, 0x0000000086e80000, 0x00000000d5e00000)
  object space 86528K, 44% used [0x0000000081a00000,0x0000000083f77200,0x0000000086e80000)
 Metaspace       used 56596K, capacity 58942K, committed 59028K, reserved 1099776K
  class space    used 7423K, capacity 7851K, committed 7896K, reserved 1048576K
Event: 443.016 GC heap after
Heap after GC invocations=16 (full 3):
 PSYoungGen      total 287232K, used 0K [0x00000000d5e00000, 0x00000000e8c00000, 0x0000000100000000)
  eden space 265216K, 0% used [0x00000000d5e00000,0x00000000d5e00000,0x00000000e6100000)
  from space 22016K, 0% used [0x00000000e6100000,0x00000000e6100000,0x00000000e7680000)
  to   space 17408K, 0% used [0x00000000e7900000,0x00000000e7900000,0x00000000e8a00000)
 ParOldGen       total 86528K, used 30785K [0x0000000081a00000, 0x0000000086e80000, 0x00000000d5e00000)
  object space 86528K, 35% used [0x0000000081a00000,0x0000000083810518,0x0000000086e80000)
 Metaspace       used 56596K, capacity 58942K, committed 59028K, reserved 1099776K
  class space    used 7423K, capacity 7851K, committed 7896K, reserved 1048576K
}

Deoptimization events (10 events):
Event: 60.957 Thread 0x000000001e2cf800 Uncommon trap: reason=bimorphic action=maybe_recompile pc=0x0000000004117e74 method=java.util.zip.InflaterInputStream.read([BII)I @ 100
Event: 60.964 Thread 0x000000001e2cf800 Uncommon trap: reason=bimorphic action=maybe_recompile pc=0x0000000004486928 method=java.util.WeakHashMap.eq(Ljava/lang/Object;Ljava/lang/Object;)Z @ 7
Event: 61.076 Thread 0x000000001e2cf800 Uncommon trap: reason=bimorphic action=maybe_recompile pc=0x0000000004117e74 method=java.util.zip.InflaterInputStream.read([BII)I @ 100
Event: 91.107 Thread 0x000000001e2cf800 Uncommon trap: reason=bimorphic action=maybe_recompile pc=0x0000000004117e74 method=java.util.zip.InflaterInputStream.read([BII)I @ 100
Event: 91.107 Thread 0x000000001e2cf800 Uncommon trap: reason=bimorphic action=maybe_recompile pc=0x0000000004486928 method=java.util.WeakHashMap.eq(Ljava/lang/Object;Ljava/lang/Object;)Z @ 7
Event: 121.231 Thread 0x000000001e2cf800 Uncommon trap: reason=bimorphic action=maybe_recompile pc=0x0000000004486928 method=java.util.WeakHashMap.eq(Ljava/lang/Object;Ljava/lang/Object;)Z @ 7
Event: 121.232 Thread 0x000000001e2cf800 Uncommon trap: reason=bimorphic action=maybe_recompile pc=0x0000000004486928 method=java.util.WeakHashMap.eq(Ljava/lang/Object;Ljava/lang/Object;)Z @ 7
Event: 443.016 Thread 0x00000000031a7000 Uncommon trap: reason=unstable_if action=reinterpret pc=0x0000000003949bf8 method=java.lang.ref.Reference.tryHandlePending(Z)Z @ 20
Event: 443.084 Thread 0x000000001e2c9800 Uncommon trap: reason=unstable_if action=reinterpret pc=0x0000000003ab7944 method=java.io.WinNTFileSystem.isLetter(C)Z @ 3
Event: 443.084 Thread 0x000000001e2cb000 Uncommon trap: reason=unstable_if action=reinterpret pc=0x0000000003ab7944 method=java.io.WinNTFileSystem.isLetter(C)Z @ 3

Classes redefined (0 events):
No events

Internal exceptions (10 events):
Event: 443.163 Thread 0x000000001e2cb000 Exception <a 'java/lang/ClassNotFoundException': org/springframework/web/servlet/RequestToViewNameTranslatorCustomizer> (0x00000000d6805368) thrown at [C:\re\workspace\8-2-build-windows-amd64-cygwin\jdk8u211\12973\hotspot\src\share\vm\classfile\systemDict
Event: 443.212 Thread 0x000000001e2cb000 Exception <a 'java/lang/ClassNotFoundException': java/lang/ObjectCustomizer> (0x00000000d6842668) thrown at [C:\re\workspace\8-2-build-windows-amd64-cygwin\jdk8u211\12973\hotspot\src\share\vm\classfile\systemDictionary.cpp, line 210]
Event: 443.216 Thread 0x000000001e2cb000 Exception <a 'java/lang/ClassNotFoundException': org/springframework/web/servlet/support/AbstractFlashMapManagerCustomizer> (0x00000000d686d6e0) thrown at [C:\re\workspace\8-2-build-windows-amd64-cygwin\jdk8u211\12973\hotspot\src\share\vm\classfile\system
Event: 443.223 Thread 0x000000001e2cb000 Exception <a 'java/lang/ClassNotFoundException': org/springframework/web/servlet/support/SessionFlashMapManagerCustomizer> (0x00000000d689c678) thrown at [C:\re\workspace\8-2-build-windows-amd64-cygwin\jdk8u211\12973\hotspot\src\share\vm\classfile\systemD
Event: 443.226 Thread 0x000000001e2cb000 Exception <a 'java/lang/ClassNotFoundException': org/springframework/web/servlet/FlashMapManagerCustomizer> (0x00000000d68c0780) thrown at [C:\re\workspace\8-2-build-windows-amd64-cygwin\jdk8u211\12973\hotspot\src\share\vm\classfile\systemDictionary.cpp, 
Event: 443.272 Thread 0x000000001e2c9800 Exception <a 'java/lang/ClassNotFoundException': java/lang/ObjectCustomizer> (0x00000000d670c440) thrown at [C:\re\workspace\8-2-build-windows-amd64-cygwin\jdk8u211\12973\hotspot\src\share\vm\classfile\systemDictionary.cpp, line 210]
Event: 443.275 Thread 0x000000001e2c9800 Exception <a 'java/lang/ClassNotFoundException': org/springframework/web/servlet/handler/HandlerMappingIntrospectorCustomizer> (0x00000000d694b6f8) thrown at [C:\re\workspace\8-2-build-windows-amd64-cygwin\jdk8u211\12973\hotspot\src\share\vm\classfile\sys
Event: 443.278 Thread 0x000000001e2c9800 Exception <a 'java/lang/ClassNotFoundException': org/springframework/web/cors/CorsConfigurationSourceCustomizer> (0x00000000d6976b10) thrown at [C:\re\workspace\8-2-build-windows-amd64-cygwin\jdk8u211\12973\hotspot\src\share\vm\classfile\systemDictionary.
Event: 443.281 Thread 0x000000001e2c9800 Exception <a 'java/lang/ClassNotFoundException': org/springframework/context/ApplicationContextAwareCustomizer> (0x00000000d699acf8) thrown at [C:\re\workspace\8-2-build-windows-amd64-cygwin\jdk8u211\12973\hotspot\src\share\vm\classfile\systemDictionary.c
Event: 443.304 Thread 0x000000001e2c9800 Exception <a 'java/lang/ClassNotFoundException': org/springframework/beans/factory/InitializingBeanCustomizer> (0x00000000d69beeb0) thrown at [C:\re\workspace\8-2-build-windows-amd64-cygwin\jdk8u211\12973\hotspot\src\share\vm\classfile\systemDictionary.cp

Events (10 events):
Event: 443.372 loading class org/springframework/web/cors/CorsUtils
Event: 443.372 loading class org/springframework/web/cors/CorsUtils done
Event: 443.374 loading class org/springframework/web/context/request/ServletWebRequest
Event: 443.374 loading class org/springframework/web/context/request/ServletWebRequest done
Event: 443.386 loading class org/springframework/web/servlet/mvc/condition/ProducesRequestCondition$ProduceMediaTypeExpression
Event: 443.386 loading class org/springframework/web/servlet/mvc/condition/ProducesRequestCondition$ProduceMediaTypeExpression done
Event: 443.405 loading class org/springframework/web/servlet/mvc/method/RequestMappingInfoHandlerMapping$PartialMatchHelper
Event: 443.405 loading class org/springframework/web/servlet/mvc/method/RequestMappingInfoHandlerMapping$PartialMatchHelper done
Event: 443.418 loading class org/springframework/web/servlet/handler/AbstractHandlerMethodMapping$Match
Event: 443.418 loading class org/springframework/web/servlet/handler/AbstractHandlerMethodMapping$Match done


Dynamic libraries:
0x00007ff601d00000 - 0x00007ff601d37000 	D:\java\jdk1.8.0_211\bin\javaw.exe
0x00007ffdd70a0000 - 0x00007ffdd7290000 	C:\Windows\SYSTEM32\ntdll.dll
0x00007ffdd57e0000 - 0x00007ffdd5892000 	C:\Windows\System32\KERNEL32.DLL
0x00007ffdd4a90000 - 0x00007ffdd4d32000 	C:\Windows\System32\KERNELBASE.dll
0x00007ffdd6a40000 - 0x00007ffdd6ae3000 	C:\Windows\System32\ADVAPI32.dll
0x00007ffdd5390000 - 0x00007ffdd542e000 	C:\Windows\System32\msvcrt.dll
0x00007ffdd5fe0000 - 0x00007ffdd6077000 	C:\Windows\System32\sechost.dll
0x00007ffdd5d80000 - 0x00007ffdd5ea0000 	C:\Windows\System32\RPCRT4.dll
0x00007ffdd5500000 - 0x00007ffdd5693000 	C:\Windows\System32\USER32.dll
0x00007ffdd4f90000 - 0x00007ffdd4fb1000 	C:\Windows\System32\win32u.dll
0x00007ffdd7030000 - 0x00007ffdd7056000 	C:\Windows\System32\GDI32.dll
0x00007ffdd4df0000 - 0x00007ffdd4f84000 	C:\Windows\System32\gdi32full.dll
0x00007ffdd4fc0000 - 0x00007ffdd505e000 	C:\Windows\System32\msvcp_win.dll
0x00007ffdd5060000 - 0x00007ffdd515a000 	C:\Windows\System32\ucrtbase.dll
0x00007ffdd0750000 - 0x00007ffdd09d5000 	C:\Windows\WinSxS\amd64_microsoft.windows.common-controls_6595b64144ccf1df_6.0.18362.86_none_a143621e519dc228\COMCTL32.dll
0x00007ffdd6cf0000 - 0x00007ffdd7026000 	C:\Windows\System32\combase.dll
0x00007ffdd48b0000 - 0x00007ffdd4931000 	C:\Windows\System32\bcryptPrimitives.dll
0x00007ffdd6b10000 - 0x00007ffdd6b3e000 	C:\Windows\System32\IMM32.DLL
0x00007ffdd2b10000 - 0x00007ffdd2c2b000 	C:\Windows\SYSTEM32\mvshookg_x64.dll
0x00007ffdd6830000 - 0x00007ffdd6986000 	C:\Windows\System32\ole32.dll
0x00007ffdd5710000 - 0x00007ffdd57df000 	C:\Windows\System32\comdlg32.dll
0x00007ffdd6090000 - 0x00007ffdd6139000 	C:\Windows\System32\shcore.dll
0x00007ffdd52d0000 - 0x00007ffdd5322000 	C:\Windows\System32\SHLWAPI.dll
0x00007ffdd6150000 - 0x00007ffdd6830000 	C:\Windows\System32\SHELL32.dll
0x00007ffdd4da0000 - 0x00007ffdd4dea000 	C:\Windows\System32\cfgmgr32.dll
0x00007ffdd4100000 - 0x00007ffdd487b000 	C:\Windows\System32\windows.storage.dll
0x00007ffdd3fa0000 - 0x00007ffdd3fbf000 	C:\Windows\System32\profapi.dll
0x00007ffdd3fc0000 - 0x00007ffdd400a000 	C:\Windows\System32\powrprof.dll
0x00007ffdd3f70000 - 0x00007ffdd3f80000 	C:\Windows\System32\UMPDC.dll
0x00007ffdd4010000 - 0x00007ffdd4021000 	C:\Windows\System32\kernel.appcore.dll
0x00007ffdd4030000 - 0x00007ffdd4047000 	C:\Windows\System32\cryptsp.dll
0x00007ffdd56a0000 - 0x00007ffdd56a8000 	C:\Windows\System32\psapi.dll
0x00007ffdd2a40000 - 0x00007ffdd2a57000 	C:\Windows\SYSTEM32\NETAPI32.dll
0x00007ffdd2a10000 - 0x00007ffdd2a36000 	C:\Windows\SYSTEM32\SRVCLI.DLL
0x0000000062a20000 - 0x0000000062af2000 	D:\java\jdk1.8.0_211\jre\bin\msvcr100.dll
0x0000000062170000 - 0x0000000062a15000 	D:\java\jdk1.8.0_211\jre\bin\server\jvm.dll
0x00007ffdd1d00000 - 0x00007ffdd1d09000 	C:\Windows\SYSTEM32\WSOCK32.dll
0x00007ffdd58a0000 - 0x00007ffdd590f000 	C:\Windows\System32\WS2_32.dll
0x00007ffdd0570000 - 0x00007ffdd0594000 	C:\Windows\SYSTEM32\WINMM.dll
0x00007ffdd29b0000 - 0x00007ffdd29ba000 	C:\Windows\SYSTEM32\VERSION.dll
0x00007ffdd04e0000 - 0x00007ffdd050d000 	C:\Windows\SYSTEM32\WINMMBASE.dll
0x00007ffdd0af0000 - 0x00007ffdd0aff000 	D:\java\jdk1.8.0_211\jre\bin\verify.dll
0x00007ffdc1270000 - 0x00007ffdc1299000 	D:\java\jdk1.8.0_211\jre\bin\java.dll
0x00007ffdcefb0000 - 0x00007ffdcefc6000 	D:\java\jdk1.8.0_211\jre\bin\zip.dll
0x00007ffdce430000 - 0x00007ffdce44a000 	D:\java\jdk1.8.0_211\jre\bin\net.dll
0x00007ffdc7b60000 - 0x00007ffdc7d34000 	C:\Windows\SYSTEM32\urlmon.dll
0x00007ffdc7850000 - 0x00007ffdc7af6000 	C:\Windows\SYSTEM32\iertutil.dll
0x00007ffdd39b0000 - 0x00007ffdd39bc000 	C:\Windows\SYSTEM32\CRYPTBASE.DLL
0x00007ffdd37e0000 - 0x00007ffdd3847000 	C:\Windows\system32\mswsock.dll
0x00007ffdd3540000 - 0x00007ffdd357a000 	C:\Windows\SYSTEM32\IPHLPAPI.DLL
0x00007ffdd6080000 - 0x00007ffdd6088000 	C:\Windows\System32\NSI.dll
0x00007ffdc8240000 - 0x00007ffdc8256000 	C:\Windows\SYSTEM32\dhcpcsvc6.DLL
0x00007ffdc8650000 - 0x00007ffdc866c000 	C:\Windows\SYSTEM32\dhcpcsvc.DLL
0x00007ffdd3590000 - 0x00007ffdd365a000 	C:\Windows\SYSTEM32\DNSAPI.dll
0x00007ffdc33b0000 - 0x00007ffdc33ba000 	C:\Windows\System32\rasadhlp.dll
0x00007ffdc77d0000 - 0x00007ffdc7847000 	C:\Windows\System32\fwpuclnt.dll
0x00007ffdd4880000 - 0x00007ffdd48a6000 	C:\Windows\System32\bcrypt.dll
0x00007ffdd0ab0000 - 0x00007ffdd0abd000 	D:\java\jdk1.8.0_211\jre\bin\management.dll
0x00007ffdc0f30000 - 0x00007ffdc0f46000 	C:\Windows\system32\napinsp.dll
0x00007ffdc0f10000 - 0x00007ffdc0f2a000 	C:\Windows\system32\pnrpnsp.dll
0x00007ffdc0f00000 - 0x00007ffdc0f0e000 	C:\Windows\System32\winrnr.dll
0x00007ffdd09f0000 - 0x00007ffdd0a0c000 	C:\Windows\system32\NLAapi.dll
0x00007ffdbdc30000 - 0x00007ffdbdc45000 	C:\Windows\system32\wshbth.dll
0x00007ffdcd5f0000 - 0x00007ffdcd602000 	D:\java\jdk1.8.0_211\jre\bin\nio.dll
0x00007ffdd33a0000 - 0x00007ffdd33d3000 	C:\Windows\system32\rsaenh.dll
0x00007ffdd3e90000 - 0x00007ffdd3eb5000 	C:\Windows\SYSTEM32\USERENV.dll
0x00007ffdbdda0000 - 0x00007ffdbddc4000 	D:\java\jdk1.8.0_211\jre\bin\sunec.dll

VM Arguments:
jvm_args: -Dfile.encoding=utf-8 
java_command: kui.eureka_news.EurekaNewsStarter
java_class_path (initial): E:\git\git\graduation\eureka-news\target\classes;D:\mvnRepo\org\springframework\cloud\spring-cloud-starter-netflix-eureka-server\2.0.2.RELEASE\spring-cloud-starter-netflix-eureka-server-2.0.2.RELEASE.jar;D:\mvnRepo\org\springframework\cloud\spring-cloud-starter\2.0.2.RELEASE\spring-cloud-starter-2.0.2.RELEASE.jar;D:\mvnRepo\org\springframework\cloud\spring-cloud-context\2.0.2.RELEASE\spring-cloud-context-2.0.2.RELEASE.jar;D:\mvnRepo\org\springframework\security\spring-security-crypto\5.0.8.RELEASE\spring-security-crypto-5.0.8.RELEASE.jar;D:\mvnRepo\org\springframework\cloud\spring-cloud-commons\2.0.2.RELEASE\spring-cloud-commons-2.0.2.RELEASE.jar;D:\mvnRepo\org\springframework\security\spring-security-rsa\1.0.7.RELEASE\spring-security-rsa-1.0.7.RELEASE.jar;D:\mvnRepo\org\bouncycastle\bcpkix-jdk15on\1.60\bcpkix-jdk15on-1.60.jar;D:\mvnRepo\org\bouncycastle\bcprov-jdk15on\1.60\bcprov-jdk15on-1.60.jar;D:\mvnRepo\org\springframework\cloud\spring-cloud-netflix-eureka-server\2.0.2.RELEASE\spring-cloud-netflix-eureka-server-2.0.2.RELEASE.jar;D:\mvnRepo\org\springframework\boot\spring-boot-starter-web\2.0.5.RELEASE\spring-boot-starter-web-2.0.5.RELEASE.jar;D:\mvnRepo\org\springframework\boot\spring-boot-starter-json\2.0.5.RELEASE\spring-boot-starter-json-2.0.5.RELEASE.jar;D:\mvnRepo\com\fasterxml\jackson\datatype\jackson-datatype-jdk8\2.9.6\jackson-datatype-jdk8-2.9.6.jar;D:\mvnRepo\com\fasterxml\jackson\datatype\jackson-datatype-jsr310\2.9.6\jackson-datatype-jsr310-2.9.6.jar;D:\mvnRepo\com\fasterxml\jackson\module\jackson-module-parameter-names\2.9.6\jackson-module-parameter-names-2.9.6.jar;D:\mvnRepo\org\springframework\boot\spring-boot-starter-tomcat\2.0.5.RELEASE\spring-boot-starter-tomcat-2.0.5.RELEASE.jar;D:\mvnRepo\org\apache\tomcat\embed\tomcat-embed-core\8.5.34\tomcat-embed-core-8.5.34.jar;D:\mvnRepo\org\apache\tomcat\embed\tomcat-embed-el\8.5.34\tomcat-embed-el-8.5.34.jar;D:\mvnRepo\org\apache\tomcat\embed\tomcat-embed-websocket\8.5.34\
Launcher Type: SUN_STANDARD

Environment Variables:
JAVA_HOME=D:\java\jdk1.7
PATH=C:\Windows\system32;C:\Windows;C:\Windows\System32\Wbem;C:\Windows\System32\WindowsPowerShell\v1.0\;C:\Windows\System32\OpenSSH\;D:\db\mysql-8.0.16-winx64\bin;D:\apache-maven-3.6.1\bin;D:\programFiles\Git\cmd;D:\java\jdk1.7\bin;C:\Users\52822\AppData\Local\Microsoft\WindowsApps;
USERNAME=52822
OS=Windows_NT
PROCESSOR_IDENTIFIER=Intel64 Family 6 Model 78 Stepping 3, GenuineIntel



---------------  S Y S T E M  ---------------

OS: Windows 10.0 , 64 bit Build 18362 (10.0.18362.86)

CPU:total 4 (initial active 4) (2 cores per cpu, 2 threads per core) family 6 model 78 stepping 3, cmov, cx8, fxsr, mmx, sse, sse2, sse3, ssse3, sse4.1, sse4.2, popcnt, avx, avx2, aes, clmul, erms, 3dnowpref, lzcnt, ht, tsc, tscinvbit, bmi1, bmi2, adx

Memory: 4k page, physical 8281888k(198324k free), swap 16146460k(2856k free)

vm_info: Java HotSpot(TM) 64-Bit Server VM (25.211-b12) for windows-amd64 JRE (1.8.0_211-b12), built on Apr  1 2019 20:53:26 by "java_re" with MS VC++ 10.0 (VS2010)

time: Tue May 21 14:37:50 2019
timezone: 中国标准时间
elapsed time: 443 seconds (0d 0h 7m 23s)

