#
# There is insufficient memory for the Java Runtime Environment to continue.
# Native memory allocation (malloc) failed to allocate 1358464 bytes for Chunk::new
# Possible reasons:
#   The system is out of physical RAM or swap space
#   The process is running with CompressedOops enabled, and the Java Heap may be blocking the growth of the native heap
# Possible solutions:
#   Reduce memory load on the system
#   Increase physical memory or swap space
#   Check if swap backing store is full
#   Decrease Java heap size (-Xmx/-Xms)
#   Decrease number of Java threads
#   Decrease Java thread stack sizes (-Xss)
#   Set larger code cache with -XX:ReservedCodeCacheSize=
#   JVM is running with Unscaled Compressed Oops mode in which the Java heap is
#     placed in the first 4GB address space. The Java Heap base address is the
#     maximum limit for the native heap growth. Please use -XX:HeapBaseMinAddress
#     to set the Java Heap base and to place the Java Heap above 4GB virtual address.
# This output file may be truncated or incomplete.
#
#  Out of Memory Error (allocation.cpp:389), pid=87804, tid=0x000000000001322c
#
# JRE version: Java(TM) SE Runtime Environment (8.0_211-b12) (build 1.8.0_211-b12)
# Java VM: Java HotSpot(TM) 64-Bit Server VM (25.211-b12 mixed mode windows-amd64 compressed oops)
# Failed to write core dump. Minidumps are not enabled by default on client versions of Windows
#

---------------  T H R E A D  ---------------

Current thread (0x0000000017be8000):  JavaThread "C2 CompilerThread0" daemon [_thread_in_native, id=78380, stack(0x0000000019510000,0x0000000019610000)]

Stack: [0x0000000019510000,0x0000000019610000]
[error occurred during error reporting (printing stack bounds), id 0xc0000005]

Native frames: (J=compiled Java code, j=interpreted, Vv=VM code, C=native code)


Current CompileTask:
C2:  35747 4906   !   4       org.springframework.core.annotation.AnnotationUtils::getAnnotatedMethodsInBaseType (163 bytes)


---------------  P R O C E S S  ---------------

Java Threads: ( => current thread )
  0x000000001af2b800 JavaThread "container-0" [_thread_blocked, id=74108, stack(0x0000000021550000,0x0000000021650000)]
  0x0000000019f29000 JavaThread "ContainerBackgroundProcessor[StandardEngine[Tomcat]]" daemon [_thread_blocked, id=102444, stack(0x0000000021450000,0x0000000021550000)]
  0x000000001e5b6000 JavaThread "SimplePauseDetectorThread_0" daemon [_thread_blocked, id=105616, stack(0x000000001fa70000,0x000000001fb70000)]
  0x000000001da80000 JavaThread "Thread-5" daemon [_thread_blocked, id=104592, stack(0x000000001f540000,0x000000001f640000)]
  0x000000001c11f000 JavaThread "spring.cloud.inetutils" daemon [_thread_blocked, id=106104, stack(0x000000001cc90000,0x000000001cd90000)]
  0x000000001da82800 JavaThread "localhost-startStop-1" daemon [_thread_blocked, id=100184, stack(0x000000001bb90000,0x000000001bc90000)]
  0x000000001da81800 JavaThread "Tomcat-startStop-1" daemon [_thread_blocked, id=80396, stack(0x000000001b290000,0x000000001b390000)]
  0x0000000018fab000 JavaThread "Service Thread" daemon [_thread_blocked, id=102912, stack(0x0000000019810000,0x0000000019910000)]
  0x0000000018f6e000 JavaThread "C1 CompilerThread2" daemon [_thread_blocked, id=89252, stack(0x0000000019710000,0x0000000019810000)]
  0x0000000017c1c800 JavaThread "C2 CompilerThread1" daemon [_thread_in_native, id=73572, stack(0x0000000019610000,0x0000000019710000)]
=>0x0000000017be8000 JavaThread "C2 CompilerThread0" daemon [_thread_in_native, id=78380, stack(0x0000000019510000,0x0000000019610000)]
  0x0000000018f52800 JavaThread "Attach Listener" daemon [_thread_blocked, id=105556, stack(0x0000000019410000,0x0000000019510000)]
  0x0000000017bd4000 JavaThread "Signal Dispatcher" daemon [_thread_blocked, id=74964, stack(0x0000000019310000,0x0000000019410000)]
  0x0000000017bad000 JavaThread "Finalizer" daemon [_thread_blocked, id=79072, stack(0x0000000018e10000,0x0000000018f10000)]
  0x0000000003077000 JavaThread "Reference Handler" daemon [_thread_blocked, id=56656, stack(0x0000000018d10000,0x0000000018e10000)]
  0x0000000002f85800 JavaThread "main" [_thread_in_vm, id=101372, stack(0x0000000002e80000,0x0000000002f80000)]

Other Threads:
  0x0000000017b87000 VMThread [stack: 0x0000000018c10000,0x0000000018d10000] [id=87360]
  0x0000000018fae000 WatcherThread [stack: 0x0000000019910000,0x0000000019a10000] [id=76220]

VM state:not at safepoint (normal execution)

VM Mutex/Monitor currently owned by a thread: None

heap address: 0x0000000081a00000, size: 2022 MB, Compressed Oops mode: 32-bit
Narrow klass base: 0x0000000000000000, Narrow klass shift: 3
Compressed class space size: 1073741824 Address: 0x0000000100000000

Heap:
 PSYoungGen      total 264704K, used 174032K [0x00000000d5e00000, 0x00000000e7e80000, 0x0000000100000000)
  eden space 251904K, 64% used [0x00000000d5e00000,0x00000000dfb9d5e0,0x00000000e5400000)
  from space 12800K, 98% used [0x00000000e7200000,0x00000000e7e56be8,0x00000000e7e80000)
  to   space 14336K, 0% used [0x00000000e6280000,0x00000000e6280000,0x00000000e7080000)
 ParOldGen       total 76800K, used 15886K [0x0000000081a00000, 0x0000000086500000, 0x00000000d5e00000)
  object space 76800K, 20% used [0x0000000081a00000,0x0000000082983ba8,0x0000000086500000)
 Metaspace       used 44625K, capacity 46556K, committed 46680K, reserved 1089536K
  class space    used 5771K, capacity 6126K, committed 6232K, reserved 1048576K

Card table byte_map: [0x0000000012440000,0x0000000012840000] byte_map_base: 0x0000000012033000

Marking Bits: (ParMarkBitMap*) 0x000000006ed65ce0
 Begin Bits: [0x0000000012ef0000, 0x0000000014e88000)
 End Bits:   [0x0000000014e88000, 0x0000000016e20000)

Polling page: 0x0000000001070000

CodeCache: size=245760Kb used=16662Kb max_used=17114Kb free=229097Kb
 bounds [0x0000000003080000, 0x0000000004150000, 0x0000000012080000]
 total_blobs=4709 nmethods=4246 adapters=374
 compilation: enabled

Compilation events (10 events):
Event: 35.660 Thread 0x0000000018f6e000 5105       3       org.apache.logging.log4j.spi.AbstractLogger::<init> (35 bytes)
Event: 35.660 Thread 0x0000000018f6e000 nmethod 5105 0x0000000003ca2d50 code [0x0000000003ca2fa0, 0x0000000003ca3e38]
Event: 35.678 Thread 0x0000000018f6e000 5106       3       org.springframework.core.ResolvableType::forMethodParameter (49 bytes)
Event: 35.679 Thread 0x0000000018f6e000 nmethod 5106 0x0000000003a16010 code [0x0000000003a16240, 0x0000000003a16db8]
Event: 35.683 Thread 0x0000000018f6e000 5107       3       org.springframework.aop.support.StaticMethodMatcherPointcut::getMethodMatcher (2 bytes)
Event: 35.683 Thread 0x0000000018f6e000 nmethod 5107 0x0000000003ca2a10 code [0x0000000003ca2b60, 0x0000000003ca2cb0]
Event: 35.713 Thread 0x0000000018f6e000 5108  s    3       java.lang.StringBuffer::append (15 bytes)
Event: 35.713 Thread 0x0000000018f6e000 nmethod 5108 0x00000000037924d0 code [0x0000000003792640, 0x0000000003792968]
Event: 35.727 Thread 0x0000000018f6e000 5109       3       java.io.WinNTFileSystem::normalize (143 bytes)
Event: 35.728 Thread 0x0000000018f6e000 nmethod 5109 0x000000000371fb50 code [0x000000000371fd40, 0x0000000003720568]

GC Heap History (10 events):
Event: 10.872 GC heap before
{Heap before GC invocations=8 (full 1):
 PSYoungGen      total 118272K, used 117872K [0x00000000d5e00000, 0x00000000ded80000, 0x0000000100000000)
  eden space 113152K, 100% used [0x00000000d5e00000,0x00000000dcc80000,0x00000000dcc80000)
  from space 5120K, 92% used [0x00000000de880000,0x00000000ded1c310,0x00000000ded80000)
  to   space 8192K, 0% used [0x00000000ddd80000,0x00000000ddd80000,0x00000000de580000)
 ParOldGen       total 50688K, used 5545K [0x0000000081a00000, 0x0000000084b80000, 0x00000000d5e00000)
  object space 50688K, 10% used [0x0000000081a00000,0x0000000081f6a478,0x0000000084b80000)
 Metaspace       used 28581K, capacity 29600K, committed 29824K, reserved 1075200K
  class space    used 3675K, capacity 3912K, committed 3968K, reserved 1048576K
Event: 10.898 GC heap after
Heap after GC invocations=8 (full 1):
 PSYoungGen      total 138752K, used 8178K [0x00000000d5e00000, 0x00000000e2980000, 0x0000000100000000)
  eden space 130560K, 0% used [0x00000000d5e00000,0x00000000d5e00000,0x00000000ddd80000)
  from space 8192K, 99% used [0x00000000ddd80000,0x00000000de57cb30,0x00000000de580000)
  to   space 10240K, 0% used [0x00000000e1f80000,0x00000000e1f80000,0x00000000e2980000)
 ParOldGen       total 50688K, used 7512K [0x0000000081a00000, 0x0000000084b80000, 0x00000000d5e00000)
  object space 50688K, 14% used [0x0000000081a00000,0x0000000082156170,0x0000000084b80000)
 Metaspace       used 28581K, capacity 29600K, committed 29824K, reserved 1075200K
  class space    used 3675K, capacity 3912K, committed 3968K, reserved 1048576K
}
Event: 14.575 GC heap before
{Heap before GC invocations=9 (full 1):
 PSYoungGen      total 138752K, used 138738K [0x00000000d5e00000, 0x00000000e2980000, 0x0000000100000000)
  eden space 130560K, 100% used [0x00000000d5e00000,0x00000000ddd80000,0x00000000ddd80000)
  from space 8192K, 99% used [0x00000000ddd80000,0x00000000de57cb30,0x00000000de580000)
  to   space 10240K, 0% used [0x00000000e1f80000,0x00000000e1f80000,0x00000000e2980000)
 ParOldGen       total 50688K, used 7512K [0x0000000081a00000, 0x0000000084b80000, 0x00000000d5e00000)
  object space 50688K, 14% used [0x0000000081a00000,0x0000000082156170,0x0000000084b80000)
 Metaspace       used 33106K, capacity 34488K, committed 34560K, reserved 1079296K
  class space    used 4279K, capacity 4564K, committed 4608K, reserved 1048576K
Event: 14.619 GC heap after
Heap after GC invocations=9 (full 1):
 PSYoungGen      total 195584K, used 10208K [0x00000000d5e00000, 0x00000000e4700000, 0x0000000100000000)
  eden space 185344K, 0% used [0x00000000d5e00000,0x00000000d5e00000,0x00000000e1300000)
  from space 10240K, 99% used [0x00000000e1f80000,0x00000000e2978020,0x00000000e2980000)
  to   space 12800K, 0% used [0x00000000e1300000,0x00000000e1300000,0x00000000e1f80000)
 ParOldGen       total 50688K, used 10187K [0x0000000081a00000, 0x0000000084b80000, 0x00000000d5e00000)
  object space 50688K, 20% used [0x0000000081a00000,0x00000000823f2fc0,0x0000000084b80000)
 Metaspace       used 33106K, capacity 34488K, committed 34560K, reserved 1079296K
  class space    used 4279K, capacity 4564K, committed 4608K, reserved 1048576K
}
Event: 16.245 GC heap before
{Heap before GC invocations=10 (full 1):
 PSYoungGen      total 195584K, used 28882K [0x00000000d5e00000, 0x00000000e4700000, 0x0000000100000000)
  eden space 185344K, 10% used [0x00000000d5e00000,0x00000000d703caf0,0x00000000e1300000)
  from space 10240K, 99% used [0x00000000e1f80000,0x00000000e2978020,0x00000000e2980000)
  to   space 12800K, 0% used [0x00000000e1300000,0x00000000e1300000,0x00000000e1f80000)
 ParOldGen       total 50688K, used 10187K [0x0000000081a00000, 0x0000000084b80000, 0x00000000d5e00000)
  object space 50688K, 20% used [0x0000000081a00000,0x00000000823f2fc0,0x0000000084b80000)
 Metaspace       used 33989K, capacity 35370K, committed 35416K, reserved 1079296K
  class space    used 4385K, capacity 4663K, committed 4696K, reserved 1048576K
Event: 16.379 GC heap after
Heap after GC invocations=10 (full 1):
 PSYoungGen      total 198144K, used 9545K [0x00000000d5e00000, 0x00000000e7f00000, 0x0000000100000000)
  eden space 185344K, 0% used [0x00000000d5e00000,0x00000000d5e00000,0x00000000e1300000)
  from space 12800K, 74% used [0x00000000e1300000,0x00000000e1c52600,0x00000000e1f80000)
  to   space 13312K, 0% used [0x00000000e7200000,0x00000000e7200000,0x00000000e7f00000)
 ParOldGen       total 50688K, used 12092K [0x0000000081a00000, 0x0000000084b80000, 0x00000000d5e00000)
  object space 50688K, 23% used [0x0000000081a00000,0x00000000825cf348,0x0000000084b80000)
 Metaspace       used 33989K, capacity 35370K, committed 35416K, reserved 1079296K
  class space    used 4385K, capacity 4663K, committed 4696K, reserved 1048576K
}
Event: 16.379 GC heap before
{Heap before GC invocations=11 (full 2):
 PSYoungGen      total 198144K, used 9545K [0x00000000d5e00000, 0x00000000e7f00000, 0x0000000100000000)
  eden space 185344K, 0% used [0x00000000d5e00000,0x00000000d5e00000,0x00000000e1300000)
  from space 12800K, 74% used [0x00000000e1300000,0x00000000e1c52600,0x00000000e1f80000)
  to   space 13312K, 0% used [0x00000000e7200000,0x00000000e7200000,0x00000000e7f00000)
 ParOldGen       total 50688K, used 12092K [0x0000000081a00000, 0x0000000084b80000, 0x00000000d5e00000)
  object space 50688K, 23% used [0x0000000081a00000,0x00000000825cf348,0x0000000084b80000)
 Metaspace       used 33989K, capacity 35370K, committed 35416K, reserved 1079296K
  class space    used 4385K, capacity 4663K, committed 4696K, reserved 1048576K
Event: 16.659 GC heap after
Heap after GC invocations=11 (full 2):
 PSYoungGen      total 198144K, used 0K [0x00000000d5e00000, 0x00000000e7f00000, 0x0000000100000000)
  eden space 185344K, 0% used [0x00000000d5e00000,0x00000000d5e00000,0x00000000e1300000)
  from space 12800K, 0% used [0x00000000e1300000,0x00000000e1300000,0x00000000e1f80000)
  to   space 13312K, 0% used [0x00000000e7200000,0x00000000e7200000,0x00000000e7f00000)
 ParOldGen       total 76800K, used 15878K [0x0000000081a00000, 0x0000000086500000, 0x00000000d5e00000)
  object space 76800K, 20% used [0x0000000081a00000,0x0000000082981ba8,0x0000000086500000)
 Metaspace       used 33989K, capacity 35370K, committed 35416K, reserved 1079296K
  class space    used 4385K, capacity 4663K, committed 4696K, reserved 1048576K
}
Event: 30.971 GC heap before
{Heap before GC invocations=12 (full 2):
 PSYoungGen      total 198144K, used 185344K [0x00000000d5e00000, 0x00000000e7f00000, 0x0000000100000000)
  eden space 185344K, 100% used [0x00000000d5e00000,0x00000000e1300000,0x00000000e1300000)
  from space 12800K, 0% used [0x00000000e1300000,0x00000000e1300000,0x00000000e1f80000)
  to   space 13312K, 0% used [0x00000000e7200000,0x00000000e7200000,0x00000000e7f00000)
 ParOldGen       total 76800K, used 15878K [0x0000000081a00000, 0x0000000086500000, 0x00000000d5e00000)
  object space 76800K, 20% used [0x0000000081a00000,0x0000000082981ba8,0x0000000086500000)
 Metaspace       used 39432K, capacity 41160K, committed 41304K, reserved 1085440K
  class space    used 5099K, capacity 5446K, committed 5464K, reserved 1048576K
Event: 31.017 GC heap after
Heap after GC invocations=12 (full 2):
 PSYoungGen      total 264704K, used 12634K [0x00000000d5e00000, 0x00000000e7e80000, 0x0000000100000000)
  eden space 251904K, 0% used [0x00000000d5e00000,0x00000000d5e00000,0x00000000e5400000)
  from space 12800K, 98% used [0x00000000e7200000,0x00000000e7e56be8,0x00000000e7e80000)
  to   space 14336K, 0% used [0x00000000e6280000,0x00000000e6280000,0x00000000e7080000)
 ParOldGen       total 76800K, used 15886K [0x0000000081a00000, 0x0000000086500000, 0x00000000d5e00000)
  object space 76800K, 20% used [0x0000000081a00000,0x0000000082983ba8,0x0000000086500000)
 Metaspace       used 39432K, capacity 41160K, committed 41304K, reserved 1085440K
  class space    used 5099K, capacity 5446K, committed 5464K, reserved 1048576K
}

Deoptimization events (10 events):
Event: 32.924 Thread 0x0000000002f85800 Uncommon trap: reason=unstable_if action=reinterpret pc=0x0000000003b78794 method=org.springframework.util.StringUtils.collectionToDelimitedString(Ljava/util/Collection;Ljava/lang/String;Ljava/lang/String;Ljava/lang/String;)Ljava/lang/String; @ 4
Event: 33.109 Thread 0x0000000002f85800 Uncommon trap: reason=unstable_if action=reinterpret pc=0x0000000003f770c4 method=org.springframework.core.annotation.AnnotatedElementUtils.searchWithFindSemantics(Ljava/lang/reflect/AnnotatedElement;Ljava/lang/Class;Ljava/lang/String;Ljava/lang/Class;Lor
Event: 33.110 Thread 0x0000000002f85800 Uncommon trap: reason=unstable_if action=reinterpret pc=0x0000000003469ab4 method=java.util.concurrent.ConcurrentHashMap.transfer([Ljava/util/concurrent/ConcurrentHashMap$Node;[Ljava/util/concurrent/ConcurrentHashMap$Node;)V @ 356
Event: 33.599 Thread 0x0000000002f85800 Uncommon trap: reason=bimorphic action=maybe_recompile pc=0x0000000003ef39c4 method=sun.reflect.generics.reflectiveObjects.WildcardTypeImpl.getUpperBounds()[Ljava/lang/reflect/Type; @ 37
Event: 33.601 Thread 0x0000000002f85800 Uncommon trap: reason=bimorphic action=maybe_recompile pc=0x0000000003ef39c4 method=sun.reflect.generics.reflectiveObjects.WildcardTypeImpl.getUpperBounds()[Ljava/lang/reflect/Type; @ 37
Event: 33.772 Thread 0x0000000002f85800 Uncommon trap: reason=bimorphic action=maybe_recompile pc=0x0000000003ef39c4 method=sun.reflect.generics.reflectiveObjects.WildcardTypeImpl.getUpperBounds()[Ljava/lang/reflect/Type; @ 37
Event: 33.772 Thread 0x0000000002f85800 Uncommon trap: reason=bimorphic action=maybe_recompile pc=0x0000000003ef39c4 method=sun.reflect.generics.reflectiveObjects.WildcardTypeImpl.getUpperBounds()[Ljava/lang/reflect/Type; @ 37
Event: 33.796 Thread 0x0000000002f85800 Uncommon trap: reason=unstable_if action=reinterpret pc=0x0000000003de2fec method=java.util.HashMap.putMapEntries(Ljava/util/Map;Z)V @ 53
Event: 33.846 Thread 0x0000000002f85800 Uncommon trap: reason=unstable_if action=reinterpret pc=0x000000000339a904 method=java.util.WeakHashMap.put(Ljava/lang/Object;Ljava/lang/Object;)Ljava/lang/Object; @ 47
Event: 35.724 Thread 0x0000000002f85800 Uncommon trap: reason=unstable_if action=reinterpret pc=0x00000000039bd220 method=java.io.WinNTFileSystem.isLetter(C)Z @ 3

Classes redefined (0 events):
No events

Internal exceptions (10 events):
Event: 35.716 Thread 0x0000000002f85800 Exception <a 'java/lang/ClassNotFoundException': org/springframework/web/servlet/view/freemarker/FreeMarkerViewResolverCustomizer> (0x00000000df8572d0) thrown at [C:\re\workspace\8-2-build-windows-amd64-cygwin\jdk8u211\12973\hotspot\src\share\vm\classfile
Event: 35.717 Thread 0x0000000002f85800 Exception <a 'java/lang/ClassNotFoundException': org/springframework/core/OrderedCustomizer> (0x00000000df892ad8) thrown at [C:\re\workspace\8-2-build-windows-amd64-cygwin\jdk8u211\12973\hotspot\src\share\vm\classfile\systemDictionary.cpp, line 210]
Event: 35.718 Thread 0x0000000002f85800 Exception <a 'java/lang/ClassNotFoundException': org/springframework/web/servlet/ViewResolverCustomizer> (0x00000000df8b1598) thrown at [C:\re\workspace\8-2-build-windows-amd64-cygwin\jdk8u211\12973\hotspot\src\share\vm\classfile\systemDictionary.cpp, lin
Event: 35.719 Thread 0x0000000002f85800 Exception <a 'java/lang/ClassNotFoundException': org/springframework/web/context/ServletContextAwareCustomizer> (0x00000000df8d3060) thrown at [C:\re\workspace\8-2-build-windows-amd64-cygwin\jdk8u211\12973\hotspot\src\share\vm\classfile\systemDictionary.c
Event: 35.719 Thread 0x0000000002f85800 Exception <a 'java/lang/ClassNotFoundException': org/springframework/context/ApplicationContextAwareCustomizer> (0x00000000df8f52c8) thrown at [C:\re\workspace\8-2-build-windows-amd64-cygwin\jdk8u211\12973\hotspot\src\share\vm\classfile\systemDictionary.c
Event: 35.732 Thread 0x0000000002f85800 Exception <a 'java/lang/ClassNotFoundException': java/lang/ObjectCustomizer> (0x00000000df9c9f80) thrown at [C:\re\workspace\8-2-build-windows-amd64-cygwin\jdk8u211\12973\hotspot\src\share\vm\classfile\systemDictionary.cpp, line 210]
Event: 35.732 Thread 0x0000000002f85800 Exception <a 'java/lang/ClassNotFoundException': org/springframework/context/support/ApplicationObjectSupportCustomizer> (0x00000000df9f1bd0) thrown at [C:\re\workspace\8-2-build-windows-amd64-cygwin\jdk8u211\12973\hotspot\src\share\vm\classfile\systemDic
Event: 35.733 Thread 0x0000000002f85800 Exception <a 'java/lang/ClassNotFoundException': org/springframework/web/context/support/WebApplicationObjectSupportCustomizer> (0x00000000dfa1d6d0) thrown at [C:\re\workspace\8-2-build-windows-amd64-cygwin\jdk8u211\12973\hotspot\src\share\vm\classfile\sy
Event: 35.734 Thread 0x0000000002f85800 Exception <a 'java/lang/ClassNotFoundException': org/springframework/web/servlet/handler/AbstractHandlerMappingCustomizer> (0x00000000dfa44ad0) thrown at [C:\re\workspace\8-2-build-windows-amd64-cygwin\jdk8u211\12973\hotspot\src\share\vm\classfile\systemD
Event: 35.735 Thread 0x0000000002f85800 Exception <a 'java/lang/ClassNotFoundException': org/springframework/web/servlet/handler/AbstractUrlHandlerMappingCustomizer> (0x00000000dfa82340) thrown at [C:\re\workspace\8-2-build-windows-amd64-cygwin\jdk8u211\12973\hotspot\src\share\vm\classfile\syst

Events (10 events):
Event: 35.734 loading class org/springframework/web/servlet/handler/AbstractUrlHandlerMappingCustomizer
Event: 35.734 loading class org/springframework/web/servlet/handler/AbstractUrlHandlerMappingCustomizer done
Event: 35.734 loading class org/springframework/web/servlet/handler/AbstractUrlHandlerMappingCustomizer
Event: 35.734 loading class org/springframework/web/servlet/handler/AbstractUrlHandlerMappingCustomizer done
Event: 35.735 loading class org/springframework/web/servlet/handler/AbstractUrlHandlerMappingCustomizer
Event: 35.735 loading class org/springframework/web/servlet/handler/AbstractUrlHandlerMappingCustomizer done
Event: 35.735 loading class org/springframework/boot/autoconfigure/web/servlet/WelcomePageHandlerMappingCustomizer
Event: 35.735 loading class org/springframework/boot/autoconfigure/web/servlet/WelcomePageHandlerMappingCustomizer done
Event: 35.735 loading class org/springframework/boot/autoconfigure/web/servlet/WelcomePageHandlerMappingCustomizer
Event: 35.735 loading class org/springframework/boot/autoconfigure/web/servlet/WelcomePageHandlerMappingCustomizer done


Dynamic libraries:
0x00007ff7b51e0000 - 0x00007ff7b5217000 	D:\java\jdk1.8.0_211\bin\javaw.exe
0x00007ff80fe40000 - 0x00007ff810030000 	C:\Windows\SYSTEM32\ntdll.dll
0x00007ff80f500000 - 0x00007ff80f5b2000 	C:\Windows\System32\KERNEL32.DLL
0x00007ff80d4d0000 - 0x00007ff80d772000 	C:\Windows\System32\KERNELBASE.dll
0x00007ff80e810000 - 0x00007ff80e8b3000 	C:\Windows\System32\ADVAPI32.dll
0x00007ff80e640000 - 0x00007ff80e6de000 	C:\Windows\System32\msvcrt.dll
0x00007ff80ef40000 - 0x00007ff80efd7000 	C:\Windows\System32\sechost.dll
0x00007ff80e990000 - 0x00007ff80eab0000 	C:\Windows\System32\RPCRT4.dll
0x00007ff80e410000 - 0x00007ff80e5a3000 	C:\Windows\System32\USER32.dll
0x00007ff80d290000 - 0x00007ff80d2b1000 	C:\Windows\System32\win32u.dll
0x00007ff80e3e0000 - 0x00007ff80e406000 	C:\Windows\System32\GDI32.dll
0x00007ff80ce50000 - 0x00007ff80cfe4000 	C:\Windows\System32\gdi32full.dll
0x00007ff80d1f0000 - 0x00007ff80d28e000 	C:\Windows\System32\msvcp_win.dll
0x00007ff80cff0000 - 0x00007ff80d0ea000 	C:\Windows\System32\ucrtbase.dll
0x00007ff804390000 - 0x00007ff804615000 	C:\Windows\WinSxS\amd64_microsoft.windows.common-controls_6595b64144ccf1df_6.0.18362.116_none_e6c4ac41130f2c3a\COMCTL32.dll
0x00007ff80e0a0000 - 0x00007ff80e3d6000 	C:\Windows\System32\combase.dll
0x00007ff80d2c0000 - 0x00007ff80d341000 	C:\Windows\System32\bcryptPrimitives.dll
0x00007ff80e750000 - 0x00007ff80e77e000 	C:\Windows\System32\IMM32.DLL
0x00007ff80b8b0000 - 0x00007ff80b9cb000 	C:\Windows\SYSTEM32\mvshookg_x64.dll
0x00007ff80f5c0000 - 0x00007ff80f716000 	C:\Windows\System32\ole32.dll
0x00007ff80dfd0000 - 0x00007ff80e09f000 	C:\Windows\System32\comdlg32.dll
0x00007ff80efe0000 - 0x00007ff80f089000 	C:\Windows\System32\shcore.dll
0x00007ff80e5c0000 - 0x00007ff80e612000 	C:\Windows\System32\SHLWAPI.dll
0x00007ff80f720000 - 0x00007ff80fe00000 	C:\Windows\System32\SHELL32.dll
0x00007ff80d1a0000 - 0x00007ff80d1ea000 	C:\Windows\System32\cfgmgr32.dll
0x00007ff80d780000 - 0x00007ff80defa000 	C:\Windows\System32\windows.storage.dll
0x00007ff80cd20000 - 0x00007ff80cd3f000 	C:\Windows\System32\profapi.dll
0x00007ff80cd60000 - 0x00007ff80cdaa000 	C:\Windows\System32\powrprof.dll
0x00007ff80cd10000 - 0x00007ff80cd20000 	C:\Windows\System32\UMPDC.dll
0x00007ff80cd40000 - 0x00007ff80cd51000 	C:\Windows\System32\kernel.appcore.dll
0x00007ff80ce30000 - 0x00007ff80ce47000 	C:\Windows\System32\cryptsp.dll
0x00007ff80edf0000 - 0x00007ff80edf8000 	C:\Windows\System32\psapi.dll
0x00007ff80b7e0000 - 0x00007ff80b7f7000 	C:\Windows\SYSTEM32\NETAPI32.dll
0x00007ff80b7b0000 - 0x00007ff80b7d6000 	C:\Windows\SYSTEM32\SRVCLI.DLL
0x000000006f980000 - 0x000000006fa52000 	D:\java\jdk1.8.0_211\jre\bin\msvcr100.dll
0x000000006e540000 - 0x000000006ede5000 	D:\java\jdk1.8.0_211\jre\bin\server\jvm.dll
0x00007ff804040000 - 0x00007ff804049000 	C:\Windows\SYSTEM32\WSOCK32.dll
0x00007ff80e6e0000 - 0x00007ff80e74f000 	C:\Windows\System32\WS2_32.dll
0x00007ff8093f0000 - 0x00007ff809414000 	C:\Windows\SYSTEM32\WINMM.dll
0x00007ff80b750000 - 0x00007ff80b75a000 	C:\Windows\SYSTEM32\VERSION.dll
0x00007ff8093c0000 - 0x00007ff8093ed000 	C:\Windows\SYSTEM32\WINMMBASE.dll
0x00007ff807fb0000 - 0x00007ff807fbf000 	D:\java\jdk1.8.0_211\jre\bin\verify.dll
0x00007ff804360000 - 0x00007ff804389000 	D:\java\jdk1.8.0_211\jre\bin\java.dll
0x00007ff804340000 - 0x00007ff804356000 	D:\java\jdk1.8.0_211\jre\bin\zip.dll
0x00007ff8042d0000 - 0x00007ff8042ea000 	D:\java\jdk1.8.0_211\jre\bin\net.dll
0x00007ff800010000 - 0x00007ff8001e4000 	C:\Windows\SYSTEM32\urlmon.dll
0x00007ff800720000 - 0x00007ff8009c6000 	C:\Windows\SYSTEM32\iertutil.dll
0x00007ff80c750000 - 0x00007ff80c75c000 	C:\Windows\SYSTEM32\CRYPTBASE.DLL
0x00007ff80c580000 - 0x00007ff80c5e7000 	C:\Windows\system32\mswsock.dll
0x00007ff80c2e0000 - 0x00007ff80c31a000 	C:\Windows\SYSTEM32\IPHLPAPI.DLL
0x00007ff80e5b0000 - 0x00007ff80e5b8000 	C:\Windows\System32\NSI.dll
0x00007ff8050a0000 - 0x00007ff8050b6000 	C:\Windows\SYSTEM32\dhcpcsvc6.DLL
0x00007ff805ce0000 - 0x00007ff805cfc000 	C:\Windows\SYSTEM32\dhcpcsvc.DLL
0x00007ff80c320000 - 0x00007ff80c3ea000 	C:\Windows\SYSTEM32\DNSAPI.dll
0x00007ff803fd0000 - 0x00007ff803fda000 	C:\Windows\System32\rasadhlp.dll
0x00007ff804f20000 - 0x00007ff804f97000 	C:\Windows\System32\fwpuclnt.dll
0x000000001bc90000 - 0x000000001bcb6000 	C:\Windows\System32\bcrypt.dll
0x00007ff805fe0000 - 0x00007ff805fed000 	D:\java\jdk1.8.0_211\jre\bin\management.dll
0x00007ffff6c60000 - 0x00007ffff6c76000 	C:\Windows\system32\napinsp.dll
0x00007ffff6c40000 - 0x00007ffff6c5a000 	C:\Windows\system32\pnrpnsp.dll
0x00007ffff6c30000 - 0x00007ffff6c3e000 	C:\Windows\System32\winrnr.dll
0x00007ff8074f0000 - 0x00007ff80750c000 	C:\Windows\system32\NLAapi.dll
0x00007ffff6c10000 - 0x00007ffff6c25000 	C:\Windows\system32\wshbth.dll
0x00007ff8042b0000 - 0x00007ff8042c2000 	D:\java\jdk1.8.0_211\jre\bin\nio.dll
0x00007ff80c140000 - 0x00007ff80c173000 	C:\Windows\system32\rsaenh.dll
0x00007ff80cc30000 - 0x00007ff80cc55000 	C:\Windows\SYSTEM32\USERENV.dll

VM Arguments:
jvm_args: -Dfile.encoding=utf-8 
java_command: kui.eureka_news.EurekaNewsStarter
java_class_path (initial): E:\git\git\graduation\eureka-news\target\classes;D:\mvnRepo\org\springframework\cloud\spring-cloud-starter-netflix-eureka-server\2.0.2.RELEASE\spring-cloud-starter-netflix-eureka-server-2.0.2.RELEASE.jar;D:\mvnRepo\org\springframework\cloud\spring-cloud-starter\2.0.2.RELEASE\spring-cloud-starter-2.0.2.RELEASE.jar;D:\mvnRepo\org\springframework\cloud\spring-cloud-context\2.0.2.RELEASE\spring-cloud-context-2.0.2.RELEASE.jar;D:\mvnRepo\org\springframework\security\spring-security-crypto\5.0.8.RELEASE\spring-security-crypto-5.0.8.RELEASE.jar;D:\mvnRepo\org\springframework\cloud\spring-cloud-commons\2.0.2.RELEASE\spring-cloud-commons-2.0.2.RELEASE.jar;D:\mvnRepo\org\springframework\security\spring-security-rsa\1.0.7.RELEASE\spring-security-rsa-1.0.7.RELEASE.jar;D:\mvnRepo\org\bouncycastle\bcpkix-jdk15on\1.60\bcpkix-jdk15on-1.60.jar;D:\mvnRepo\org\bouncycastle\bcprov-jdk15on\1.60\bcprov-jdk15on-1.60.jar;D:\mvnRepo\org\springframework\cloud\spring-cloud-netflix-eureka-server\2.0.2.RELEASE\spring-cloud-netflix-eureka-server-2.0.2.RELEASE.jar;D:\mvnRepo\org\springframework\boot\spring-boot-starter-web\2.0.5.RELEASE\spring-boot-starter-web-2.0.5.RELEASE.jar;D:\mvnRepo\org\springframework\boot\spring-boot-starter-json\2.0.5.RELEASE\spring-boot-starter-json-2.0.5.RELEASE.jar;D:\mvnRepo\com\fasterxml\jackson\datatype\jackson-datatype-jdk8\2.9.6\jackson-datatype-jdk8-2.9.6.jar;D:\mvnRepo\com\fasterxml\jackson\datatype\jackson-datatype-jsr310\2.9.6\jackson-datatype-jsr310-2.9.6.jar;D:\mvnRepo\com\fasterxml\jackson\module\jackson-module-parameter-names\2.9.6\jackson-module-parameter-names-2.9.6.jar;D:\mvnRepo\org\springframework\boot\spring-boot-starter-tomcat\2.0.5.RELEASE\spring-boot-starter-tomcat-2.0.5.RELEASE.jar;D:\mvnRepo\org\apache\tomcat\embed\tomcat-embed-core\8.5.34\tomcat-embed-core-8.5.34.jar;D:\mvnRepo\org\apache\tomcat\embed\tomcat-embed-el\8.5.34\tomcat-embed-el-8.5.34.jar;D:\mvnRepo\org\apache\tomcat\embed\tomcat-embed-websocket\8.5.34\
Launcher Type: SUN_STANDARD

Environment Variables:
JAVA_HOME=D:\java\jdk1.7
PATH=C:\Windows\system32;C:\Windows;C:\Windows\System32\Wbem;C:\Windows\System32\WindowsPowerShell\v1.0\;C:\Windows\System32\OpenSSH\;D:\db\mysql-8.0.16-winx64\bin;D:\apache-maven-3.6.1\bin;D:\programFiles\Git\cmd;D:\java\jdk1.7\bin;C:\Users\52822\AppData\Local\Microsoft\WindowsApps;
USERNAME=52822
OS=Windows_NT
PROCESSOR_IDENTIFIER=Intel64 Family 6 Model 78 Stepping 3, GenuineIntel



---------------  S Y S T E M  ---------------

OS: Windows 10.0 , 64 bit Build 18362 (10.0.18362.86)

CPU:total 4 (initial active 4) (2 cores per cpu, 2 threads per core) family 6 model 78 stepping 3, cmov, cx8, fxsr, mmx, sse, sse2, sse3, ssse3, sse4.1, sse4.2, popcnt, avx, avx2, aes, clmul, erms, 3dnowpref, lzcnt, ht, tsc, tscinvbit, bmi1, bmi2, adx

Memory: 4k page, physical 8281888k(318124k free), swap 16146460k(6060k free)

vm_info: Java HotSpot(TM) 64-Bit Server VM (25.211-b12) for windows-amd64 JRE (1.8.0_211-b12), built on Apr  1 2019 20:53:26 by "java_re" with MS VC++ 10.0 (VS2010)

time: Tue May 28 16:55:25 2019
timezone: 中国标准时间
elapsed time: 35 seconds (0d 0h 0m 35s)

