#
# There is insufficient memory for the Java Runtime Environment to continue.
# Native memory allocation (malloc) failed to allocate 756816 bytes for Chunk::new
# Possible reasons:
#   The system is out of physical RAM or swap space
#   The process is running with CompressedOops enabled, and the Java Heap may be blocking the growth of the native heap
# Possible solutions:
#   Reduce memory load on the system
#   Increase physical memory or swap space
#   Check if swap backing store is full
#   Decrease Java heap size (-Xmx/-Xms)
#   Decrease number of Java threads
#   Decrease Java thread stack sizes (-Xss)
#   Set larger code cache with -XX:ReservedCodeCacheSize=
#   JVM is running with Unscaled Compressed Oops mode in which the Java heap is
#     placed in the first 4GB address space. The Java Heap base address is the
#     maximum limit for the native heap growth. Please use -XX:HeapBaseMinAddress
#     to set the Java Heap base and to place the Java Heap above 4GB virtual address.
# This output file may be truncated or incomplete.
#
#  Out of Memory Error (allocation.cpp:389), pid=101616, tid=0x0000000000015678
#
# JRE version: Java(TM) SE Runtime Environment (8.0_211-b12) (build 1.8.0_211-b12)
# Java VM: Java HotSpot(TM) 64-Bit Server VM (25.211-b12 mixed mode windows-amd64 compressed oops)
# Failed to write core dump. Minidumps are not enabled by default on client versions of Windows
#

---------------  T H R E A D  ---------------

Current thread (0x000000001755f000):  JavaThread "C2 CompilerThread1" daemon [_thread_in_native, id=87672, stack(0x0000000018fa0000,0x00000000190a0000)]

Stack: [0x0000000018fa0000,0x00000000190a0000]
[error occurred during error reporting (printing stack bounds), id 0xc0000005]

Native frames: (J=compiled Java code, j=interpreted, Vv=VM code, C=native code)


Current CompileTask:
C2: 557404 7191       4       org.springframework.util.StringUtils::cleanPath (281 bytes)


---------------  P R O C E S S  ---------------

Java Threads: ( => current thread )
  0x000000001c2d7000 JavaThread "DestroyJavaVM" [_thread_blocked, id=81412, stack(0x00000000027f0000,0x00000000028f0000)]
  0x000000001c2d3800 JavaThread "http-nio-8000-AsyncTimeout" daemon [_thread_blocked, id=105148, stack(0x0000000025d60000,0x0000000025e60000)]
  0x000000001fa48800 JavaThread "http-nio-8000-Acceptor-0" daemon [_thread_in_native, id=95524, stack(0x0000000025c60000,0x0000000025d60000)]
  0x000000001fa4e800 JavaThread "http-nio-8000-ClientPoller-1" daemon [_thread_in_native, id=68372, stack(0x0000000025b60000,0x0000000025c60000)]
  0x000000001fa4c000 JavaThread "http-nio-8000-ClientPoller-0" daemon [_thread_in_native, id=81916, stack(0x0000000025a60000,0x0000000025b60000)]
  0x000000001fa49000 JavaThread "http-nio-8000-exec-10" daemon [_thread_blocked, id=89920, stack(0x0000000025960000,0x0000000025a60000)]
  0x000000001fa4a800 JavaThread "http-nio-8000-exec-9" daemon [_thread_blocked, id=87844, stack(0x0000000025860000,0x0000000025960000)]
  0x000000001fa47800 JavaThread "http-nio-8000-exec-8" daemon [_thread_blocked, id=100240, stack(0x0000000025760000,0x0000000025860000)]
  0x000000001fa4d000 JavaThread "http-nio-8000-exec-7" daemon [_thread_blocked, id=99624, stack(0x0000000025660000,0x0000000025760000)]
  0x000000001fa4b800 JavaThread "http-nio-8000-exec-6" daemon [_thread_blocked, id=83416, stack(0x0000000025560000,0x0000000025660000)]
  0x000000001fa4d800 JavaThread "http-nio-8000-exec-5" daemon [_thread_blocked, id=89584, stack(0x0000000025460000,0x0000000025560000)]
  0x000000001fa4a000 JavaThread "http-nio-8000-exec-4" daemon [_thread_blocked, id=98996, stack(0x0000000025360000,0x0000000025460000)]
  0x000000001f5e0000 JavaThread "http-nio-8000-exec-3" daemon [_thread_blocked, id=100768, stack(0x0000000025260000,0x0000000025360000)]
  0x000000001f5df000 JavaThread "http-nio-8000-exec-2" daemon [_thread_blocked, id=96216, stack(0x0000000024e90000,0x0000000024f90000)]
  0x000000001f5dd000 JavaThread "http-nio-8000-exec-1" daemon [_thread_blocked, id=66948, stack(0x0000000024d90000,0x0000000024e90000)]
  0x000000001f5dc000 JavaThread "NioBlockingSelector.BlockPoller-1" daemon [_thread_in_native, id=100692, stack(0x0000000024c90000,0x0000000024d90000)]
  0x000000001f5e2000 JavaThread "Eureka-CacheFillTimer" daemon [_thread_blocked, id=83548, stack(0x0000000023bc0000,0x0000000023cc0000)]
  0x000000001f5e0800 JavaThread "Eureka-PeerNodesUpdater" daemon [_thread_blocked, id=99416, stack(0x0000000023ac0000,0x0000000023bc0000)]
  0x000000001f5e1800 JavaThread "TaskNonBatchingWorker-localhost-0" daemon [_thread_blocked, id=99604, stack(0x00000000239c0000,0x0000000023ac0000)]
  0x000000001f5de800 JavaThread "TaskAcceptor-localhost" daemon [_thread_blocked, id=78084, stack(0x00000000238c0000,0x00000000239c0000)]
  0x000000001f5e3000 JavaThread "TaskBatchingWorker-target_localhost-19" daemon [_thread_blocked, id=93260, stack(0x00000000237c0000,0x00000000238c0000)]
  0x000000001f5dd800 JavaThread "TaskBatchingWorker-target_localhost-18" daemon [_thread_blocked, id=102360, stack(0x00000000236c0000,0x00000000237c0000)]
  0x000000001fc00000 JavaThread "TaskBatchingWorker-target_localhost-17" daemon [_thread_blocked, id=104084, stack(0x00000000235c0000,0x00000000236c0000)]
  0x000000001fc07000 JavaThread "TaskBatchingWorker-target_localhost-16" daemon [_thread_blocked, id=88132, stack(0x00000000234c0000,0x00000000235c0000)]
  0x000000001fc05800 JavaThread "TaskBatchingWorker-target_localhost-15" daemon [_thread_blocked, id=106152, stack(0x00000000233c0000,0x00000000234c0000)]
  0x000000001fc02800 JavaThread "TaskBatchingWorker-target_localhost-14" daemon [_thread_blocked, id=96536, stack(0x00000000232c0000,0x00000000233c0000)]
  0x000000001fc01800 JavaThread "TaskBatchingWorker-target_localhost-13" daemon [_thread_blocked, id=93244, stack(0x00000000231c0000,0x00000000232c0000)]
  0x000000001fc01000 JavaThread "TaskBatchingWorker-target_localhost-12" daemon [_thread_blocked, id=104224, stack(0x00000000230c0000,0x00000000231c0000)]
  0x000000001fc04800 JavaThread "TaskBatchingWorker-target_localhost-11" daemon [_thread_blocked, id=84836, stack(0x0000000022fc0000,0x00000000230c0000)]
  0x000000001fc04000 JavaThread "TaskBatchingWorker-target_localhost-10" daemon [_thread_blocked, id=85600, stack(0x0000000022ec0000,0x0000000022fc0000)]
  0x000000001fc03000 JavaThread "TaskBatchingWorker-target_localhost-9" daemon [_thread_blocked, id=92452, stack(0x0000000022dc0000,0x0000000022ec0000)]
  0x000000001fc06000 JavaThread "TaskBatchingWorker-target_localhost-8" daemon [_thread_blocked, id=103956, stack(0x0000000022cc0000,0x0000000022dc0000)]
  0x000000001fbd8000 JavaThread "TaskBatchingWorker-target_localhost-7" daemon [_thread_blocked, id=105972, stack(0x0000000022bc0000,0x0000000022cc0000)]
  0x000000001fbd7800 JavaThread "TaskBatchingWorker-target_localhost-6" daemon [_thread_blocked, id=99476, stack(0x0000000022ac0000,0x0000000022bc0000)]
  0x000000001fbd6800 JavaThread "TaskBatchingWorker-target_localhost-5" daemon [_thread_blocked, id=98272, stack(0x00000000229c0000,0x0000000022ac0000)]
  0x000000001fbd6000 JavaThread "TaskBatchingWorker-target_localhost-4" daemon [_thread_blocked, id=82216, stack(0x00000000228c0000,0x00000000229c0000)]
  0x000000001fbd4800 JavaThread "TaskBatchingWorker-target_localhost-3" daemon [_thread_blocked, id=106204, stack(0x00000000227c0000,0x00000000228c0000)]
  0x000000001fbda800 JavaThread "TaskBatchingWorker-target_localhost-2" daemon [_thread_blocked, id=88332, stack(0x00000000226c0000,0x00000000227c0000)]
  0x000000001fbdb000 JavaThread "TaskBatchingWorker-target_localhost-1" daemon [_thread_blocked, id=105636, stack(0x00000000225c0000,0x00000000226c0000)]
  0x000000001fbd9800 JavaThread "TaskBatchingWorker-target_localhost-0" daemon [_thread_blocked, id=105900, stack(0x00000000224c0000,0x00000000225c0000)]
  0x000000001fbd5000 JavaThread "StatsMonitor-0" daemon [_thread_blocked, id=78776, stack(0x0000000021ad0000,0x0000000021bd0000)]
  0x000000001fbd9000 JavaThread "TaskAcceptor-target_localhost" daemon [_thread_blocked, id=103612, stack(0x0000000021510000,0x0000000021610000)]
  0x00000000193c4000 JavaThread "Eureka-JerseyClient-Conn-Cleaner2" daemon [_thread_blocked, id=77436, stack(0x0000000021410000,0x0000000021510000)]
  0x00000000193c3800 JavaThread "Eureka-MeasureRateTimer" daemon [_thread_blocked, id=105932, stack(0x00000000220c0000,0x00000000221c0000)]
  0x00000000193c2800 JavaThread "ReplicaAwareInstanceRegistry - RenewalThresholdUpdater" daemon [_thread_blocked, id=106040, stack(0x0000000021fc0000,0x00000000220c0000)]
  0x00000000193c1000 JavaThread "Eureka-MeasureRateTimer" daemon [_thread_blocked, id=70124, stack(0x0000000021ec0000,0x0000000021fc0000)]
  0x00000000193c0800 JavaThread "Eureka-EvictionTimer" daemon [_thread_blocked, id=95576, stack(0x0000000021dc0000,0x0000000021ec0000)]
  0x00000000193c2000 JavaThread "Eureka-DeltaRetentionTimer" daemon [_thread_blocked, id=93084, stack(0x0000000021cc0000,0x0000000021dc0000)]
  0x00000000193c5800 JavaThread "container-0" [_thread_blocked, id=105076, stack(0x00000000217d0000,0x00000000218d0000)]
  0x00000000193c6800 JavaThread "ContainerBackgroundProcessor[StandardEngine[Tomcat]]" daemon [_thread_blocked, id=104008, stack(0x00000000216d0000,0x00000000217d0000)]
  0x00000000193c5000 JavaThread "SimplePauseDetectorThread_0" daemon [_thread_blocked, id=98524, stack(0x0000000020f10000,0x0000000021010000)]
  0x00000000193c7000 JavaThread "Thread-5" daemon [_thread_blocked, id=102156, stack(0x00000000209a0000,0x0000000020aa0000)]
  0x000000001ab22000 JavaThread "spring.cloud.inetutils" daemon [_thread_blocked, id=106248, stack(0x00000000203c0000,0x00000000204c0000)]
  0x000000001758e800 JavaThread "Service Thread" daemon [_thread_blocked, id=34316, stack(0x00000000191a0000,0x00000000192a0000)]
  0x0000000017561800 JavaThread "C1 CompilerThread2" daemon [_thread_blocked, id=84944, stack(0x00000000190a0000,0x00000000191a0000)]
=>0x000000001755f000 JavaThread "C2 CompilerThread1" daemon [_thread_in_native, id=87672, stack(0x0000000018fa0000,0x00000000190a0000)]
  0x000000001755c000 JavaThread "C2 CompilerThread0" daemon [_thread_blocked, id=85300, stack(0x0000000018ea0000,0x0000000018fa0000)]
  0x0000000017558000 JavaThread "Attach Listener" daemon [_thread_blocked, id=102948, stack(0x0000000018da0000,0x0000000018ea0000)]
  0x00000000188e3800 JavaThread "Signal Dispatcher" daemon [_thread_blocked, id=99404, stack(0x0000000018ca0000,0x0000000018da0000)]
  0x0000000017520000 JavaThread "Finalizer" daemon [_thread_blocked, id=105896, stack(0x00000000187a0000,0x00000000188a0000)]
  0x00000000029e8800 JavaThread "Reference Handler" daemon [_thread_blocked, id=100408, stack(0x00000000186a0000,0x00000000187a0000)]

Other Threads:
  0x00000000174f7800 VMThread [stack: 0x00000000185a0000,0x00000000186a0000] [id=104924]
  0x000000001893c000 WatcherThread [stack: 0x00000000192a0000,0x00000000193a0000] [id=96136]

VM state:not at safepoint (normal execution)

VM Mutex/Monitor currently owned by a thread: None

heap address: 0x0000000081a00000, size: 2022 MB, Compressed Oops mode: 32-bit
Narrow klass base: 0x0000000000000000, Narrow klass shift: 3
Compressed class space size: 1073741824 Address: 0x0000000100000000

Heap:
 PSYoungGen      total 345088K, used 79649K [0x00000000d5e00000, 0x00000000ec600000, 0x0000000100000000)
  eden space 324096K, 24% used [0x00000000d5e00000,0x00000000dabc8600,0x00000000e9a80000)
  from space 20992K, 0% used [0x00000000e9a80000,0x00000000e9a80000,0x00000000eaf00000)
  to   space 16384K, 0% used [0x00000000eaf00000,0x00000000eaf00000,0x00000000ebf00000)
 ParOldGen       total 101376K, used 33207K [0x0000000081a00000, 0x0000000087d00000, 0x00000000d5e00000)
  object space 101376K, 32% used [0x0000000081a00000,0x0000000083a6dc98,0x0000000087d00000)
 Metaspace       used 58887K, capacity 61487K, committed 61656K, reserved 1101824K
  class space    used 7851K, capacity 8318K, committed 8408K, reserved 1048576K

Card table byte_map: [0x0000000011db0000,0x00000000121b0000] byte_map_base: 0x00000000119a3000

Marking Bits: (ParMarkBitMap*) 0x000000006ed65ce0
 Begin Bits: [0x0000000012860000, 0x00000000147f8000)
 End Bits:   [0x00000000147f8000, 0x0000000016790000)

Polling page: 0x00000000005d0000

CodeCache: size=245760Kb used=20223Kb max_used=20227Kb free=225536Kb
 bounds [0x00000000029f0000, 0x0000000003dd0000, 0x00000000119f0000]
 total_blobs=6678 nmethods=6153 adapters=436
 compilation: enabled

Compilation events (10 events):
Event: 557.366 Thread 0x0000000017561800 7221       3       org.apache.coyote.http11.Http11OutputBuffer::isBlocking (16 bytes)
Event: 557.367 Thread 0x0000000017561800 nmethod 7221 0x0000000003db9410 code [0x0000000003db9560, 0x0000000003db97b0]
Event: 557.369 Thread 0x0000000017561800 7222       1       java.util.AbstractMap$SimpleImmutableEntry::getValue (5 bytes)
Event: 557.369 Thread 0x0000000017561800 nmethod 7222 0x0000000003dc74d0 code [0x0000000003dc7620, 0x0000000003dc7730]
Event: 557.370 Thread 0x0000000017561800 7223       3       org.apache.catalina.connector.OutputBuffer::clear (10 bytes)
Event: 557.370 Thread 0x0000000017561800 nmethod 7223 0x0000000003dc6f50 code [0x0000000003dc70c0, 0x0000000003dc73c8]
Event: 557.370 Thread 0x0000000017561800 7224       3       org.apache.coyote.http11.Http11InputBuffer$HeaderParseData::recycle (21 bytes)
Event: 557.370 Thread 0x0000000017561800 nmethod 7224 0x0000000003dc6bd0 code [0x0000000003dc6d20, 0x0000000003dc6eb0]
Event: 557.370 Thread 0x0000000017561800 7225       3       org.apache.tomcat.util.net.NioEndpoint$NioSocketWrapper::interestOps (7 bytes)
Event: 557.370 Thread 0x0000000017561800 nmethod 7225 0x0000000003dc6890 code [0x0000000003dc69e0, 0x0000000003dc6b30]

GC Heap History (10 events):
Event: 17.189 GC heap before
{Heap before GC invocations=10 (full 2):
 PSYoungGen      total 249344K, used 11233K [0x00000000d5e00000, 0x00000000e6880000, 0x0000000100000000)
  eden space 238080K, 0% used [0x00000000d5e00000,0x00000000d5e00000,0x00000000e4680000)
  from space 11264K, 99% used [0x00000000e5480000,0x00000000e5f785b8,0x00000000e5f80000)
  to   space 14336K, 0% used [0x00000000e4680000,0x00000000e4680000,0x00000000e5480000)
 ParOldGen       total 44544K, used 12257K [0x0000000081a00000, 0x0000000084580000, 0x00000000d5e00000)
  object space 44544K, 27% used [0x0000000081a00000,0x00000000825f8540,0x0000000084580000)
 Metaspace       used 33993K, capacity 35380K, committed 35416K, reserved 1079296K
  class space    used 4376K, capacity 4664K, committed 4696K, reserved 1048576K
Event: 17.301 GC heap after
Heap after GC invocations=10 (full 2):
 PSYoungGen      total 249344K, used 0K [0x00000000d5e00000, 0x00000000e6880000, 0x0000000100000000)
  eden space 238080K, 0% used [0x00000000d5e00000,0x00000000d5e00000,0x00000000e4680000)
  from space 11264K, 0% used [0x00000000e5480000,0x00000000e5480000,0x00000000e5f80000)
  to   space 14336K, 0% used [0x00000000e4680000,0x00000000e4680000,0x00000000e5480000)
 ParOldGen       total 72192K, used 19772K [0x0000000081a00000, 0x0000000086080000, 0x00000000d5e00000)
  object space 72192K, 27% used [0x0000000081a00000,0x0000000082d4f320,0x0000000086080000)
 Metaspace       used 33993K, capacity 35380K, committed 35416K, reserved 1079296K
  class space    used 4376K, capacity 4664K, committed 4696K, reserved 1048576K
}
Event: 21.210 GC heap before
{Heap before GC invocations=11 (full 2):
 PSYoungGen      total 249344K, used 238080K [0x00000000d5e00000, 0x00000000e6880000, 0x0000000100000000)
  eden space 238080K, 100% used [0x00000000d5e00000,0x00000000e4680000,0x00000000e4680000)
  from space 11264K, 0% used [0x00000000e5480000,0x00000000e5480000,0x00000000e5f80000)
  to   space 14336K, 0% used [0x00000000e4680000,0x00000000e4680000,0x00000000e5480000)
 ParOldGen       total 72192K, used 19772K [0x0000000081a00000, 0x0000000086080000, 0x00000000d5e00000)
  object space 72192K, 27% used [0x0000000081a00000,0x0000000082d4f320,0x0000000086080000)
 Metaspace       used 41314K, capacity 43038K, committed 43224K, reserved 1087488K
  class space    used 5421K, capacity 5771K, committed 5848K, reserved 1048576K
Event: 21.228 GC heap after
Heap after GC invocations=11 (full 2):
 PSYoungGen      total 252416K, used 14325K [0x00000000d5e00000, 0x00000000ebf00000, 0x0000000100000000)
  eden space 238080K, 0% used [0x00000000d5e00000,0x00000000d5e00000,0x00000000e4680000)
  from space 14336K, 99% used [0x00000000e4680000,0x00000000e547d798,0x00000000e5480000)
  to   space 16384K, 0% used [0x00000000eaf00000,0x00000000eaf00000,0x00000000ebf00000)
 ParOldGen       total 72192K, used 19945K [0x0000000081a00000, 0x0000000086080000, 0x00000000d5e00000)
  object space 72192K, 27% used [0x0000000081a00000,0x0000000082d7a788,0x0000000086080000)
 Metaspace       used 41314K, capacity 43038K, committed 43224K, reserved 1087488K
  class space    used 5421K, capacity 5771K, committed 5848K, reserved 1048576K
}
Event: 24.595 GC heap before
{Heap before GC invocations=12 (full 2):
 PSYoungGen      total 252416K, used 252405K [0x00000000d5e00000, 0x00000000ebf00000, 0x0000000100000000)
  eden space 238080K, 100% used [0x00000000d5e00000,0x00000000e4680000,0x00000000e4680000)
  from space 14336K, 99% used [0x00000000e4680000,0x00000000e547d798,0x00000000e5480000)
  to   space 16384K, 0% used [0x00000000eaf00000,0x00000000eaf00000,0x00000000ebf00000)
 ParOldGen       total 72192K, used 19945K [0x0000000081a00000, 0x0000000086080000, 0x00000000d5e00000)
  object space 72192K, 27% used [0x0000000081a00000,0x0000000082d7a788,0x0000000086080000)
 Metaspace       used 50947K, capacity 53128K, committed 53336K, reserved 1095680K
  class space    used 6791K, capacity 7182K, committed 7256K, reserved 1048576K
Event: 24.639 GC heap after
Heap after GC invocations=12 (full 2):
 PSYoungGen      total 340480K, used 16376K [0x00000000d5e00000, 0x00000000ec600000, 0x0000000100000000)
  eden space 324096K, 0% used [0x00000000d5e00000,0x00000000d5e00000,0x00000000e9a80000)
  from space 16384K, 99% used [0x00000000eaf00000,0x00000000ebefe050,0x00000000ebf00000)
  to   space 20992K, 0% used [0x00000000e9a80000,0x00000000e9a80000,0x00000000eaf00000)
 ParOldGen       total 72192K, used 26195K [0x0000000081a00000, 0x0000000086080000, 0x00000000d5e00000)
  object space 72192K, 36% used [0x0000000081a00000,0x0000000083394e80,0x0000000086080000)
 Metaspace       used 50947K, capacity 53128K, committed 53336K, reserved 1095680K
  class space    used 6791K, capacity 7182K, committed 7256K, reserved 1048576K
}
Event: 356.271 GC heap before
{Heap before GC invocations=13 (full 2):
 PSYoungGen      total 340480K, used 167651K [0x00000000d5e00000, 0x00000000ec600000, 0x0000000100000000)
  eden space 324096K, 46% used [0x00000000d5e00000,0x00000000df1baf40,0x00000000e9a80000)
  from space 16384K, 99% used [0x00000000eaf00000,0x00000000ebefe050,0x00000000ebf00000)
  to   space 20992K, 0% used [0x00000000e9a80000,0x00000000e9a80000,0x00000000eaf00000)
 ParOldGen       total 72192K, used 26195K [0x0000000081a00000, 0x0000000086080000, 0x00000000d5e00000)
  object space 72192K, 36% used [0x0000000081a00000,0x0000000083394e80,0x0000000086080000)
 Metaspace       used 56496K, capacity 58946K, committed 59028K, reserved 1099776K
  class space    used 7513K, capacity 7945K, committed 8024K, reserved 1048576K
Event: 356.432 GC heap after
Heap after GC invocations=13 (full 2):
 PSYoungGen      total 345088K, used 7274K [0x00000000d5e00000, 0x00000000ec600000, 0x0000000100000000)
  eden space 324096K, 0% used [0x00000000d5e00000,0x00000000d5e00000,0x00000000e9a80000)
  from space 20992K, 34% used [0x00000000e9a80000,0x00000000ea19a8b8,0x00000000eaf00000)
  to   space 16384K, 0% used [0x00000000eaf00000,0x00000000eaf00000,0x00000000ebf00000)
 ParOldGen       total 72192K, used 38129K [0x0000000081a00000, 0x0000000086080000, 0x00000000d5e00000)
  object space 72192K, 52% used [0x0000000081a00000,0x0000000083f3c710,0x0000000086080000)
 Metaspace       used 56496K, capacity 58946K, committed 59028K, reserved 1099776K
  class space    used 7513K, capacity 7945K, committed 8024K, reserved 1048576K
}
Event: 356.432 GC heap before
{Heap before GC invocations=14 (full 3):
 PSYoungGen      total 345088K, used 7274K [0x00000000d5e00000, 0x00000000ec600000, 0x0000000100000000)
  eden space 324096K, 0% used [0x00000000d5e00000,0x00000000d5e00000,0x00000000e9a80000)
  from space 20992K, 34% used [0x00000000e9a80000,0x00000000ea19a8b8,0x00000000eaf00000)
  to   space 16384K, 0% used [0x00000000eaf00000,0x00000000eaf00000,0x00000000ebf00000)
 ParOldGen       total 72192K, used 38129K [0x0000000081a00000, 0x0000000086080000, 0x00000000d5e00000)
  object space 72192K, 52% used [0x0000000081a00000,0x0000000083f3c710,0x0000000086080000)
 Metaspace       used 56496K, capacity 58946K, committed 59028K, reserved 1099776K
  class space    used 7513K, capacity 7945K, committed 8024K, reserved 1048576K
Event: 356.815 GC heap after
Heap after GC invocations=14 (full 3):
 PSYoungGen      total 345088K, used 0K [0x00000000d5e00000, 0x00000000ec600000, 0x0000000100000000)
  eden space 324096K, 0% used [0x00000000d5e00000,0x00000000d5e00000,0x00000000e9a80000)
  from space 20992K, 0% used [0x00000000e9a80000,0x00000000e9a80000,0x00000000eaf00000)
  to   space 16384K, 0% used [0x00000000eaf00000,0x00000000eaf00000,0x00000000ebf00000)
 ParOldGen       total 101376K, used 33207K [0x0000000081a00000, 0x0000000087d00000, 0x00000000d5e00000)
  object space 101376K, 32% used [0x0000000081a00000,0x0000000083a6dc98,0x0000000087d00000)
 Metaspace       used 56496K, capacity 58946K, committed 59028K, reserved 1099776K
  class space    used 7513K, capacity 7945K, committed 8024K, reserved 1048576K
}

Deoptimization events (10 events):
Event: 556.595 Thread 0x000000001f5dd000 Uncommon trap: reason=unstable_if action=reinterpret pc=0x0000000003c8e844 method=org.apache.coyote.http11.Http11InputBuffer.parseHeader()Lorg/apache/coyote/http11/Http11InputBuffer$HeaderParseStatus; @ 539
Event: 556.613 Thread 0x000000001f5dd000 Uncommon trap: reason=class_check action=maybe_recompile pc=0x0000000003c4f6cc method=org.springframework.web.util.UrlPathHelper.determineEncoding(Ljavax/servlet/http/HttpServletRequest;)Ljava/lang/String; @ 1
Event: 556.613 Thread 0x000000001f5dd000 Uncommon trap: reason=class_check action=maybe_recompile pc=0x0000000003c4f6cc method=org.springframework.web.util.UrlPathHelper.determineEncoding(Ljavax/servlet/http/HttpServletRequest;)Ljava/lang/String; @ 1
Event: 556.613 Thread 0x000000001f5dd000 Uncommon trap: reason=class_check action=maybe_recompile pc=0x0000000003c4f6cc method=org.springframework.web.util.UrlPathHelper.determineEncoding(Ljavax/servlet/http/HttpServletRequest;)Ljava/lang/String; @ 1
Event: 556.613 Thread 0x000000001f5dd000 Uncommon trap: reason=class_check action=maybe_recompile pc=0x0000000003c4f6cc method=org.springframework.web.util.UrlPathHelper.determineEncoding(Ljavax/servlet/http/HttpServletRequest;)Ljava/lang/String; @ 1
Event: 556.670 Thread 0x000000001f5dd000 Uncommon trap: reason=bimorphic action=maybe_recompile pc=0x0000000003c6c7dc method=java.util.Collections$UnmodifiableMap.containsKey(Ljava/lang/Object;)Z @ 5
Event: 556.671 Thread 0x000000001f5dd000 Uncommon trap: reason=bimorphic action=maybe_recompile pc=0x0000000003c6c7dc method=java.util.Collections$UnmodifiableMap.containsKey(Ljava/lang/Object;)Z @ 5
Event: 557.230 Thread 0x000000001f5e0000 Uncommon trap: reason=bimorphic action=maybe_recompile pc=0x0000000003d1ea24 method=java.util.TreeMap.compare(Ljava/lang/Object;Ljava/lang/Object;)I @ 12
Event: 557.242 Thread 0x000000001fa4a800 Uncommon trap: reason=bimorphic action=maybe_recompile pc=0x0000000003d1ea24 method=java.util.TreeMap.compare(Ljava/lang/Object;Ljava/lang/Object;)I @ 12
Event: 557.359 Thread 0x000000001fa4a000 Uncommon trap: reason=bimorphic action=maybe_recompile pc=0x0000000003d1ea24 method=java.util.TreeMap.compare(Ljava/lang/Object;Ljava/lang/Object;)I @ 12

Classes redefined (0 events):
No events

Internal exceptions (10 events):
Event: 557.086 Thread 0x000000001f5dd000 Exception <a 'java/lang/ClassNotFoundException': java/util/LinkedHashMap$EntryBeanInfo> (0x00000000daa048f0) thrown at [C:\re\workspace\8-2-build-windows-amd64-cygwin\jdk8u211\12973\hotspot\src\share\vm\classfile\systemDictionary.cpp, line 210]
Event: 557.087 Thread 0x000000001f5dd000 Exception <a 'java/lang/ClassNotFoundException': java/util/HashMap$NodeBeanInfo> (0x00000000daa110a0) thrown at [C:\re\workspace\8-2-build-windows-amd64-cygwin\jdk8u211\12973\hotspot\src\share\vm\classfile\systemDictionary.cpp, line 210]
Event: 557.089 Thread 0x000000001f5dd000 Exception <a 'java/lang/ClassNotFoundException': java/util/HashMap$NodeCustomizer> (0x00000000daa1df70) thrown at [C:\re\workspace\8-2-build-windows-amd64-cygwin\jdk8u211\12973\hotspot\src\share\vm\classfile\systemDictionary.cpp, line 210]
Event: 557.092 Thread 0x000000001f5dd000 Exception <a 'java/lang/ClassNotFoundException': java/util/LinkedHashMap$EntryCustomizer> (0x00000000daa35c28) thrown at [C:\re\workspace\8-2-build-windows-amd64-cygwin\jdk8u211\12973\hotspot\src\share\vm\classfile\systemDictionary.cpp, line 210]
Event: 557.096 Thread 0x000000001f5dd000 Exception <a 'java/lang/ClassNotFoundException': com/netflix/appinfo/InstanceInfo$InstanceStatusBeanInfo> (0x00000000daa5e090) thrown at [C:\re\workspace\8-2-build-windows-amd64-cygwin\jdk8u211\12973\hotspot\src\share\vm\classfile\systemDictionary.cpp, li
Event: 557.098 Thread 0x000000001f5dd000 Exception <a 'java/lang/ClassNotFoundException': java/lang/EnumBeanInfo> (0x00000000daa68f58) thrown at [C:\re\workspace\8-2-build-windows-amd64-cygwin\jdk8u211\12973\hotspot\src\share\vm\classfile\systemDictionary.cpp, line 210]
Event: 557.100 Thread 0x000000001f5dd000 Exception <a 'java/lang/ClassNotFoundException': java/lang/EnumCustomizer> (0x00000000daa74578) thrown at [C:\re\workspace\8-2-build-windows-amd64-cygwin\jdk8u211\12973\hotspot\src\share\vm\classfile\systemDictionary.cpp, line 210]
Event: 557.103 Thread 0x000000001f5dd000 Exception <a 'java/lang/ClassNotFoundException': com/netflix/appinfo/InstanceInfo$InstanceStatusCustomizer> (0x00000000daa9c218) thrown at [C:\re\workspace\8-2-build-windows-amd64-cygwin\jdk8u211\12973\hotspot\src\share\vm\classfile\systemDictionary.cpp, 
Event: 557.106 Thread 0x000000001f5dd000 Exception <a 'java/lang/ClassNotFoundException': com/netflix/eureka/util/StatusInfoBeanInfo> (0x00000000daabeb90) thrown at [C:\re\workspace\8-2-build-windows-amd64-cygwin\jdk8u211\12973\hotspot\src\share\vm\classfile\systemDictionary.cpp, line 210]
Event: 557.107 Thread 0x000000001f5dd000 Exception <a 'java/lang/ClassNotFoundException': com/netflix/eureka/util/StatusInfoCustomizer> (0x00000000daada548) thrown at [C:\re\workspace\8-2-build-windows-amd64-cygwin\jdk8u211\12973\hotspot\src\share\vm\classfile\systemDictionary.cpp, line 210]

Events (10 events):
Event: 557.277 loading class org/springframework/util/StreamUtils done
Event: 557.279 loading class org/springframework/util/StreamUtils$NonClosingOutputStream
Event: 557.279 loading class org/springframework/util/StreamUtils$NonClosingOutputStream done
Event: 557.280 loading class org/springframework/util/StreamUtils$NonClosingInputStream
Event: 557.280 loading class org/springframework/util/StreamUtils$NonClosingInputStream done
Event: 557.355 Executing VM operation: RevokeBias
Event: 557.355 Executing VM operation: RevokeBias done
Event: 557.359 Thread 0x000000001fa4a000 Uncommon trap: trap_request=0xffffffc6 fr.pc=0x0000000003d1ea24
Event: 557.359 Thread 0x000000001fa4a000 DEOPT PACKING pc=0x0000000003d1ea24 sp=0x000000002545dcb0
Event: 557.359 Thread 0x000000001fa4a000 DEOPT UNPACKING pc=0x0000000002a3583b sp=0x000000002545dbf0 mode 2


Dynamic libraries:
0x00007ff7b51e0000 - 0x00007ff7b5217000 	D:\java\jdk1.8.0_211\bin\javaw.exe
0x00007ff80fe40000 - 0x00007ff810030000 	C:\Windows\SYSTEM32\ntdll.dll
0x00007ff80f500000 - 0x00007ff80f5b2000 	C:\Windows\System32\KERNEL32.DLL
0x00007ff80d4d0000 - 0x00007ff80d772000 	C:\Windows\System32\KERNELBASE.dll
0x00007ff80e810000 - 0x00007ff80e8b3000 	C:\Windows\System32\ADVAPI32.dll
0x00007ff80e640000 - 0x00007ff80e6de000 	C:\Windows\System32\msvcrt.dll
0x00007ff80ef40000 - 0x00007ff80efd7000 	C:\Windows\System32\sechost.dll
0x00007ff80e990000 - 0x00007ff80eab0000 	C:\Windows\System32\RPCRT4.dll
0x00007ff80e410000 - 0x00007ff80e5a3000 	C:\Windows\System32\USER32.dll
0x00007ff80d290000 - 0x00007ff80d2b1000 	C:\Windows\System32\win32u.dll
0x00007ff80e3e0000 - 0x00007ff80e406000 	C:\Windows\System32\GDI32.dll
0x00007ff80ce50000 - 0x00007ff80cfe4000 	C:\Windows\System32\gdi32full.dll
0x00007ff80d1f0000 - 0x00007ff80d28e000 	C:\Windows\System32\msvcp_win.dll
0x00007ff80cff0000 - 0x00007ff80d0ea000 	C:\Windows\System32\ucrtbase.dll
0x00007ff804390000 - 0x00007ff804615000 	C:\Windows\WinSxS\amd64_microsoft.windows.common-controls_6595b64144ccf1df_6.0.18362.116_none_e6c4ac41130f2c3a\COMCTL32.dll
0x00007ff80e0a0000 - 0x00007ff80e3d6000 	C:\Windows\System32\combase.dll
0x00007ff80d2c0000 - 0x00007ff80d341000 	C:\Windows\System32\bcryptPrimitives.dll
0x00007ff80e750000 - 0x00007ff80e77e000 	C:\Windows\System32\IMM32.DLL
0x00007ff80b8b0000 - 0x00007ff80b9cb000 	C:\Windows\SYSTEM32\mvshookg_x64.dll
0x00007ff80f5c0000 - 0x00007ff80f716000 	C:\Windows\System32\ole32.dll
0x00007ff80dfd0000 - 0x00007ff80e09f000 	C:\Windows\System32\comdlg32.dll
0x00007ff80efe0000 - 0x00007ff80f089000 	C:\Windows\System32\shcore.dll
0x00007ff80e5c0000 - 0x00007ff80e612000 	C:\Windows\System32\SHLWAPI.dll
0x00007ff80f720000 - 0x00007ff80fe00000 	C:\Windows\System32\SHELL32.dll
0x00007ff80d1a0000 - 0x00007ff80d1ea000 	C:\Windows\System32\cfgmgr32.dll
0x00007ff80d780000 - 0x00007ff80defa000 	C:\Windows\System32\windows.storage.dll
0x00007ff80cd20000 - 0x00007ff80cd3f000 	C:\Windows\System32\profapi.dll
0x00007ff80cd60000 - 0x00007ff80cdaa000 	C:\Windows\System32\powrprof.dll
0x00007ff80cd10000 - 0x00007ff80cd20000 	C:\Windows\System32\UMPDC.dll
0x00007ff80cd40000 - 0x00007ff80cd51000 	C:\Windows\System32\kernel.appcore.dll
0x00007ff80ce30000 - 0x00007ff80ce47000 	C:\Windows\System32\cryptsp.dll
0x00007ff80edf0000 - 0x00007ff80edf8000 	C:\Windows\System32\psapi.dll
0x00007ff80b7e0000 - 0x00007ff80b7f7000 	C:\Windows\SYSTEM32\NETAPI32.dll
0x00007ff80b7b0000 - 0x00007ff80b7d6000 	C:\Windows\SYSTEM32\SRVCLI.DLL
0x000000006f980000 - 0x000000006fa52000 	D:\java\jdk1.8.0_211\jre\bin\msvcr100.dll
0x000000006e540000 - 0x000000006ede5000 	D:\java\jdk1.8.0_211\jre\bin\server\jvm.dll
0x00007ff804040000 - 0x00007ff804049000 	C:\Windows\SYSTEM32\WSOCK32.dll
0x00007ff80e6e0000 - 0x00007ff80e74f000 	C:\Windows\System32\WS2_32.dll
0x00007ff8093f0000 - 0x00007ff809414000 	C:\Windows\SYSTEM32\WINMM.dll
0x00007ff80b750000 - 0x00007ff80b75a000 	C:\Windows\SYSTEM32\VERSION.dll
0x00007ff8093c0000 - 0x00007ff8093ed000 	C:\Windows\SYSTEM32\WINMMBASE.dll
0x00007ff807fb0000 - 0x00007ff807fbf000 	D:\java\jdk1.8.0_211\jre\bin\verify.dll
0x00007ff804360000 - 0x00007ff804389000 	D:\java\jdk1.8.0_211\jre\bin\java.dll
0x00007ff804340000 - 0x00007ff804356000 	D:\java\jdk1.8.0_211\jre\bin\zip.dll
0x00007ff8042d0000 - 0x00007ff8042ea000 	D:\java\jdk1.8.0_211\jre\bin\net.dll
0x00007ff800010000 - 0x00007ff8001e4000 	C:\Windows\SYSTEM32\urlmon.dll
0x00007ff800720000 - 0x00007ff8009c6000 	C:\Windows\SYSTEM32\iertutil.dll
0x00007ff80c750000 - 0x00007ff80c75c000 	C:\Windows\SYSTEM32\CRYPTBASE.DLL
0x00007ff80c580000 - 0x00007ff80c5e7000 	C:\Windows\system32\mswsock.dll
0x00007ff80c2e0000 - 0x00007ff80c31a000 	C:\Windows\SYSTEM32\IPHLPAPI.DLL
0x00007ff80e5b0000 - 0x00007ff80e5b8000 	C:\Windows\System32\NSI.dll
0x00007ff8050a0000 - 0x00007ff8050b6000 	C:\Windows\SYSTEM32\dhcpcsvc6.DLL
0x00007ff805ce0000 - 0x00007ff805cfc000 	C:\Windows\SYSTEM32\dhcpcsvc.DLL
0x00007ff80c320000 - 0x00007ff80c3ea000 	C:\Windows\SYSTEM32\DNSAPI.dll
0x00007ff803fd0000 - 0x00007ff803fda000 	C:\Windows\System32\rasadhlp.dll
0x00007ff804f20000 - 0x00007ff804f97000 	C:\Windows\System32\fwpuclnt.dll
0x00000000009c0000 - 0x00000000009e6000 	C:\Windows\System32\bcrypt.dll
0x00007ff805fe0000 - 0x00007ff805fed000 	D:\java\jdk1.8.0_211\jre\bin\management.dll
0x00007ffff6c60000 - 0x00007ffff6c76000 	C:\Windows\system32\napinsp.dll
0x00007ffff6c40000 - 0x00007ffff6c5a000 	C:\Windows\system32\pnrpnsp.dll
0x00007ffff6c30000 - 0x00007ffff6c3e000 	C:\Windows\System32\winrnr.dll
0x00007ff8074f0000 - 0x00007ff80750c000 	C:\Windows\system32\NLAapi.dll
0x00007ffff6c10000 - 0x00007ffff6c25000 	C:\Windows\system32\wshbth.dll
0x00007ff8042b0000 - 0x00007ff8042c2000 	D:\java\jdk1.8.0_211\jre\bin\nio.dll
0x00007ff80c140000 - 0x00007ff80c173000 	C:\Windows\system32\rsaenh.dll
0x00007ff80cc30000 - 0x00007ff80cc55000 	C:\Windows\SYSTEM32\USERENV.dll
0x00007ff804280000 - 0x00007ff8042a4000 	D:\java\jdk1.8.0_211\jre\bin\sunec.dll

VM Arguments:
jvm_args: -Dfile.encoding=utf-8 
java_command: kui.eureka_center.EurekaCenterStarter
java_class_path (initial): E:\git\git\graduation\eureka-center\target\classes;D:\mvnRepo\org\springframework\cloud\spring-cloud-starter-netflix-eureka-server\2.0.2.RELEASE\spring-cloud-starter-netflix-eureka-server-2.0.2.RELEASE.jar;D:\mvnRepo\org\springframework\cloud\spring-cloud-starter\2.0.2.RELEASE\spring-cloud-starter-2.0.2.RELEASE.jar;D:\mvnRepo\org\springframework\cloud\spring-cloud-context\2.0.2.RELEASE\spring-cloud-context-2.0.2.RELEASE.jar;D:\mvnRepo\org\springframework\security\spring-security-crypto\5.0.8.RELEASE\spring-security-crypto-5.0.8.RELEASE.jar;D:\mvnRepo\org\springframework\cloud\spring-cloud-commons\2.0.2.RELEASE\spring-cloud-commons-2.0.2.RELEASE.jar;D:\mvnRepo\org\springframework\security\spring-security-rsa\1.0.7.RELEASE\spring-security-rsa-1.0.7.RELEASE.jar;D:\mvnRepo\org\bouncycastle\bcpkix-jdk15on\1.60\bcpkix-jdk15on-1.60.jar;D:\mvnRepo\org\bouncycastle\bcprov-jdk15on\1.60\bcprov-jdk15on-1.60.jar;D:\mvnRepo\org\springframework\cloud\spring-cloud-netflix-eureka-server\2.0.2.RELEASE\spring-cloud-netflix-eureka-server-2.0.2.RELEASE.jar;D:\mvnRepo\org\springframework\boot\spring-boot-starter-web\2.0.5.RELEASE\spring-boot-starter-web-2.0.5.RELEASE.jar;D:\mvnRepo\org\springframework\boot\spring-boot-starter-json\2.0.5.RELEASE\spring-boot-starter-json-2.0.5.RELEASE.jar;D:\mvnRepo\com\fasterxml\jackson\datatype\jackson-datatype-jdk8\2.9.6\jackson-datatype-jdk8-2.9.6.jar;D:\mvnRepo\com\fasterxml\jackson\datatype\jackson-datatype-jsr310\2.9.6\jackson-datatype-jsr310-2.9.6.jar;D:\mvnRepo\com\fasterxml\jackson\module\jackson-module-parameter-names\2.9.6\jackson-module-parameter-names-2.9.6.jar;D:\mvnRepo\org\springframework\boot\spring-boot-starter-tomcat\2.0.5.RELEASE\spring-boot-starter-tomcat-2.0.5.RELEASE.jar;D:\mvnRepo\org\apache\tomcat\embed\tomcat-embed-core\8.5.34\tomcat-embed-core-8.5.34.jar;D:\mvnRepo\org\apache\tomcat\embed\tomcat-embed-el\8.5.34\tomcat-embed-el-8.5.34.jar;D:\mvnRepo\org\apache\tomcat\embed\tomcat-embed-websocket\8.5.3
Launcher Type: SUN_STANDARD

Environment Variables:
JAVA_HOME=D:\java\jdk1.7
PATH=C:\Windows\system32;C:\Windows;C:\Windows\System32\Wbem;C:\Windows\System32\WindowsPowerShell\v1.0\;C:\Windows\System32\OpenSSH\;D:\db\mysql-8.0.16-winx64\bin;D:\apache-maven-3.6.1\bin;D:\programFiles\Git\cmd;D:\java\jdk1.7\bin;C:\Users\52822\AppData\Local\Microsoft\WindowsApps;
USERNAME=52822
OS=Windows_NT
PROCESSOR_IDENTIFIER=Intel64 Family 6 Model 78 Stepping 3, GenuineIntel



---------------  S Y S T E M  ---------------

OS: Windows 10.0 , 64 bit Build 18362 (10.0.18362.86)

CPU:total 4 (initial active 4) (2 cores per cpu, 2 threads per core) family 6 model 78 stepping 3, cmov, cx8, fxsr, mmx, sse, sse2, sse3, ssse3, sse4.1, sse4.2, popcnt, avx, avx2, aes, clmul, erms, 3dnowpref, lzcnt, ht, tsc, tscinvbit, bmi1, bmi2, adx

Memory: 4k page, physical 8281888k(172820k free), swap 16146460k(5652k free)

vm_info: Java HotSpot(TM) 64-Bit Server VM (25.211-b12) for windows-amd64 JRE (1.8.0_211-b12), built on Apr  1 2019 20:53:26 by "java_re" with MS VC++ 10.0 (VS2010)

time: Tue May 28 16:59:20 2019
timezone: 中国标准时间
elapsed time: 557 seconds (0d 0h 9m 17s)

